2025-01-06 16:17:27,451 - INFO - 开始获取文件列表...
2025-01-06 16:17:27,458 - INFO - 开始读取和合并数据...
2025-01-06 16:17:35,774 - ERROR - 处理数据时出错: type object 'Config' has no attribute 'CH_COLUMNS'
2025-01-06 16:20:44,704 - INFO - 开始获取文件列表...
2025-01-06 16:20:44,711 - INFO - 开始读取和合并数据...
2025-01-06 16:20:59,508 - INFO - 开始合并所有数据集...
2025-01-06 16:20:59,540 - INFO - 开始清理数据...
2025-01-06 16:20:59,605 - ERROR - 保存数据时出错: NDFrame.to_csv() got an unexpected keyword argument 'dtype'
2025-01-06 16:21:46,964 - INFO - 开始获取文件列表...
2025-01-06 16:21:46,968 - INFO - 开始读取和合并数据...
2025-01-06 16:22:01,476 - INFO - 开始合并所有数据集...
2025-01-06 16:22:01,510 - INFO - 开始清理数据...
2025-01-06 16:22:01,799 - INFO - 开始获取文件列表...
2025-01-06 16:22:01,799 - INFO - 开始获取文件列表...
2025-01-06 16:22:01,799 - INFO - 开始读取和合并数据...
2025-01-06 16:22:01,799 - INFO - 开始读取和合并数据...
2025-01-06 16:22:16,381 - INFO - 开始合并所有数据集...
2025-01-06 16:22:16,381 - INFO - 开始合并所有数据集...
2025-01-06 16:22:16,409 - INFO - 开始清理数据...
2025-01-06 16:22:16,409 - INFO - 开始清理数据...
2025-01-06 16:22:16,687 - INFO - 开始获取文件列表...
2025-01-06 16:22:16,687 - INFO - 开始获取文件列表...
2025-01-06 16:22:16,687 - INFO - 开始获取文件列表...
2025-01-06 16:22:16,862 - INFO - 开始读取和合并数据...
2025-01-06 16:22:16,862 - INFO - 开始读取和合并数据...
2025-01-06 16:22:16,862 - INFO - 开始读取和合并数据...
2025-01-06 16:27:03,178 - INFO - 开始合并所有数据集...
2025-01-06 16:27:03,178 - INFO - 开始合并所有数据集...
2025-01-06 16:27:03,178 - INFO - 开始合并所有数据集...
2025-01-06 16:27:03,725 - INFO - 开始清理数据...
2025-01-06 16:27:03,725 - INFO - 开始清理数据...
2025-01-06 16:27:03,725 - INFO - 开始清理数据...
2025-01-06 16:27:09,065 - INFO - 开始获取文件列表...
2025-01-06 16:27:09,065 - INFO - 开始获取文件列表...
2025-01-06 16:27:09,065 - INFO - 开始获取文件列表...
2025-01-06 16:27:09,065 - INFO - 开始获取文件列表...
2025-01-06 16:27:09,165 - INFO - 开始读取和合并数据...
2025-01-06 16:27:09,165 - INFO - 开始读取和合并数据...
2025-01-06 16:27:09,165 - INFO - 开始读取和合并数据...
2025-01-06 16:27:09,165 - INFO - 开始读取和合并数据...
2025-01-06 16:32:19,614 - INFO - 开始合并所有数据集...
2025-01-06 16:32:19,614 - INFO - 开始合并所有数据集...
2025-01-06 16:32:19,614 - INFO - 开始合并所有数据集...
2025-01-06 16:32:19,614 - INFO - 开始合并所有数据集...
2025-01-06 16:32:20,286 - INFO - 开始清理数据...
2025-01-06 16:32:20,286 - INFO - 开始清理数据...
2025-01-06 16:32:20,286 - INFO - 开始清理数据...
2025-01-06 16:32:20,286 - INFO - 开始清理数据...
2025-01-06 16:32:25,903 - INFO - 开始获取文件列表...
2025-01-06 16:32:25,903 - INFO - 开始获取文件列表...
2025-01-06 16:32:25,903 - INFO - 开始获取文件列表...
2025-01-06 16:32:25,903 - INFO - 开始获取文件列表...
2025-01-06 16:32:25,903 - INFO - 开始获取文件列表...
2025-01-06 16:32:25,977 - INFO - 开始读取和合并数据...
2025-01-06 16:32:25,977 - INFO - 开始读取和合并数据...
2025-01-06 16:32:25,977 - INFO - 开始读取和合并数据...
2025-01-06 16:32:25,977 - INFO - 开始读取和合并数据...
2025-01-06 16:32:25,977 - INFO - 开始读取和合并数据...
2025-01-06 16:42:49,751 - INFO - 开始合并所有数据集...
2025-01-06 16:42:49,751 - INFO - 开始合并所有数据集...
2025-01-06 16:42:49,751 - INFO - 开始合并所有数据集...
2025-01-06 16:42:49,751 - INFO - 开始合并所有数据集...
2025-01-06 16:42:49,751 - INFO - 开始合并所有数据集...
2025-01-06 16:42:51,052 - INFO - 开始清理数据...
2025-01-06 16:42:51,052 - INFO - 开始清理数据...
2025-01-06 16:42:51,052 - INFO - 开始清理数据...
2025-01-06 16:42:51,052 - INFO - 开始清理数据...
2025-01-06 16:42:51,052 - INFO - 开始清理数据...
2025-01-06 16:43:02,642 - INFO - 开始获取文件列表...
2025-01-06 16:43:02,642 - INFO - 开始获取文件列表...
2025-01-06 16:43:02,642 - INFO - 开始获取文件列表...
2025-01-06 16:43:02,642 - INFO - 开始获取文件列表...
2025-01-06 16:43:02,642 - INFO - 开始获取文件列表...
2025-01-06 16:43:02,642 - INFO - 开始获取文件列表...
2025-01-06 16:43:02,696 - INFO - 开始读取和合并数据...
2025-01-06 16:43:02,696 - INFO - 开始读取和合并数据...
2025-01-06 16:43:02,696 - INFO - 开始读取和合并数据...
2025-01-06 16:43:02,696 - INFO - 开始读取和合并数据...
2025-01-06 16:43:02,696 - INFO - 开始读取和合并数据...
2025-01-06 16:43:02,696 - INFO - 开始读取和合并数据...
2025-01-06 16:47:16,198 - INFO - 开始合并所有数据集...
2025-01-06 16:47:16,198 - INFO - 开始合并所有数据集...
2025-01-06 16:47:16,198 - INFO - 开始合并所有数据集...
2025-01-06 16:47:16,198 - INFO - 开始合并所有数据集...
2025-01-06 16:47:16,198 - INFO - 开始合并所有数据集...
2025-01-06 16:47:16,198 - INFO - 开始合并所有数据集...
2025-01-06 16:47:16,673 - INFO - 开始清理数据...
2025-01-06 16:47:16,673 - INFO - 开始清理数据...
2025-01-06 16:47:16,673 - INFO - 开始清理数据...
2025-01-06 16:47:16,673 - INFO - 开始清理数据...
2025-01-06 16:47:16,673 - INFO - 开始清理数据...
2025-01-06 16:47:16,673 - INFO - 开始清理数据...
2025-01-06 16:47:20,768 - INFO - 开始获取文件列表...
2025-01-06 16:47:20,768 - INFO - 开始获取文件列表...
2025-01-06 16:47:20,768 - INFO - 开始获取文件列表...
2025-01-06 16:47:20,768 - INFO - 开始获取文件列表...
2025-01-06 16:47:20,768 - INFO - 开始获取文件列表...
2025-01-06 16:47:20,768 - INFO - 开始获取文件列表...
2025-01-06 16:47:20,768 - INFO - 开始获取文件列表...
2025-01-06 16:47:20,799 - INFO - 开始读取和合并数据...
2025-01-06 16:47:20,799 - INFO - 开始读取和合并数据...
2025-01-06 16:47:20,799 - INFO - 开始读取和合并数据...
2025-01-06 16:47:20,799 - INFO - 开始读取和合并数据...
2025-01-06 16:47:20,799 - INFO - 开始读取和合并数据...
2025-01-06 16:47:20,799 - INFO - 开始读取和合并数据...
2025-01-06 16:47:20,799 - INFO - 开始读取和合并数据...
2025-01-06 16:52:51,996 - INFO - 开始合并所有数据集...
2025-01-06 16:52:51,996 - INFO - 开始合并所有数据集...
2025-01-06 16:52:51,996 - INFO - 开始合并所有数据集...
2025-01-06 16:52:51,996 - INFO - 开始合并所有数据集...
2025-01-06 16:52:51,996 - INFO - 开始合并所有数据集...
2025-01-06 16:52:51,996 - INFO - 开始合并所有数据集...
2025-01-06 16:52:51,996 - INFO - 开始合并所有数据集...
2025-01-06 16:52:52,635 - INFO - 开始清理数据...
2025-01-06 16:52:52,635 - INFO - 开始清理数据...
2025-01-06 16:52:52,635 - INFO - 开始清理数据...
2025-01-06 16:52:52,635 - INFO - 开始清理数据...
2025-01-06 16:52:52,635 - INFO - 开始清理数据...
2025-01-06 16:52:52,635 - INFO - 开始清理数据...
2025-01-06 16:52:52,635 - INFO - 开始清理数据...
2025-01-06 16:52:58,792 - INFO - 开始获取文件列表...
2025-01-06 16:52:58,792 - INFO - 开始获取文件列表...
2025-01-06 16:52:58,792 - INFO - 开始获取文件列表...
2025-01-06 16:52:58,792 - INFO - 开始获取文件列表...
2025-01-06 16:52:58,792 - INFO - 开始获取文件列表...
2025-01-06 16:52:58,792 - INFO - 开始获取文件列表...
2025-01-06 16:52:58,792 - INFO - 开始获取文件列表...
2025-01-06 16:52:58,792 - INFO - 开始获取文件列表...
2025-01-06 16:52:58,906 - INFO - 开始读取和合并数据...
2025-01-06 16:52:58,906 - INFO - 开始读取和合并数据...
2025-01-06 16:52:58,906 - INFO - 开始读取和合并数据...
2025-01-06 16:52:58,906 - INFO - 开始读取和合并数据...
2025-01-06 16:52:58,906 - INFO - 开始读取和合并数据...
2025-01-06 16:52:58,906 - INFO - 开始读取和合并数据...
2025-01-06 16:52:58,906 - INFO - 开始读取和合并数据...
2025-01-06 16:52:58,906 - INFO - 开始读取和合并数据...
2025-01-06 17:04:42,705 - INFO - 开始获取文件列表...
2025-01-06 17:04:42,705 - INFO - 开始获取文件列表...
2025-01-06 17:04:42,705 - INFO - 开始获取文件列表...
2025-01-06 17:04:42,705 - INFO - 开始获取文件列表...
2025-01-06 17:04:42,705 - INFO - 开始获取文件列表...
2025-01-06 17:04:42,705 - INFO - 开始获取文件列表...
2025-01-06 17:04:42,705 - INFO - 开始获取文件列表...
2025-01-06 17:04:42,705 - INFO - 开始获取文件列表...
2025-01-06 17:04:42,799 - INFO - 开始读取和合并数据...
2025-01-06 17:04:42,799 - INFO - 开始读取和合并数据...
2025-01-06 17:04:42,799 - INFO - 开始读取和合并数据...
2025-01-06 17:04:42,799 - INFO - 开始读取和合并数据...
2025-01-06 17:04:42,799 - INFO - 开始读取和合并数据...
2025-01-06 17:04:42,799 - INFO - 开始读取和合并数据...
2025-01-06 17:04:42,799 - INFO - 开始读取和合并数据...
2025-01-06 17:04:42,799 - INFO - 开始读取和合并数据...
2025-01-06 17:12:05,136 - ERROR - 合并文件时出错: Unable to convert column qxi to type float32 (sheet: 0)
2025-01-06 17:12:05,136 - ERROR - 合并文件时出错: Unable to convert column qxi to type float32 (sheet: 0)
2025-01-06 17:12:05,136 - ERROR - 合并文件时出错: Unable to convert column qxi to type float32 (sheet: 0)
2025-01-06 17:12:05,136 - ERROR - 合并文件时出错: Unable to convert column qxi to type float32 (sheet: 0)
2025-01-06 17:12:05,136 - ERROR - 合并文件时出错: Unable to convert column qxi to type float32 (sheet: 0)
2025-01-06 17:12:05,136 - ERROR - 合并文件时出错: Unable to convert column qxi to type float32 (sheet: 0)
2025-01-06 17:12:05,136 - ERROR - 合并文件时出错: Unable to convert column qxi to type float32 (sheet: 0)
2025-01-06 17:12:05,136 - ERROR - 合并文件时出错: Unable to convert column qxi to type float32 (sheet: 0)
2025-01-06 17:12:05,136 - ERROR - 处理数据时出错: Unable to convert column qxi to type float32 (sheet: 0)
2025-01-06 17:12:05,136 - ERROR - 处理数据时出错: Unable to convert column qxi to type float32 (sheet: 0)
2025-01-06 17:12:05,136 - ERROR - 处理数据时出错: Unable to convert column qxi to type float32 (sheet: 0)
2025-01-06 17:12:05,136 - ERROR - 处理数据时出错: Unable to convert column qxi to type float32 (sheet: 0)
2025-01-06 17:12:05,136 - ERROR - 处理数据时出错: Unable to convert column qxi to type float32 (sheet: 0)
2025-01-06 17:12:05,136 - ERROR - 处理数据时出错: Unable to convert column qxi to type float32 (sheet: 0)
2025-01-06 17:12:05,136 - ERROR - 处理数据时出错: Unable to convert column qxi to type float32 (sheet: 0)
2025-01-06 17:12:05,136 - ERROR - 处理数据时出错: Unable to convert column qxi to type float32 (sheet: 0)
2025-01-06 17:19:38,080 - INFO - 开始获取文件列表...
2025-01-06 17:19:38,080 - INFO - 开始获取文件列表...
2025-01-06 17:19:38,080 - INFO - 开始获取文件列表...
2025-01-06 17:19:38,080 - INFO - 开始获取文件列表...
2025-01-06 17:19:38,080 - INFO - 开始获取文件列表...
2025-01-06 17:19:38,080 - INFO - 开始获取文件列表...
2025-01-06 17:19:38,080 - INFO - 开始获取文件列表...
2025-01-06 17:19:38,080 - INFO - 开始获取文件列表...
2025-01-06 17:19:38,184 - INFO - 开始读取和合并数据...
2025-01-06 17:19:38,184 - INFO - 开始读取和合并数据...
2025-01-06 17:19:38,184 - INFO - 开始读取和合并数据...
2025-01-06 17:19:38,184 - INFO - 开始读取和合并数据...
2025-01-06 17:19:38,184 - INFO - 开始读取和合并数据...
2025-01-06 17:19:38,184 - INFO - 开始读取和合并数据...
2025-01-06 17:19:38,184 - INFO - 开始读取和合并数据...
2025-01-06 17:19:38,184 - INFO - 开始读取和合并数据...
2025-01-06 17:33:51,722 - INFO - 开始合并所有数据集...
2025-01-06 17:33:51,722 - INFO - 开始合并所有数据集...
2025-01-06 17:33:51,722 - INFO - 开始合并所有数据集...
2025-01-06 17:33:51,722 - INFO - 开始合并所有数据集...
2025-01-06 17:33:51,722 - INFO - 开始合并所有数据集...
2025-01-06 17:33:51,722 - INFO - 开始合并所有数据集...
2025-01-06 17:33:51,722 - INFO - 开始合并所有数据集...
2025-01-06 17:33:51,722 - INFO - 开始合并所有数据集...
2025-01-06 17:33:53,726 - INFO - 开始清理数据...
2025-01-06 17:33:53,726 - INFO - 开始清理数据...
2025-01-06 17:33:53,726 - INFO - 开始清理数据...
2025-01-06 17:33:53,726 - INFO - 开始清理数据...
2025-01-06 17:33:53,726 - INFO - 开始清理数据...
2025-01-06 17:33:53,726 - INFO - 开始清理数据...
2025-01-06 17:33:53,726 - INFO - 开始清理数据...
2025-01-06 17:33:53,726 - INFO - 开始清理数据...
2025-01-06 17:34:07,656 - INFO - 开始获取文件列表...
2025-01-06 17:34:07,656 - INFO - 开始获取文件列表...
2025-01-06 17:34:07,656 - INFO - 开始获取文件列表...
2025-01-06 17:34:07,656 - INFO - 开始获取文件列表...
2025-01-06 17:34:07,656 - INFO - 开始获取文件列表...
2025-01-06 17:34:07,656 - INFO - 开始获取文件列表...
2025-01-06 17:34:07,656 - INFO - 开始获取文件列表...
2025-01-06 17:34:07,656 - INFO - 开始获取文件列表...
2025-01-06 17:34:07,656 - INFO - 开始获取文件列表...
2025-01-06 17:34:07,658 - INFO - 开始读取和合并数据...
2025-01-06 17:34:07,658 - INFO - 开始读取和合并数据...
2025-01-06 17:34:07,658 - INFO - 开始读取和合并数据...
2025-01-06 17:34:07,658 - INFO - 开始读取和合并数据...
2025-01-06 17:34:07,658 - INFO - 开始读取和合并数据...
2025-01-06 17:34:07,658 - INFO - 开始读取和合并数据...
2025-01-06 17:34:07,658 - INFO - 开始读取和合并数据...
2025-01-06 17:34:07,658 - INFO - 开始读取和合并数据...
2025-01-06 17:34:07,658 - INFO - 开始读取和合并数据...
2025-01-06 17:34:18,843 - INFO - 开始合并所有数据集...
2025-01-06 17:34:18,843 - INFO - 开始合并所有数据集...
2025-01-06 17:34:18,843 - INFO - 开始合并所有数据集...
2025-01-06 17:34:18,843 - INFO - 开始合并所有数据集...
2025-01-06 17:34:18,843 - INFO - 开始合并所有数据集...
2025-01-06 17:34:18,843 - INFO - 开始合并所有数据集...
2025-01-06 17:34:18,843 - INFO - 开始合并所有数据集...
2025-01-06 17:34:18,843 - INFO - 开始合并所有数据集...
2025-01-06 17:34:18,843 - INFO - 开始合并所有数据集...
2025-01-06 17:34:18,869 - INFO - 开始清理数据...
2025-01-06 17:34:18,869 - INFO - 开始清理数据...
2025-01-06 17:34:18,869 - INFO - 开始清理数据...
2025-01-06 17:34:18,869 - INFO - 开始清理数据...
2025-01-06 17:34:18,869 - INFO - 开始清理数据...
2025-01-06 17:34:18,869 - INFO - 开始清理数据...
2025-01-06 17:34:18,869 - INFO - 开始清理数据...
2025-01-06 17:34:18,869 - INFO - 开始清理数据...
2025-01-06 17:34:18,869 - INFO - 开始清理数据...
2025-01-06 17:34:19,134 - INFO - 开始获取文件列表...
2025-01-06 17:34:19,134 - INFO - 开始获取文件列表...
2025-01-06 17:34:19,134 - INFO - 开始获取文件列表...
2025-01-06 17:34:19,134 - INFO - 开始获取文件列表...
2025-01-06 17:34:19,134 - INFO - 开始获取文件列表...
2025-01-06 17:34:19,134 - INFO - 开始获取文件列表...
2025-01-06 17:34:19,134 - INFO - 开始获取文件列表...
2025-01-06 17:34:19,134 - INFO - 开始获取文件列表...
2025-01-06 17:34:19,134 - INFO - 开始获取文件列表...
2025-01-06 17:34:19,134 - INFO - 开始获取文件列表...
2025-01-06 17:34:19,201 - INFO - 开始读取和合并数据...
2025-01-06 17:34:19,201 - INFO - 开始读取和合并数据...
2025-01-06 17:34:19,201 - INFO - 开始读取和合并数据...
2025-01-06 17:34:19,201 - INFO - 开始读取和合并数据...
2025-01-06 17:34:19,201 - INFO - 开始读取和合并数据...
2025-01-06 17:34:19,201 - INFO - 开始读取和合并数据...
2025-01-06 17:34:19,201 - INFO - 开始读取和合并数据...
2025-01-06 17:34:19,201 - INFO - 开始读取和合并数据...
2025-01-06 17:34:19,201 - INFO - 开始读取和合并数据...
2025-01-06 17:34:19,201 - INFO - 开始读取和合并数据...
2025-01-06 17:38:12,916 - INFO - 开始合并所有数据集...
2025-01-06 17:38:12,916 - INFO - 开始合并所有数据集...
2025-01-06 17:38:12,916 - INFO - 开始合并所有数据集...
2025-01-06 17:38:12,916 - INFO - 开始合并所有数据集...
2025-01-06 17:38:12,916 - INFO - 开始合并所有数据集...
2025-01-06 17:38:12,916 - INFO - 开始合并所有数据集...
2025-01-06 17:38:12,916 - INFO - 开始合并所有数据集...
2025-01-06 17:38:12,916 - INFO - 开始合并所有数据集...
2025-01-06 17:38:12,916 - INFO - 开始合并所有数据集...
2025-01-06 17:38:12,916 - INFO - 开始合并所有数据集...
2025-01-06 17:38:13,548 - INFO - 开始清理数据...
2025-01-06 17:38:13,548 - INFO - 开始清理数据...
2025-01-06 17:38:13,548 - INFO - 开始清理数据...
2025-01-06 17:38:13,548 - INFO - 开始清理数据...
2025-01-06 17:38:13,548 - INFO - 开始清理数据...
2025-01-06 17:38:13,548 - INFO - 开始清理数据...
2025-01-06 17:38:13,548 - INFO - 开始清理数据...
2025-01-06 17:38:13,548 - INFO - 开始清理数据...
2025-01-06 17:38:13,548 - INFO - 开始清理数据...
2025-01-06 17:38:13,548 - INFO - 开始清理数据...
2025-01-06 17:38:18,210 - INFO - 开始获取文件列表...
2025-01-06 17:38:18,210 - INFO - 开始获取文件列表...
2025-01-06 17:38:18,210 - INFO - 开始获取文件列表...
2025-01-06 17:38:18,210 - INFO - 开始获取文件列表...
2025-01-06 17:38:18,210 - INFO - 开始获取文件列表...
2025-01-06 17:38:18,210 - INFO - 开始获取文件列表...
2025-01-06 17:38:18,210 - INFO - 开始获取文件列表...
2025-01-06 17:38:18,210 - INFO - 开始获取文件列表...
2025-01-06 17:38:18,210 - INFO - 开始获取文件列表...
2025-01-06 17:38:18,210 - INFO - 开始获取文件列表...
2025-01-06 17:38:18,210 - INFO - 开始获取文件列表...
2025-01-06 17:38:18,290 - INFO - 开始读取和合并数据...
2025-01-06 17:38:18,290 - INFO - 开始读取和合并数据...
2025-01-06 17:38:18,290 - INFO - 开始读取和合并数据...
2025-01-06 17:38:18,290 - INFO - 开始读取和合并数据...
2025-01-06 17:38:18,290 - INFO - 开始读取和合并数据...
2025-01-06 17:38:18,290 - INFO - 开始读取和合并数据...
2025-01-06 17:38:18,290 - INFO - 开始读取和合并数据...
2025-01-06 17:38:18,290 - INFO - 开始读取和合并数据...
2025-01-06 17:38:18,290 - INFO - 开始读取和合并数据...
2025-01-06 17:38:18,290 - INFO - 开始读取和合并数据...
2025-01-06 17:38:18,290 - INFO - 开始读取和合并数据...
2025-01-06 17:41:05,324 - INFO - 开始合并所有数据集...
2025-01-06 17:41:05,324 - INFO - 开始合并所有数据集...
2025-01-06 17:41:05,324 - INFO - 开始合并所有数据集...
2025-01-06 17:41:05,324 - INFO - 开始合并所有数据集...
2025-01-06 17:41:05,324 - INFO - 开始合并所有数据集...
2025-01-06 17:41:05,324 - INFO - 开始合并所有数据集...
2025-01-06 17:41:05,324 - INFO - 开始合并所有数据集...
2025-01-06 17:41:05,324 - INFO - 开始合并所有数据集...
2025-01-06 17:41:05,324 - INFO - 开始合并所有数据集...
2025-01-06 17:41:05,324 - INFO - 开始合并所有数据集...
2025-01-06 17:41:05,324 - INFO - 开始合并所有数据集...
2025-01-06 17:41:05,752 - INFO - 开始清理数据...
2025-01-06 17:41:05,752 - INFO - 开始清理数据...
2025-01-06 17:41:05,752 - INFO - 开始清理数据...
2025-01-06 17:41:05,752 - INFO - 开始清理数据...
2025-01-06 17:41:05,752 - INFO - 开始清理数据...
2025-01-06 17:41:05,752 - INFO - 开始清理数据...
2025-01-06 17:41:05,752 - INFO - 开始清理数据...
2025-01-06 17:41:05,752 - INFO - 开始清理数据...
2025-01-06 17:41:05,752 - INFO - 开始清理数据...
2025-01-06 17:41:05,752 - INFO - 开始清理数据...
2025-01-06 17:41:05,752 - INFO - 开始清理数据...
2025-01-06 17:41:08,395 - INFO - 开始获取文件列表...
2025-01-06 17:41:08,395 - INFO - 开始获取文件列表...
2025-01-06 17:41:08,395 - INFO - 开始获取文件列表...
2025-01-06 17:41:08,395 - INFO - 开始获取文件列表...
2025-01-06 17:41:08,395 - INFO - 开始获取文件列表...
2025-01-06 17:41:08,395 - INFO - 开始获取文件列表...
2025-01-06 17:41:08,395 - INFO - 开始获取文件列表...
2025-01-06 17:41:08,395 - INFO - 开始获取文件列表...
2025-01-06 17:41:08,395 - INFO - 开始获取文件列表...
2025-01-06 17:41:08,395 - INFO - 开始获取文件列表...
2025-01-06 17:41:08,395 - INFO - 开始获取文件列表...
2025-01-06 17:41:08,395 - INFO - 开始获取文件列表...
2025-01-06 17:41:08,490 - INFO - 开始读取和合并数据...
2025-01-06 17:41:08,490 - INFO - 开始读取和合并数据...
2025-01-06 17:41:08,490 - INFO - 开始读取和合并数据...
2025-01-06 17:41:08,490 - INFO - 开始读取和合并数据...
2025-01-06 17:41:08,490 - INFO - 开始读取和合并数据...
2025-01-06 17:41:08,490 - INFO - 开始读取和合并数据...
2025-01-06 17:41:08,490 - INFO - 开始读取和合并数据...
2025-01-06 17:41:08,490 - INFO - 开始读取和合并数据...
2025-01-06 17:41:08,490 - INFO - 开始读取和合并数据...
2025-01-06 17:41:08,490 - INFO - 开始读取和合并数据...
2025-01-06 17:41:08,490 - INFO - 开始读取和合并数据...
2025-01-06 17:41:08,490 - INFO - 开始读取和合并数据...
2025-01-06 17:45:38,537 - INFO - 开始合并所有数据集...
2025-01-06 17:45:38,537 - INFO - 开始合并所有数据集...
2025-01-06 17:45:38,537 - INFO - 开始合并所有数据集...
2025-01-06 17:45:38,537 - INFO - 开始合并所有数据集...
2025-01-06 17:45:38,537 - INFO - 开始合并所有数据集...
2025-01-06 17:45:38,537 - INFO - 开始合并所有数据集...
2025-01-06 17:45:38,537 - INFO - 开始合并所有数据集...
2025-01-06 17:45:38,537 - INFO - 开始合并所有数据集...
2025-01-06 17:45:38,537 - INFO - 开始合并所有数据集...
2025-01-06 17:45:38,537 - INFO - 开始合并所有数据集...
2025-01-06 17:45:38,537 - INFO - 开始合并所有数据集...
2025-01-06 17:45:38,537 - INFO - 开始合并所有数据集...
2025-01-06 17:45:39,089 - INFO - 开始清理数据...
2025-01-06 17:45:39,089 - INFO - 开始清理数据...
2025-01-06 17:45:39,089 - INFO - 开始清理数据...
2025-01-06 17:45:39,089 - INFO - 开始清理数据...
2025-01-06 17:45:39,089 - INFO - 开始清理数据...
2025-01-06 17:45:39,089 - INFO - 开始清理数据...
2025-01-06 17:45:39,089 - INFO - 开始清理数据...
2025-01-06 17:45:39,089 - INFO - 开始清理数据...
2025-01-06 17:45:39,089 - INFO - 开始清理数据...
2025-01-06 17:45:39,089 - INFO - 开始清理数据...
2025-01-06 17:45:39,089 - INFO - 开始清理数据...
2025-01-06 17:45:39,089 - INFO - 开始清理数据...
2025-01-06 17:45:43,650 - INFO - 开始获取文件列表...
2025-01-06 17:45:43,650 - INFO - 开始获取文件列表...
2025-01-06 17:45:43,650 - INFO - 开始获取文件列表...
2025-01-06 17:45:43,650 - INFO - 开始获取文件列表...
2025-01-06 17:45:43,650 - INFO - 开始获取文件列表...
2025-01-06 17:45:43,650 - INFO - 开始获取文件列表...
2025-01-06 17:45:43,650 - INFO - 开始获取文件列表...
2025-01-06 17:45:43,650 - INFO - 开始获取文件列表...
2025-01-06 17:45:43,650 - INFO - 开始获取文件列表...
2025-01-06 17:45:43,650 - INFO - 开始获取文件列表...
2025-01-06 17:45:43,650 - INFO - 开始获取文件列表...
2025-01-06 17:45:43,650 - INFO - 开始获取文件列表...
2025-01-06 17:45:43,650 - INFO - 开始获取文件列表...
2025-01-06 17:45:43,713 - INFO - 开始读取和合并数据...
2025-01-06 17:45:43,713 - INFO - 开始读取和合并数据...
2025-01-06 17:45:43,713 - INFO - 开始读取和合并数据...
2025-01-06 17:45:43,713 - INFO - 开始读取和合并数据...
2025-01-06 17:45:43,713 - INFO - 开始读取和合并数据...
2025-01-06 17:45:43,713 - INFO - 开始读取和合并数据...
2025-01-06 17:45:43,713 - INFO - 开始读取和合并数据...
2025-01-06 17:45:43,713 - INFO - 开始读取和合并数据...
2025-01-06 17:45:43,713 - INFO - 开始读取和合并数据...
2025-01-06 17:45:43,713 - INFO - 开始读取和合并数据...
2025-01-06 17:45:43,713 - INFO - 开始读取和合并数据...
2025-01-06 17:45:43,713 - INFO - 开始读取和合并数据...
2025-01-06 17:45:43,713 - INFO - 开始读取和合并数据...
2025-01-06 17:48:21,555 - INFO - 开始合并所有数据集...
2025-01-06 17:48:21,555 - INFO - 开始合并所有数据集...
2025-01-06 17:48:21,555 - INFO - 开始合并所有数据集...
2025-01-06 17:48:21,555 - INFO - 开始合并所有数据集...
2025-01-06 17:48:21,555 - INFO - 开始合并所有数据集...
2025-01-06 17:48:21,555 - INFO - 开始合并所有数据集...
2025-01-06 17:48:21,555 - INFO - 开始合并所有数据集...
2025-01-06 17:48:21,555 - INFO - 开始合并所有数据集...
2025-01-06 17:48:21,555 - INFO - 开始合并所有数据集...
2025-01-06 17:48:21,555 - INFO - 开始合并所有数据集...
2025-01-06 17:48:21,555 - INFO - 开始合并所有数据集...
2025-01-06 17:48:21,555 - INFO - 开始合并所有数据集...
2025-01-06 17:48:21,555 - INFO - 开始合并所有数据集...
2025-01-06 17:48:21,961 - INFO - 开始清理数据...
2025-01-06 17:48:21,961 - INFO - 开始清理数据...
2025-01-06 17:48:21,961 - INFO - 开始清理数据...
2025-01-06 17:48:21,961 - INFO - 开始清理数据...
2025-01-06 17:48:21,961 - INFO - 开始清理数据...
2025-01-06 17:48:21,961 - INFO - 开始清理数据...
2025-01-06 17:48:21,961 - INFO - 开始清理数据...
2025-01-06 17:48:21,961 - INFO - 开始清理数据...
2025-01-06 17:48:21,961 - INFO - 开始清理数据...
2025-01-06 17:48:21,961 - INFO - 开始清理数据...
2025-01-06 17:48:21,961 - INFO - 开始清理数据...
2025-01-06 17:48:21,961 - INFO - 开始清理数据...
2025-01-06 17:48:21,961 - INFO - 开始清理数据...
2025-01-06 17:48:25,381 - INFO - 开始获取文件列表...
2025-01-06 17:48:25,381 - INFO - 开始获取文件列表...
2025-01-06 17:48:25,381 - INFO - 开始获取文件列表...
2025-01-06 17:48:25,381 - INFO - 开始获取文件列表...
2025-01-06 17:48:25,381 - INFO - 开始获取文件列表...
2025-01-06 17:48:25,381 - INFO - 开始获取文件列表...
2025-01-06 17:48:25,381 - INFO - 开始获取文件列表...
2025-01-06 17:48:25,381 - INFO - 开始获取文件列表...
2025-01-06 17:48:25,381 - INFO - 开始获取文件列表...
2025-01-06 17:48:25,381 - INFO - 开始获取文件列表...
2025-01-06 17:48:25,381 - INFO - 开始获取文件列表...
2025-01-06 17:48:25,381 - INFO - 开始获取文件列表...
2025-01-06 17:48:25,381 - INFO - 开始获取文件列表...
2025-01-06 17:48:25,381 - INFO - 开始获取文件列表...
2025-01-06 17:48:25,459 - INFO - 开始读取和合并数据...
2025-01-06 17:48:25,459 - INFO - 开始读取和合并数据...
2025-01-06 17:48:25,459 - INFO - 开始读取和合并数据...
2025-01-06 17:48:25,459 - INFO - 开始读取和合并数据...
2025-01-06 17:48:25,459 - INFO - 开始读取和合并数据...
2025-01-06 17:48:25,459 - INFO - 开始读取和合并数据...
2025-01-06 17:48:25,459 - INFO - 开始读取和合并数据...
2025-01-06 17:48:25,459 - INFO - 开始读取和合并数据...
2025-01-06 17:48:25,459 - INFO - 开始读取和合并数据...
2025-01-06 17:48:25,459 - INFO - 开始读取和合并数据...
2025-01-06 17:48:25,459 - INFO - 开始读取和合并数据...
2025-01-06 17:48:25,459 - INFO - 开始读取和合并数据...
2025-01-06 17:48:25,459 - INFO - 开始读取和合并数据...
2025-01-06 17:48:25,459 - INFO - 开始读取和合并数据...
2025-01-06 17:52:06,527 - INFO - 开始合并所有数据集...
2025-01-06 17:52:06,527 - INFO - 开始合并所有数据集...
2025-01-06 17:52:06,527 - INFO - 开始合并所有数据集...
2025-01-06 17:52:06,527 - INFO - 开始合并所有数据集...
2025-01-06 17:52:06,527 - INFO - 开始合并所有数据集...
2025-01-06 17:52:06,527 - INFO - 开始合并所有数据集...
2025-01-06 17:52:06,527 - INFO - 开始合并所有数据集...
2025-01-06 17:52:06,527 - INFO - 开始合并所有数据集...
2025-01-06 17:52:06,527 - INFO - 开始合并所有数据集...
2025-01-06 17:52:06,527 - INFO - 开始合并所有数据集...
2025-01-06 17:52:06,527 - INFO - 开始合并所有数据集...
2025-01-06 17:52:06,527 - INFO - 开始合并所有数据集...
2025-01-06 17:52:06,527 - INFO - 开始合并所有数据集...
2025-01-06 17:52:06,527 - INFO - 开始合并所有数据集...
2025-01-06 17:52:06,986 - INFO - 开始清理数据...
2025-01-06 17:52:06,986 - INFO - 开始清理数据...
2025-01-06 17:52:06,986 - INFO - 开始清理数据...
2025-01-06 17:52:06,986 - INFO - 开始清理数据...
2025-01-06 17:52:06,986 - INFO - 开始清理数据...
2025-01-06 17:52:06,986 - INFO - 开始清理数据...
2025-01-06 17:52:06,986 - INFO - 开始清理数据...
2025-01-06 17:52:06,986 - INFO - 开始清理数据...
2025-01-06 17:52:06,986 - INFO - 开始清理数据...
2025-01-06 17:52:06,986 - INFO - 开始清理数据...
2025-01-06 17:52:06,986 - INFO - 开始清理数据...
2025-01-06 17:52:06,986 - INFO - 开始清理数据...
2025-01-06 17:52:06,986 - INFO - 开始清理数据...
2025-01-06 17:52:06,986 - INFO - 开始清理数据...
2025-01-06 17:52:10,873 - INFO - 开始获取文件列表...
2025-01-06 17:52:10,873 - INFO - 开始获取文件列表...
2025-01-06 17:52:10,873 - INFO - 开始获取文件列表...
2025-01-06 17:52:10,873 - INFO - 开始获取文件列表...
2025-01-06 17:52:10,873 - INFO - 开始获取文件列表...
2025-01-06 17:52:10,873 - INFO - 开始获取文件列表...
2025-01-06 17:52:10,873 - INFO - 开始获取文件列表...
2025-01-06 17:52:10,873 - INFO - 开始获取文件列表...
2025-01-06 17:52:10,873 - INFO - 开始获取文件列表...
2025-01-06 17:52:10,873 - INFO - 开始获取文件列表...
2025-01-06 17:52:10,873 - INFO - 开始获取文件列表...
2025-01-06 17:52:10,873 - INFO - 开始获取文件列表...
2025-01-06 17:52:10,873 - INFO - 开始获取文件列表...
2025-01-06 17:52:10,873 - INFO - 开始获取文件列表...
2025-01-06 17:52:10,873 - INFO - 开始获取文件列表...
2025-01-06 17:52:11,031 - INFO - 开始读取和合并数据...
2025-01-06 17:52:11,031 - INFO - 开始读取和合并数据...
2025-01-06 17:52:11,031 - INFO - 开始读取和合并数据...
2025-01-06 17:52:11,031 - INFO - 开始读取和合并数据...
2025-01-06 17:52:11,031 - INFO - 开始读取和合并数据...
2025-01-06 17:52:11,031 - INFO - 开始读取和合并数据...
2025-01-06 17:52:11,031 - INFO - 开始读取和合并数据...
2025-01-06 17:52:11,031 - INFO - 开始读取和合并数据...
2025-01-06 17:52:11,031 - INFO - 开始读取和合并数据...
2025-01-06 17:52:11,031 - INFO - 开始读取和合并数据...
2025-01-06 17:52:11,031 - INFO - 开始读取和合并数据...
2025-01-06 17:52:11,031 - INFO - 开始读取和合并数据...
2025-01-06 17:52:11,031 - INFO - 开始读取和合并数据...
2025-01-06 17:52:11,031 - INFO - 开始读取和合并数据...
2025-01-06 17:52:11,031 - INFO - 开始读取和合并数据...
2025-01-06 17:58:16,285 - INFO - 开始合并所有数据集...
2025-01-06 17:58:16,285 - INFO - 开始合并所有数据集...
2025-01-06 17:58:16,285 - INFO - 开始合并所有数据集...
2025-01-06 17:58:16,285 - INFO - 开始合并所有数据集...
2025-01-06 17:58:16,285 - INFO - 开始合并所有数据集...
2025-01-06 17:58:16,285 - INFO - 开始合并所有数据集...
2025-01-06 17:58:16,285 - INFO - 开始合并所有数据集...
2025-01-06 17:58:16,285 - INFO - 开始合并所有数据集...
2025-01-06 17:58:16,285 - INFO - 开始合并所有数据集...
2025-01-06 17:58:16,285 - INFO - 开始合并所有数据集...
2025-01-06 17:58:16,285 - INFO - 开始合并所有数据集...
2025-01-06 17:58:16,285 - INFO - 开始合并所有数据集...
2025-01-06 17:58:16,285 - INFO - 开始合并所有数据集...
2025-01-06 17:58:16,285 - INFO - 开始合并所有数据集...
2025-01-06 17:58:16,285 - INFO - 开始合并所有数据集...
2025-01-06 17:58:17,111 - INFO - 开始清理数据...
2025-01-06 17:58:17,111 - INFO - 开始清理数据...
2025-01-06 17:58:17,111 - INFO - 开始清理数据...
2025-01-06 17:58:17,111 - INFO - 开始清理数据...
2025-01-06 17:58:17,111 - INFO - 开始清理数据...
2025-01-06 17:58:17,111 - INFO - 开始清理数据...
2025-01-06 17:58:17,111 - INFO - 开始清理数据...
2025-01-06 17:58:17,111 - INFO - 开始清理数据...
2025-01-06 17:58:17,111 - INFO - 开始清理数据...
2025-01-06 17:58:17,111 - INFO - 开始清理数据...
2025-01-06 17:58:17,111 - INFO - 开始清理数据...
2025-01-06 17:58:17,111 - INFO - 开始清理数据...
2025-01-06 17:58:17,111 - INFO - 开始清理数据...
2025-01-06 17:58:17,111 - INFO - 开始清理数据...
2025-01-06 17:58:17,111 - INFO - 开始清理数据...
2025-01-06 17:58:23,724 - INFO - 开始获取文件列表...
2025-01-06 17:58:23,724 - INFO - 开始获取文件列表...
2025-01-06 17:58:23,724 - INFO - 开始获取文件列表...
2025-01-06 17:58:23,724 - INFO - 开始获取文件列表...
2025-01-06 17:58:23,724 - INFO - 开始获取文件列表...
2025-01-06 17:58:23,724 - INFO - 开始获取文件列表...
2025-01-06 17:58:23,724 - INFO - 开始获取文件列表...
2025-01-06 17:58:23,724 - INFO - 开始获取文件列表...
2025-01-06 17:58:23,724 - INFO - 开始获取文件列表...
2025-01-06 17:58:23,724 - INFO - 开始获取文件列表...
2025-01-06 17:58:23,724 - INFO - 开始获取文件列表...
2025-01-06 17:58:23,724 - INFO - 开始获取文件列表...
2025-01-06 17:58:23,724 - INFO - 开始获取文件列表...
2025-01-06 17:58:23,724 - INFO - 开始获取文件列表...
2025-01-06 17:58:23,724 - INFO - 开始获取文件列表...
2025-01-06 17:58:23,724 - INFO - 开始获取文件列表...
2025-01-06 17:58:23,977 - INFO - 开始读取和合并数据...
2025-01-06 17:58:23,977 - INFO - 开始读取和合并数据...
2025-01-06 17:58:23,977 - INFO - 开始读取和合并数据...
2025-01-06 17:58:23,977 - INFO - 开始读取和合并数据...
2025-01-06 17:58:23,977 - INFO - 开始读取和合并数据...
2025-01-06 17:58:23,977 - INFO - 开始读取和合并数据...
2025-01-06 17:58:23,977 - INFO - 开始读取和合并数据...
2025-01-06 17:58:23,977 - INFO - 开始读取和合并数据...
2025-01-06 17:58:23,977 - INFO - 开始读取和合并数据...
2025-01-06 17:58:23,977 - INFO - 开始读取和合并数据...
2025-01-06 17:58:23,977 - INFO - 开始读取和合并数据...
2025-01-06 17:58:23,977 - INFO - 开始读取和合并数据...
2025-01-06 17:58:23,977 - INFO - 开始读取和合并数据...
2025-01-06 17:58:23,977 - INFO - 开始读取和合并数据...
2025-01-06 17:58:23,977 - INFO - 开始读取和合并数据...
2025-01-06 17:58:23,977 - INFO - 开始读取和合并数据...
2025-01-06 18:05:09,430 - INFO - 开始合并所有数据集...
2025-01-06 18:05:09,430 - INFO - 开始合并所有数据集...
2025-01-06 18:05:09,430 - INFO - 开始合并所有数据集...
2025-01-06 18:05:09,430 - INFO - 开始合并所有数据集...
2025-01-06 18:05:09,430 - INFO - 开始合并所有数据集...
2025-01-06 18:05:09,430 - INFO - 开始合并所有数据集...
2025-01-06 18:05:09,430 - INFO - 开始合并所有数据集...
2025-01-06 18:05:09,430 - INFO - 开始合并所有数据集...
2025-01-06 18:05:09,430 - INFO - 开始合并所有数据集...
2025-01-06 18:05:09,430 - INFO - 开始合并所有数据集...
2025-01-06 18:05:09,430 - INFO - 开始合并所有数据集...
2025-01-06 18:05:09,430 - INFO - 开始合并所有数据集...
2025-01-06 18:05:09,430 - INFO - 开始合并所有数据集...
2025-01-06 18:05:09,430 - INFO - 开始合并所有数据集...
2025-01-06 18:05:09,430 - INFO - 开始合并所有数据集...
2025-01-06 18:05:09,430 - INFO - 开始合并所有数据集...
2025-01-06 18:05:10,429 - INFO - 开始清理数据...
2025-01-06 18:05:10,429 - INFO - 开始清理数据...
2025-01-06 18:05:10,429 - INFO - 开始清理数据...
2025-01-06 18:05:10,429 - INFO - 开始清理数据...
2025-01-06 18:05:10,429 - INFO - 开始清理数据...
2025-01-06 18:05:10,429 - INFO - 开始清理数据...
2025-01-06 18:05:10,429 - INFO - 开始清理数据...
2025-01-06 18:05:10,429 - INFO - 开始清理数据...
2025-01-06 18:05:10,429 - INFO - 开始清理数据...
2025-01-06 18:05:10,429 - INFO - 开始清理数据...
2025-01-06 18:05:10,429 - INFO - 开始清理数据...
2025-01-06 18:05:10,429 - INFO - 开始清理数据...
2025-01-06 18:05:10,429 - INFO - 开始清理数据...
2025-01-06 18:05:10,429 - INFO - 开始清理数据...
2025-01-06 18:05:10,429 - INFO - 开始清理数据...
2025-01-06 18:05:10,429 - INFO - 开始清理数据...
2025-01-06 18:05:16,906 - INFO - 开始获取文件列表...
2025-01-06 18:05:16,906 - INFO - 开始获取文件列表...
2025-01-06 18:05:16,906 - INFO - 开始获取文件列表...
2025-01-06 18:05:16,906 - INFO - 开始获取文件列表...
2025-01-06 18:05:16,906 - INFO - 开始获取文件列表...
2025-01-06 18:05:16,906 - INFO - 开始获取文件列表...
2025-01-06 18:05:16,906 - INFO - 开始获取文件列表...
2025-01-06 18:05:16,906 - INFO - 开始获取文件列表...
2025-01-06 18:05:16,906 - INFO - 开始获取文件列表...
2025-01-06 18:05:16,906 - INFO - 开始获取文件列表...
2025-01-06 18:05:16,906 - INFO - 开始获取文件列表...
2025-01-06 18:05:16,906 - INFO - 开始获取文件列表...
2025-01-06 18:05:16,906 - INFO - 开始获取文件列表...
2025-01-06 18:05:16,906 - INFO - 开始获取文件列表...
2025-01-06 18:05:16,906 - INFO - 开始获取文件列表...
2025-01-06 18:05:16,906 - INFO - 开始获取文件列表...
2025-01-06 18:05:16,906 - INFO - 开始获取文件列表...
2025-01-06 18:05:16,971 - INFO - 开始读取和合并数据...
2025-01-06 18:05:16,971 - INFO - 开始读取和合并数据...
2025-01-06 18:05:16,971 - INFO - 开始读取和合并数据...
2025-01-06 18:05:16,971 - INFO - 开始读取和合并数据...
2025-01-06 18:05:16,971 - INFO - 开始读取和合并数据...
2025-01-06 18:05:16,971 - INFO - 开始读取和合并数据...
2025-01-06 18:05:16,971 - INFO - 开始读取和合并数据...
2025-01-06 18:05:16,971 - INFO - 开始读取和合并数据...
2025-01-06 18:05:16,971 - INFO - 开始读取和合并数据...
2025-01-06 18:05:16,971 - INFO - 开始读取和合并数据...
2025-01-06 18:05:16,971 - INFO - 开始读取和合并数据...
2025-01-06 18:05:16,971 - INFO - 开始读取和合并数据...
2025-01-06 18:05:16,971 - INFO - 开始读取和合并数据...
2025-01-06 18:05:16,971 - INFO - 开始读取和合并数据...
2025-01-06 18:05:16,971 - INFO - 开始读取和合并数据...
2025-01-06 18:05:16,971 - INFO - 开始读取和合并数据...
2025-01-06 18:05:16,971 - INFO - 开始读取和合并数据...
2025-01-06 18:10:45,752 - INFO - 开始合并所有数据集...
2025-01-06 18:10:45,752 - INFO - 开始合并所有数据集...
2025-01-06 18:10:45,752 - INFO - 开始合并所有数据集...
2025-01-06 18:10:45,752 - INFO - 开始合并所有数据集...
2025-01-06 18:10:45,752 - INFO - 开始合并所有数据集...
2025-01-06 18:10:45,752 - INFO - 开始合并所有数据集...
2025-01-06 18:10:45,752 - INFO - 开始合并所有数据集...
2025-01-06 18:10:45,752 - INFO - 开始合并所有数据集...
2025-01-06 18:10:45,752 - INFO - 开始合并所有数据集...
2025-01-06 18:10:45,752 - INFO - 开始合并所有数据集...
2025-01-06 18:10:45,752 - INFO - 开始合并所有数据集...
2025-01-06 18:10:45,752 - INFO - 开始合并所有数据集...
2025-01-06 18:10:45,752 - INFO - 开始合并所有数据集...
2025-01-06 18:10:45,752 - INFO - 开始合并所有数据集...
2025-01-06 18:10:45,752 - INFO - 开始合并所有数据集...
2025-01-06 18:10:45,752 - INFO - 开始合并所有数据集...
2025-01-06 18:10:45,752 - INFO - 开始合并所有数据集...
2025-01-06 18:10:46,436 - INFO - 开始清理数据...
2025-01-06 18:10:46,436 - INFO - 开始清理数据...
2025-01-06 18:10:46,436 - INFO - 开始清理数据...
2025-01-06 18:10:46,436 - INFO - 开始清理数据...
2025-01-06 18:10:46,436 - INFO - 开始清理数据...
2025-01-06 18:10:46,436 - INFO - 开始清理数据...
2025-01-06 18:10:46,436 - INFO - 开始清理数据...
2025-01-06 18:10:46,436 - INFO - 开始清理数据...
2025-01-06 18:10:46,436 - INFO - 开始清理数据...
2025-01-06 18:10:46,436 - INFO - 开始清理数据...
2025-01-06 18:10:46,436 - INFO - 开始清理数据...
2025-01-06 18:10:46,436 - INFO - 开始清理数据...
2025-01-06 18:10:46,436 - INFO - 开始清理数据...
2025-01-06 18:10:46,436 - INFO - 开始清理数据...
2025-01-06 18:10:46,436 - INFO - 开始清理数据...
2025-01-06 18:10:46,436 - INFO - 开始清理数据...
2025-01-06 18:10:46,436 - INFO - 开始清理数据...
2025-01-06 18:10:51,907 - INFO - 开始获取文件列表...
2025-01-06 18:10:51,907 - INFO - 开始获取文件列表...
2025-01-06 18:10:51,907 - INFO - 开始获取文件列表...
2025-01-06 18:10:51,907 - INFO - 开始获取文件列表...
2025-01-06 18:10:51,907 - INFO - 开始获取文件列表...
2025-01-06 18:10:51,907 - INFO - 开始获取文件列表...
2025-01-06 18:10:51,907 - INFO - 开始获取文件列表...
2025-01-06 18:10:51,907 - INFO - 开始获取文件列表...
2025-01-06 18:10:51,907 - INFO - 开始获取文件列表...
2025-01-06 18:10:51,907 - INFO - 开始获取文件列表...
2025-01-06 18:10:51,907 - INFO - 开始获取文件列表...
2025-01-06 18:10:51,907 - INFO - 开始获取文件列表...
2025-01-06 18:10:51,907 - INFO - 开始获取文件列表...
2025-01-06 18:10:51,907 - INFO - 开始获取文件列表...
2025-01-06 18:10:51,907 - INFO - 开始获取文件列表...
2025-01-06 18:10:51,907 - INFO - 开始获取文件列表...
2025-01-06 18:10:51,907 - INFO - 开始获取文件列表...
2025-01-06 18:10:51,907 - INFO - 开始获取文件列表...
2025-01-06 18:10:52,032 - INFO - 开始读取和合并数据...
2025-01-06 18:10:52,032 - INFO - 开始读取和合并数据...
2025-01-06 18:10:52,032 - INFO - 开始读取和合并数据...
2025-01-06 18:10:52,032 - INFO - 开始读取和合并数据...
2025-01-06 18:10:52,032 - INFO - 开始读取和合并数据...
2025-01-06 18:10:52,032 - INFO - 开始读取和合并数据...
2025-01-06 18:10:52,032 - INFO - 开始读取和合并数据...
2025-01-06 18:10:52,032 - INFO - 开始读取和合并数据...
2025-01-06 18:10:52,032 - INFO - 开始读取和合并数据...
2025-01-06 18:10:52,032 - INFO - 开始读取和合并数据...
2025-01-06 18:10:52,032 - INFO - 开始读取和合并数据...
2025-01-06 18:10:52,032 - INFO - 开始读取和合并数据...
2025-01-06 18:10:52,032 - INFO - 开始读取和合并数据...
2025-01-06 18:10:52,032 - INFO - 开始读取和合并数据...
2025-01-06 18:10:52,032 - INFO - 开始读取和合并数据...
2025-01-06 18:10:52,032 - INFO - 开始读取和合并数据...
2025-01-06 18:10:52,032 - INFO - 开始读取和合并数据...
2025-01-06 18:10:52,032 - INFO - 开始读取和合并数据...
2025-01-06 18:16:39,650 - INFO - 开始合并所有数据集...
2025-01-06 18:16:39,650 - INFO - 开始合并所有数据集...
2025-01-06 18:16:39,650 - INFO - 开始合并所有数据集...
2025-01-06 18:16:39,650 - INFO - 开始合并所有数据集...
2025-01-06 18:16:39,650 - INFO - 开始合并所有数据集...
2025-01-06 18:16:39,650 - INFO - 开始合并所有数据集...
2025-01-06 18:16:39,650 - INFO - 开始合并所有数据集...
2025-01-06 18:16:39,650 - INFO - 开始合并所有数据集...
2025-01-06 18:16:39,650 - INFO - 开始合并所有数据集...
2025-01-06 18:16:39,650 - INFO - 开始合并所有数据集...
2025-01-06 18:16:39,650 - INFO - 开始合并所有数据集...
2025-01-06 18:16:39,650 - INFO - 开始合并所有数据集...
2025-01-06 18:16:39,650 - INFO - 开始合并所有数据集...
2025-01-06 18:16:39,650 - INFO - 开始合并所有数据集...
2025-01-06 18:16:39,650 - INFO - 开始合并所有数据集...
2025-01-06 18:16:39,650 - INFO - 开始合并所有数据集...
2025-01-06 18:16:39,650 - INFO - 开始合并所有数据集...
2025-01-06 18:16:39,650 - INFO - 开始合并所有数据集...
2025-01-06 18:16:40,505 - INFO - 开始清理数据...
2025-01-06 18:16:40,505 - INFO - 开始清理数据...
2025-01-06 18:16:40,505 - INFO - 开始清理数据...
2025-01-06 18:16:40,505 - INFO - 开始清理数据...
2025-01-06 18:16:40,505 - INFO - 开始清理数据...
2025-01-06 18:16:40,505 - INFO - 开始清理数据...
2025-01-06 18:16:40,505 - INFO - 开始清理数据...
2025-01-06 18:16:40,505 - INFO - 开始清理数据...
2025-01-06 18:16:40,505 - INFO - 开始清理数据...
2025-01-06 18:16:40,505 - INFO - 开始清理数据...
2025-01-06 18:16:40,505 - INFO - 开始清理数据...
2025-01-06 18:16:40,505 - INFO - 开始清理数据...
2025-01-06 18:16:40,505 - INFO - 开始清理数据...
2025-01-06 18:16:40,505 - INFO - 开始清理数据...
2025-01-06 18:16:40,505 - INFO - 开始清理数据...
2025-01-06 18:16:40,505 - INFO - 开始清理数据...
2025-01-06 18:16:40,505 - INFO - 开始清理数据...
2025-01-06 18:16:40,505 - INFO - 开始清理数据...
2025-01-06 18:16:46,189 - INFO - 开始获取文件列表...
2025-01-06 18:16:46,189 - INFO - 开始获取文件列表...
2025-01-06 18:16:46,189 - INFO - 开始获取文件列表...
2025-01-06 18:16:46,189 - INFO - 开始获取文件列表...
2025-01-06 18:16:46,189 - INFO - 开始获取文件列表...
2025-01-06 18:16:46,189 - INFO - 开始获取文件列表...
2025-01-06 18:16:46,189 - INFO - 开始获取文件列表...
2025-01-06 18:16:46,189 - INFO - 开始获取文件列表...
2025-01-06 18:16:46,189 - INFO - 开始获取文件列表...
2025-01-06 18:16:46,189 - INFO - 开始获取文件列表...
2025-01-06 18:16:46,189 - INFO - 开始获取文件列表...
2025-01-06 18:16:46,189 - INFO - 开始获取文件列表...
2025-01-06 18:16:46,189 - INFO - 开始获取文件列表...
2025-01-06 18:16:46,189 - INFO - 开始获取文件列表...
2025-01-06 18:16:46,189 - INFO - 开始获取文件列表...
2025-01-06 18:16:46,189 - INFO - 开始获取文件列表...
2025-01-06 18:16:46,189 - INFO - 开始获取文件列表...
2025-01-06 18:16:46,189 - INFO - 开始获取文件列表...
2025-01-06 18:16:46,189 - INFO - 开始获取文件列表...
2025-01-06 18:16:46,300 - INFO - 开始读取和合并数据...
2025-01-06 18:16:46,300 - INFO - 开始读取和合并数据...
2025-01-06 18:16:46,300 - INFO - 开始读取和合并数据...
2025-01-06 18:16:46,300 - INFO - 开始读取和合并数据...
2025-01-06 18:16:46,300 - INFO - 开始读取和合并数据...
2025-01-06 18:16:46,300 - INFO - 开始读取和合并数据...
2025-01-06 18:16:46,300 - INFO - 开始读取和合并数据...
2025-01-06 18:16:46,300 - INFO - 开始读取和合并数据...
2025-01-06 18:16:46,300 - INFO - 开始读取和合并数据...
2025-01-06 18:16:46,300 - INFO - 开始读取和合并数据...
2025-01-06 18:16:46,300 - INFO - 开始读取和合并数据...
2025-01-06 18:16:46,300 - INFO - 开始读取和合并数据...
2025-01-06 18:16:46,300 - INFO - 开始读取和合并数据...
2025-01-06 18:16:46,300 - INFO - 开始读取和合并数据...
2025-01-06 18:16:46,300 - INFO - 开始读取和合并数据...
2025-01-06 18:16:46,300 - INFO - 开始读取和合并数据...
2025-01-06 18:16:46,300 - INFO - 开始读取和合并数据...
2025-01-06 18:16:46,300 - INFO - 开始读取和合并数据...
2025-01-06 18:16:46,300 - INFO - 开始读取和合并数据...
2025-01-06 18:21:15,798 - INFO - 开始合并所有数据集...
2025-01-06 18:21:15,798 - INFO - 开始合并所有数据集...
2025-01-06 18:21:15,798 - INFO - 开始合并所有数据集...
2025-01-06 18:21:15,798 - INFO - 开始合并所有数据集...
2025-01-06 18:21:15,798 - INFO - 开始合并所有数据集...
2025-01-06 18:21:15,798 - INFO - 开始合并所有数据集...
2025-01-06 18:21:15,798 - INFO - 开始合并所有数据集...
2025-01-06 18:21:15,798 - INFO - 开始合并所有数据集...
2025-01-06 18:21:15,798 - INFO - 开始合并所有数据集...
2025-01-06 18:21:15,798 - INFO - 开始合并所有数据集...
2025-01-06 18:21:15,798 - INFO - 开始合并所有数据集...
2025-01-06 18:21:15,798 - INFO - 开始合并所有数据集...
2025-01-06 18:21:15,798 - INFO - 开始合并所有数据集...
2025-01-06 18:21:15,798 - INFO - 开始合并所有数据集...
2025-01-06 18:21:15,798 - INFO - 开始合并所有数据集...
2025-01-06 18:21:15,798 - INFO - 开始合并所有数据集...
2025-01-06 18:21:15,798 - INFO - 开始合并所有数据集...
2025-01-06 18:21:15,798 - INFO - 开始合并所有数据集...
2025-01-06 18:21:15,798 - INFO - 开始合并所有数据集...
2025-01-06 18:21:16,376 - INFO - 开始清理数据...
2025-01-06 18:21:16,376 - INFO - 开始清理数据...
2025-01-06 18:21:16,376 - INFO - 开始清理数据...
2025-01-06 18:21:16,376 - INFO - 开始清理数据...
2025-01-06 18:21:16,376 - INFO - 开始清理数据...
2025-01-06 18:21:16,376 - INFO - 开始清理数据...
2025-01-06 18:21:16,376 - INFO - 开始清理数据...
2025-01-06 18:21:16,376 - INFO - 开始清理数据...
2025-01-06 18:21:16,376 - INFO - 开始清理数据...
2025-01-06 18:21:16,376 - INFO - 开始清理数据...
2025-01-06 18:21:16,376 - INFO - 开始清理数据...
2025-01-06 18:21:16,376 - INFO - 开始清理数据...
2025-01-06 18:21:16,376 - INFO - 开始清理数据...
2025-01-06 18:21:16,376 - INFO - 开始清理数据...
2025-01-06 18:21:16,376 - INFO - 开始清理数据...
2025-01-06 18:21:16,376 - INFO - 开始清理数据...
2025-01-06 18:21:16,376 - INFO - 开始清理数据...
2025-01-06 18:21:16,376 - INFO - 开始清理数据...
2025-01-06 18:21:16,376 - INFO - 开始清理数据...
2025-01-06 18:21:21,581 - INFO - 开始获取文件列表...
2025-01-06 18:21:21,581 - INFO - 开始获取文件列表...
2025-01-06 18:21:21,581 - INFO - 开始获取文件列表...
2025-01-06 18:21:21,581 - INFO - 开始获取文件列表...
2025-01-06 18:21:21,581 - INFO - 开始获取文件列表...
2025-01-06 18:21:21,581 - INFO - 开始获取文件列表...
2025-01-06 18:21:21,581 - INFO - 开始获取文件列表...
2025-01-06 18:21:21,581 - INFO - 开始获取文件列表...
2025-01-06 18:21:21,581 - INFO - 开始获取文件列表...
2025-01-06 18:21:21,581 - INFO - 开始获取文件列表...
2025-01-06 18:21:21,581 - INFO - 开始获取文件列表...
2025-01-06 18:21:21,581 - INFO - 开始获取文件列表...
2025-01-06 18:21:21,581 - INFO - 开始获取文件列表...
2025-01-06 18:21:21,581 - INFO - 开始获取文件列表...
2025-01-06 18:21:21,581 - INFO - 开始获取文件列表...
2025-01-06 18:21:21,581 - INFO - 开始获取文件列表...
2025-01-06 18:21:21,581 - INFO - 开始获取文件列表...
2025-01-06 18:21:21,581 - INFO - 开始获取文件列表...
2025-01-06 18:21:21,581 - INFO - 开始获取文件列表...
2025-01-06 18:21:21,581 - INFO - 开始获取文件列表...
2025-01-06 18:21:21,723 - INFO - 开始读取和合并数据...
2025-01-06 18:21:21,723 - INFO - 开始读取和合并数据...
2025-01-06 18:21:21,723 - INFO - 开始读取和合并数据...
2025-01-06 18:21:21,723 - INFO - 开始读取和合并数据...
2025-01-06 18:21:21,723 - INFO - 开始读取和合并数据...
2025-01-06 18:21:21,723 - INFO - 开始读取和合并数据...
2025-01-06 18:21:21,723 - INFO - 开始读取和合并数据...
2025-01-06 18:21:21,723 - INFO - 开始读取和合并数据...
2025-01-06 18:21:21,723 - INFO - 开始读取和合并数据...
2025-01-06 18:21:21,723 - INFO - 开始读取和合并数据...
2025-01-06 18:21:21,723 - INFO - 开始读取和合并数据...
2025-01-06 18:21:21,723 - INFO - 开始读取和合并数据...
2025-01-06 18:21:21,723 - INFO - 开始读取和合并数据...
2025-01-06 18:21:21,723 - INFO - 开始读取和合并数据...
2025-01-06 18:21:21,723 - INFO - 开始读取和合并数据...
2025-01-06 18:21:21,723 - INFO - 开始读取和合并数据...
2025-01-06 18:21:21,723 - INFO - 开始读取和合并数据...
2025-01-06 18:21:21,723 - INFO - 开始读取和合并数据...
2025-01-06 18:21:21,723 - INFO - 开始读取和合并数据...
2025-01-06 18:21:21,723 - INFO - 开始读取和合并数据...
2025-01-06 18:27:40,373 - INFO - 开始合并所有数据集...
2025-01-06 18:27:40,373 - INFO - 开始合并所有数据集...
2025-01-06 18:27:40,373 - INFO - 开始合并所有数据集...
2025-01-06 18:27:40,373 - INFO - 开始合并所有数据集...
2025-01-06 18:27:40,373 - INFO - 开始合并所有数据集...
2025-01-06 18:27:40,373 - INFO - 开始合并所有数据集...
2025-01-06 18:27:40,373 - INFO - 开始合并所有数据集...
2025-01-06 18:27:40,373 - INFO - 开始合并所有数据集...
2025-01-06 18:27:40,373 - INFO - 开始合并所有数据集...
2025-01-06 18:27:40,373 - INFO - 开始合并所有数据集...
2025-01-06 18:27:40,373 - INFO - 开始合并所有数据集...
2025-01-06 18:27:40,373 - INFO - 开始合并所有数据集...
2025-01-06 18:27:40,373 - INFO - 开始合并所有数据集...
2025-01-06 18:27:40,373 - INFO - 开始合并所有数据集...
2025-01-06 18:27:40,373 - INFO - 开始合并所有数据集...
2025-01-06 18:27:40,373 - INFO - 开始合并所有数据集...
2025-01-06 18:27:40,373 - INFO - 开始合并所有数据集...
2025-01-06 18:27:40,373 - INFO - 开始合并所有数据集...
2025-01-06 18:27:40,373 - INFO - 开始合并所有数据集...
2025-01-06 18:27:40,373 - INFO - 开始合并所有数据集...
2025-01-06 18:27:41,310 - INFO - 开始清理数据...
2025-01-06 18:27:41,310 - INFO - 开始清理数据...
2025-01-06 18:27:41,310 - INFO - 开始清理数据...
2025-01-06 18:27:41,310 - INFO - 开始清理数据...
2025-01-06 18:27:41,310 - INFO - 开始清理数据...
2025-01-06 18:27:41,310 - INFO - 开始清理数据...
2025-01-06 18:27:41,310 - INFO - 开始清理数据...
2025-01-06 18:27:41,310 - INFO - 开始清理数据...
2025-01-06 18:27:41,310 - INFO - 开始清理数据...
2025-01-06 18:27:41,310 - INFO - 开始清理数据...
2025-01-06 18:27:41,310 - INFO - 开始清理数据...
2025-01-06 18:27:41,310 - INFO - 开始清理数据...
2025-01-06 18:27:41,310 - INFO - 开始清理数据...
2025-01-06 18:27:41,310 - INFO - 开始清理数据...
2025-01-06 18:27:41,310 - INFO - 开始清理数据...
2025-01-06 18:27:41,310 - INFO - 开始清理数据...
2025-01-06 18:27:41,310 - INFO - 开始清理数据...
2025-01-06 18:27:41,310 - INFO - 开始清理数据...
2025-01-06 18:27:41,310 - INFO - 开始清理数据...
2025-01-06 18:27:41,310 - INFO - 开始清理数据...
2025-01-06 18:27:48,547 - INFO - 开始获取文件列表...
2025-01-06 18:27:48,547 - INFO - 开始获取文件列表...
2025-01-06 18:27:48,547 - INFO - 开始获取文件列表...
2025-01-06 18:27:48,547 - INFO - 开始获取文件列表...
2025-01-06 18:27:48,547 - INFO - 开始获取文件列表...
2025-01-06 18:27:48,547 - INFO - 开始获取文件列表...
2025-01-06 18:27:48,547 - INFO - 开始获取文件列表...
2025-01-06 18:27:48,547 - INFO - 开始获取文件列表...
2025-01-06 18:27:48,547 - INFO - 开始获取文件列表...
2025-01-06 18:27:48,547 - INFO - 开始获取文件列表...
2025-01-06 18:27:48,547 - INFO - 开始获取文件列表...
2025-01-06 18:27:48,547 - INFO - 开始获取文件列表...
2025-01-06 18:27:48,547 - INFO - 开始获取文件列表...
2025-01-06 18:27:48,547 - INFO - 开始获取文件列表...
2025-01-06 18:27:48,547 - INFO - 开始获取文件列表...
2025-01-06 18:27:48,547 - INFO - 开始获取文件列表...
2025-01-06 18:27:48,547 - INFO - 开始获取文件列表...
2025-01-06 18:27:48,547 - INFO - 开始获取文件列表...
2025-01-06 18:27:48,547 - INFO - 开始获取文件列表...
2025-01-06 18:27:48,547 - INFO - 开始获取文件列表...
2025-01-06 18:27:48,547 - INFO - 开始获取文件列表...
2025-01-06 18:27:48,563 - INFO - 开始读取和合并数据...
2025-01-06 18:27:48,563 - INFO - 开始读取和合并数据...
2025-01-06 18:27:48,563 - INFO - 开始读取和合并数据...
2025-01-06 18:27:48,563 - INFO - 开始读取和合并数据...
2025-01-06 18:27:48,563 - INFO - 开始读取和合并数据...
2025-01-06 18:27:48,563 - INFO - 开始读取和合并数据...
2025-01-06 18:27:48,563 - INFO - 开始读取和合并数据...
2025-01-06 18:27:48,563 - INFO - 开始读取和合并数据...
2025-01-06 18:27:48,563 - INFO - 开始读取和合并数据...
2025-01-06 18:27:48,563 - INFO - 开始读取和合并数据...
2025-01-06 18:27:48,563 - INFO - 开始读取和合并数据...
2025-01-06 18:27:48,563 - INFO - 开始读取和合并数据...
2025-01-06 18:27:48,563 - INFO - 开始读取和合并数据...
2025-01-06 18:27:48,563 - INFO - 开始读取和合并数据...
2025-01-06 18:27:48,563 - INFO - 开始读取和合并数据...
2025-01-06 18:27:48,563 - INFO - 开始读取和合并数据...
2025-01-06 18:27:48,563 - INFO - 开始读取和合并数据...
2025-01-06 18:27:48,563 - INFO - 开始读取和合并数据...
2025-01-06 18:27:48,563 - INFO - 开始读取和合并数据...
2025-01-06 18:27:48,563 - INFO - 开始读取和合并数据...
2025-01-06 18:27:48,563 - INFO - 开始读取和合并数据...
2025-01-06 18:29:07,506 - INFO - 开始合并所有数据集...
2025-01-06 18:29:07,506 - INFO - 开始合并所有数据集...
2025-01-06 18:29:07,506 - INFO - 开始合并所有数据集...
2025-01-06 18:29:07,506 - INFO - 开始合并所有数据集...
2025-01-06 18:29:07,506 - INFO - 开始合并所有数据集...
2025-01-06 18:29:07,506 - INFO - 开始合并所有数据集...
2025-01-06 18:29:07,506 - INFO - 开始合并所有数据集...
2025-01-06 18:29:07,506 - INFO - 开始合并所有数据集...
2025-01-06 18:29:07,506 - INFO - 开始合并所有数据集...
2025-01-06 18:29:07,506 - INFO - 开始合并所有数据集...
2025-01-06 18:29:07,506 - INFO - 开始合并所有数据集...
2025-01-06 18:29:07,506 - INFO - 开始合并所有数据集...
2025-01-06 18:29:07,506 - INFO - 开始合并所有数据集...
2025-01-06 18:29:07,506 - INFO - 开始合并所有数据集...
2025-01-06 18:29:07,506 - INFO - 开始合并所有数据集...
2025-01-06 18:29:07,506 - INFO - 开始合并所有数据集...
2025-01-06 18:29:07,506 - INFO - 开始合并所有数据集...
2025-01-06 18:29:07,506 - INFO - 开始合并所有数据集...
2025-01-06 18:29:07,506 - INFO - 开始合并所有数据集...
2025-01-06 18:29:07,506 - INFO - 开始合并所有数据集...
2025-01-06 18:29:07,506 - INFO - 开始合并所有数据集...
2025-01-06 18:29:07,665 - INFO - 开始清理数据...
2025-01-06 18:29:07,665 - INFO - 开始清理数据...
2025-01-06 18:29:07,665 - INFO - 开始清理数据...
2025-01-06 18:29:07,665 - INFO - 开始清理数据...
2025-01-06 18:29:07,665 - INFO - 开始清理数据...
2025-01-06 18:29:07,665 - INFO - 开始清理数据...
2025-01-06 18:29:07,665 - INFO - 开始清理数据...
2025-01-06 18:29:07,665 - INFO - 开始清理数据...
2025-01-06 18:29:07,665 - INFO - 开始清理数据...
2025-01-06 18:29:07,665 - INFO - 开始清理数据...
2025-01-06 18:29:07,665 - INFO - 开始清理数据...
2025-01-06 18:29:07,665 - INFO - 开始清理数据...
2025-01-06 18:29:07,665 - INFO - 开始清理数据...
2025-01-06 18:29:07,665 - INFO - 开始清理数据...
2025-01-06 18:29:07,665 - INFO - 开始清理数据...
2025-01-06 18:29:07,665 - INFO - 开始清理数据...
2025-01-06 18:29:07,665 - INFO - 开始清理数据...
2025-01-06 18:29:07,665 - INFO - 开始清理数据...
2025-01-06 18:29:07,665 - INFO - 开始清理数据...
2025-01-06 18:29:07,665 - INFO - 开始清理数据...
2025-01-06 18:29:07,665 - INFO - 开始清理数据...
2025-01-06 18:29:09,068 - INFO - 开始获取文件列表...
2025-01-06 18:29:09,068 - INFO - 开始获取文件列表...
2025-01-06 18:29:09,068 - INFO - 开始获取文件列表...
2025-01-06 18:29:09,068 - INFO - 开始获取文件列表...
2025-01-06 18:29:09,068 - INFO - 开始获取文件列表...
2025-01-06 18:29:09,068 - INFO - 开始获取文件列表...
2025-01-06 18:29:09,068 - INFO - 开始获取文件列表...
2025-01-06 18:29:09,068 - INFO - 开始获取文件列表...
2025-01-06 18:29:09,068 - INFO - 开始获取文件列表...
2025-01-06 18:29:09,068 - INFO - 开始获取文件列表...
2025-01-06 18:29:09,068 - INFO - 开始获取文件列表...
2025-01-06 18:29:09,068 - INFO - 开始获取文件列表...
2025-01-06 18:29:09,068 - INFO - 开始获取文件列表...
2025-01-06 18:29:09,068 - INFO - 开始获取文件列表...
2025-01-06 18:29:09,068 - INFO - 开始获取文件列表...
2025-01-06 18:29:09,068 - INFO - 开始获取文件列表...
2025-01-06 18:29:09,068 - INFO - 开始获取文件列表...
2025-01-06 18:29:09,068 - INFO - 开始获取文件列表...
2025-01-06 18:29:09,068 - INFO - 开始获取文件列表...
2025-01-06 18:29:09,068 - INFO - 开始获取文件列表...
2025-01-06 18:29:09,068 - INFO - 开始获取文件列表...
2025-01-06 18:29:09,068 - INFO - 开始获取文件列表...
2025-01-06 18:29:09,084 - INFO - 开始读取和合并数据...
2025-01-06 18:29:09,084 - INFO - 开始读取和合并数据...
2025-01-06 18:29:09,084 - INFO - 开始读取和合并数据...
2025-01-06 18:29:09,084 - INFO - 开始读取和合并数据...
2025-01-06 18:29:09,084 - INFO - 开始读取和合并数据...
2025-01-06 18:29:09,084 - INFO - 开始读取和合并数据...
2025-01-06 18:29:09,084 - INFO - 开始读取和合并数据...
2025-01-06 18:29:09,084 - INFO - 开始读取和合并数据...
2025-01-06 18:29:09,084 - INFO - 开始读取和合并数据...
2025-01-06 18:29:09,084 - INFO - 开始读取和合并数据...
2025-01-06 18:29:09,084 - INFO - 开始读取和合并数据...
2025-01-06 18:29:09,084 - INFO - 开始读取和合并数据...
2025-01-06 18:29:09,084 - INFO - 开始读取和合并数据...
2025-01-06 18:29:09,084 - INFO - 开始读取和合并数据...
2025-01-06 18:29:09,084 - INFO - 开始读取和合并数据...
2025-01-06 18:29:09,084 - INFO - 开始读取和合并数据...
2025-01-06 18:29:09,084 - INFO - 开始读取和合并数据...
2025-01-06 18:29:09,084 - INFO - 开始读取和合并数据...
2025-01-06 18:29:09,084 - INFO - 开始读取和合并数据...
2025-01-06 18:29:09,084 - INFO - 开始读取和合并数据...
2025-01-06 18:29:09,084 - INFO - 开始读取和合并数据...
2025-01-06 18:29:09,084 - INFO - 开始读取和合并数据...
2025-01-06 18:32:12,561 - INFO - 开始合并所有数据集...
2025-01-06 18:32:12,561 - INFO - 开始合并所有数据集...
2025-01-06 18:32:12,561 - INFO - 开始合并所有数据集...
2025-01-06 18:32:12,561 - INFO - 开始合并所有数据集...
2025-01-06 18:32:12,561 - INFO - 开始合并所有数据集...
2025-01-06 18:32:12,561 - INFO - 开始合并所有数据集...
2025-01-06 18:32:12,561 - INFO - 开始合并所有数据集...
2025-01-06 18:32:12,561 - INFO - 开始合并所有数据集...
2025-01-06 18:32:12,561 - INFO - 开始合并所有数据集...
2025-01-06 18:32:12,561 - INFO - 开始合并所有数据集...
2025-01-06 18:32:12,561 - INFO - 开始合并所有数据集...
2025-01-06 18:32:12,561 - INFO - 开始合并所有数据集...
2025-01-06 18:32:12,561 - INFO - 开始合并所有数据集...
2025-01-06 18:32:12,561 - INFO - 开始合并所有数据集...
2025-01-06 18:32:12,561 - INFO - 开始合并所有数据集...
2025-01-06 18:32:12,561 - INFO - 开始合并所有数据集...
2025-01-06 18:32:12,561 - INFO - 开始合并所有数据集...
2025-01-06 18:32:12,561 - INFO - 开始合并所有数据集...
2025-01-06 18:32:12,561 - INFO - 开始合并所有数据集...
2025-01-06 18:32:12,561 - INFO - 开始合并所有数据集...
2025-01-06 18:32:12,561 - INFO - 开始合并所有数据集...
2025-01-06 18:32:12,561 - INFO - 开始合并所有数据集...
2025-01-06 18:32:12,971 - INFO - 开始清理数据...
2025-01-06 18:32:12,971 - INFO - 开始清理数据...
2025-01-06 18:32:12,971 - INFO - 开始清理数据...
2025-01-06 18:32:12,971 - INFO - 开始清理数据...
2025-01-06 18:32:12,971 - INFO - 开始清理数据...
2025-01-06 18:32:12,971 - INFO - 开始清理数据...
2025-01-06 18:32:12,971 - INFO - 开始清理数据...
2025-01-06 18:32:12,971 - INFO - 开始清理数据...
2025-01-06 18:32:12,971 - INFO - 开始清理数据...
2025-01-06 18:32:12,971 - INFO - 开始清理数据...
2025-01-06 18:32:12,971 - INFO - 开始清理数据...
2025-01-06 18:32:12,971 - INFO - 开始清理数据...
2025-01-06 18:32:12,971 - INFO - 开始清理数据...
2025-01-06 18:32:12,971 - INFO - 开始清理数据...
2025-01-06 18:32:12,971 - INFO - 开始清理数据...
2025-01-06 18:32:12,971 - INFO - 开始清理数据...
2025-01-06 18:32:12,971 - INFO - 开始清理数据...
2025-01-06 18:32:12,971 - INFO - 开始清理数据...
2025-01-06 18:32:12,971 - INFO - 开始清理数据...
2025-01-06 18:32:12,971 - INFO - 开始清理数据...
2025-01-06 18:32:12,971 - INFO - 开始清理数据...
2025-01-06 18:32:12,971 - INFO - 开始清理数据...
2025-01-06 18:32:16,286 - INFO - 开始获取文件列表...
2025-01-06 18:32:16,286 - INFO - 开始获取文件列表...
2025-01-06 18:32:16,286 - INFO - 开始获取文件列表...
2025-01-06 18:32:16,286 - INFO - 开始获取文件列表...
2025-01-06 18:32:16,286 - INFO - 开始获取文件列表...
2025-01-06 18:32:16,286 - INFO - 开始获取文件列表...
2025-01-06 18:32:16,286 - INFO - 开始获取文件列表...
2025-01-06 18:32:16,286 - INFO - 开始获取文件列表...
2025-01-06 18:32:16,286 - INFO - 开始获取文件列表...
2025-01-06 18:32:16,286 - INFO - 开始获取文件列表...
2025-01-06 18:32:16,286 - INFO - 开始获取文件列表...
2025-01-06 18:32:16,286 - INFO - 开始获取文件列表...
2025-01-06 18:32:16,286 - INFO - 开始获取文件列表...
2025-01-06 18:32:16,286 - INFO - 开始获取文件列表...
2025-01-06 18:32:16,286 - INFO - 开始获取文件列表...
2025-01-06 18:32:16,286 - INFO - 开始获取文件列表...
2025-01-06 18:32:16,286 - INFO - 开始获取文件列表...
2025-01-06 18:32:16,286 - INFO - 开始获取文件列表...
2025-01-06 18:32:16,286 - INFO - 开始获取文件列表...
2025-01-06 18:32:16,286 - INFO - 开始获取文件列表...
2025-01-06 18:32:16,286 - INFO - 开始获取文件列表...
2025-01-06 18:32:16,286 - INFO - 开始获取文件列表...
2025-01-06 18:32:16,286 - INFO - 开始获取文件列表...
2025-01-06 18:32:16,506 - INFO - 开始读取和合并数据...
2025-01-06 18:32:16,506 - INFO - 开始读取和合并数据...
2025-01-06 18:32:16,506 - INFO - 开始读取和合并数据...
2025-01-06 18:32:16,506 - INFO - 开始读取和合并数据...
2025-01-06 18:32:16,506 - INFO - 开始读取和合并数据...
2025-01-06 18:32:16,506 - INFO - 开始读取和合并数据...
2025-01-06 18:32:16,506 - INFO - 开始读取和合并数据...
2025-01-06 18:32:16,506 - INFO - 开始读取和合并数据...
2025-01-06 18:32:16,506 - INFO - 开始读取和合并数据...
2025-01-06 18:32:16,506 - INFO - 开始读取和合并数据...
2025-01-06 18:32:16,506 - INFO - 开始读取和合并数据...
2025-01-06 18:32:16,506 - INFO - 开始读取和合并数据...
2025-01-06 18:32:16,506 - INFO - 开始读取和合并数据...
2025-01-06 18:32:16,506 - INFO - 开始读取和合并数据...
2025-01-06 18:32:16,506 - INFO - 开始读取和合并数据...
2025-01-06 18:32:16,506 - INFO - 开始读取和合并数据...
2025-01-06 18:32:16,506 - INFO - 开始读取和合并数据...
2025-01-06 18:32:16,506 - INFO - 开始读取和合并数据...
2025-01-06 18:32:16,506 - INFO - 开始读取和合并数据...
2025-01-06 18:32:16,506 - INFO - 开始读取和合并数据...
2025-01-06 18:32:16,506 - INFO - 开始读取和合并数据...
2025-01-06 18:32:16,506 - INFO - 开始读取和合并数据...
2025-01-06 18:32:16,506 - INFO - 开始读取和合并数据...
2025-01-06 18:41:34,513 - INFO - 开始合并所有数据集...
2025-01-06 18:41:34,513 - INFO - 开始合并所有数据集...
2025-01-06 18:41:34,513 - INFO - 开始合并所有数据集...
2025-01-06 18:41:34,513 - INFO - 开始合并所有数据集...
2025-01-06 18:41:34,513 - INFO - 开始合并所有数据集...
2025-01-06 18:41:34,513 - INFO - 开始合并所有数据集...
2025-01-06 18:41:34,513 - INFO - 开始合并所有数据集...
2025-01-06 18:41:34,513 - INFO - 开始合并所有数据集...
2025-01-06 18:41:34,513 - INFO - 开始合并所有数据集...
2025-01-06 18:41:34,513 - INFO - 开始合并所有数据集...
2025-01-06 18:41:34,513 - INFO - 开始合并所有数据集...
2025-01-06 18:41:34,513 - INFO - 开始合并所有数据集...
2025-01-06 18:41:34,513 - INFO - 开始合并所有数据集...
2025-01-06 18:41:34,513 - INFO - 开始合并所有数据集...
2025-01-06 18:41:34,513 - INFO - 开始合并所有数据集...
2025-01-06 18:41:34,513 - INFO - 开始合并所有数据集...
2025-01-06 18:41:34,513 - INFO - 开始合并所有数据集...
2025-01-06 18:41:34,513 - INFO - 开始合并所有数据集...
2025-01-06 18:41:34,513 - INFO - 开始合并所有数据集...
2025-01-06 18:41:34,513 - INFO - 开始合并所有数据集...
2025-01-06 18:41:34,513 - INFO - 开始合并所有数据集...
2025-01-06 18:41:34,513 - INFO - 开始合并所有数据集...
2025-01-06 18:41:34,513 - INFO - 开始合并所有数据集...
2025-01-06 18:41:35,732 - INFO - 开始清理数据...
2025-01-06 18:41:35,732 - INFO - 开始清理数据...
2025-01-06 18:41:35,732 - INFO - 开始清理数据...
2025-01-06 18:41:35,732 - INFO - 开始清理数据...
2025-01-06 18:41:35,732 - INFO - 开始清理数据...
2025-01-06 18:41:35,732 - INFO - 开始清理数据...
2025-01-06 18:41:35,732 - INFO - 开始清理数据...
2025-01-06 18:41:35,732 - INFO - 开始清理数据...
2025-01-06 18:41:35,732 - INFO - 开始清理数据...
2025-01-06 18:41:35,732 - INFO - 开始清理数据...
2025-01-06 18:41:35,732 - INFO - 开始清理数据...
2025-01-06 18:41:35,732 - INFO - 开始清理数据...
2025-01-06 18:41:35,732 - INFO - 开始清理数据...
2025-01-06 18:41:35,732 - INFO - 开始清理数据...
2025-01-06 18:41:35,732 - INFO - 开始清理数据...
2025-01-06 18:41:35,732 - INFO - 开始清理数据...
2025-01-06 18:41:35,732 - INFO - 开始清理数据...
2025-01-06 18:41:35,732 - INFO - 开始清理数据...
2025-01-06 18:41:35,732 - INFO - 开始清理数据...
2025-01-06 18:41:35,732 - INFO - 开始清理数据...
2025-01-06 18:41:35,732 - INFO - 开始清理数据...
2025-01-06 18:41:35,732 - INFO - 开始清理数据...
2025-01-06 18:41:35,732 - INFO - 开始清理数据...
2025-01-06 18:41:44,957 - INFO - 开始获取文件列表...
2025-01-06 18:41:44,957 - INFO - 开始获取文件列表...
2025-01-06 18:41:44,957 - INFO - 开始获取文件列表...
2025-01-06 18:41:44,957 - INFO - 开始获取文件列表...
2025-01-06 18:41:44,957 - INFO - 开始获取文件列表...
2025-01-06 18:41:44,957 - INFO - 开始获取文件列表...
2025-01-06 18:41:44,957 - INFO - 开始获取文件列表...
2025-01-06 18:41:44,957 - INFO - 开始获取文件列表...
2025-01-06 18:41:44,957 - INFO - 开始获取文件列表...
2025-01-06 18:41:44,957 - INFO - 开始获取文件列表...
2025-01-06 18:41:44,957 - INFO - 开始获取文件列表...
2025-01-06 18:41:44,957 - INFO - 开始获取文件列表...
2025-01-06 18:41:44,957 - INFO - 开始获取文件列表...
2025-01-06 18:41:44,957 - INFO - 开始获取文件列表...
2025-01-06 18:41:44,957 - INFO - 开始获取文件列表...
2025-01-06 18:41:44,957 - INFO - 开始获取文件列表...
2025-01-06 18:41:44,957 - INFO - 开始获取文件列表...
2025-01-06 18:41:44,957 - INFO - 开始获取文件列表...
2025-01-06 18:41:44,957 - INFO - 开始获取文件列表...
2025-01-06 18:41:44,957 - INFO - 开始获取文件列表...
2025-01-06 18:41:44,957 - INFO - 开始获取文件列表...
2025-01-06 18:41:44,957 - INFO - 开始获取文件列表...
2025-01-06 18:41:44,957 - INFO - 开始获取文件列表...
2025-01-06 18:41:44,957 - INFO - 开始获取文件列表...
2025-01-06 18:41:45,084 - INFO - 开始读取和合并数据...
2025-01-06 18:41:45,084 - INFO - 开始读取和合并数据...
2025-01-06 18:41:45,084 - INFO - 开始读取和合并数据...
2025-01-06 18:41:45,084 - INFO - 开始读取和合并数据...
2025-01-06 18:41:45,084 - INFO - 开始读取和合并数据...
2025-01-06 18:41:45,084 - INFO - 开始读取和合并数据...
2025-01-06 18:41:45,084 - INFO - 开始读取和合并数据...
2025-01-06 18:41:45,084 - INFO - 开始读取和合并数据...
2025-01-06 18:41:45,084 - INFO - 开始读取和合并数据...
2025-01-06 18:41:45,084 - INFO - 开始读取和合并数据...
2025-01-06 18:41:45,084 - INFO - 开始读取和合并数据...
2025-01-06 18:41:45,084 - INFO - 开始读取和合并数据...
2025-01-06 18:41:45,084 - INFO - 开始读取和合并数据...
2025-01-06 18:41:45,084 - INFO - 开始读取和合并数据...
2025-01-06 18:41:45,084 - INFO - 开始读取和合并数据...
2025-01-06 18:41:45,084 - INFO - 开始读取和合并数据...
2025-01-06 18:41:45,084 - INFO - 开始读取和合并数据...
2025-01-06 18:41:45,084 - INFO - 开始读取和合并数据...
2025-01-06 18:41:45,084 - INFO - 开始读取和合并数据...
2025-01-06 18:41:45,084 - INFO - 开始读取和合并数据...
2025-01-06 18:41:45,084 - INFO - 开始读取和合并数据...
2025-01-06 18:41:45,084 - INFO - 开始读取和合并数据...
2025-01-06 18:41:45,084 - INFO - 开始读取和合并数据...
2025-01-06 18:41:45,084 - INFO - 开始读取和合并数据...
2025-01-06 18:48:58,176 - INFO - 开始合并所有数据集...
2025-01-06 18:48:58,176 - INFO - 开始合并所有数据集...
2025-01-06 18:48:58,176 - INFO - 开始合并所有数据集...
2025-01-06 18:48:58,176 - INFO - 开始合并所有数据集...
2025-01-06 18:48:58,176 - INFO - 开始合并所有数据集...
2025-01-06 18:48:58,176 - INFO - 开始合并所有数据集...
2025-01-06 18:48:58,176 - INFO - 开始合并所有数据集...
2025-01-06 18:48:58,176 - INFO - 开始合并所有数据集...
2025-01-06 18:48:58,176 - INFO - 开始合并所有数据集...
2025-01-06 18:48:58,176 - INFO - 开始合并所有数据集...
2025-01-06 18:48:58,176 - INFO - 开始合并所有数据集...
2025-01-06 18:48:58,176 - INFO - 开始合并所有数据集...
2025-01-06 18:48:58,176 - INFO - 开始合并所有数据集...
2025-01-06 18:48:58,176 - INFO - 开始合并所有数据集...
2025-01-06 18:48:58,176 - INFO - 开始合并所有数据集...
2025-01-06 18:48:58,176 - INFO - 开始合并所有数据集...
2025-01-06 18:48:58,176 - INFO - 开始合并所有数据集...
2025-01-06 18:48:58,176 - INFO - 开始合并所有数据集...
2025-01-06 18:48:58,176 - INFO - 开始合并所有数据集...
2025-01-06 18:48:58,176 - INFO - 开始合并所有数据集...
2025-01-06 18:48:58,176 - INFO - 开始合并所有数据集...
2025-01-06 18:48:58,176 - INFO - 开始合并所有数据集...
2025-01-06 18:48:58,176 - INFO - 开始合并所有数据集...
2025-01-06 18:48:58,176 - INFO - 开始合并所有数据集...
2025-01-06 18:48:59,138 - INFO - 开始清理数据...
2025-01-06 18:48:59,138 - INFO - 开始清理数据...
2025-01-06 18:48:59,138 - INFO - 开始清理数据...
2025-01-06 18:48:59,138 - INFO - 开始清理数据...
2025-01-06 18:48:59,138 - INFO - 开始清理数据...
2025-01-06 18:48:59,138 - INFO - 开始清理数据...
2025-01-06 18:48:59,138 - INFO - 开始清理数据...
2025-01-06 18:48:59,138 - INFO - 开始清理数据...
2025-01-06 18:48:59,138 - INFO - 开始清理数据...
2025-01-06 18:48:59,138 - INFO - 开始清理数据...
2025-01-06 18:48:59,138 - INFO - 开始清理数据...
2025-01-06 18:48:59,138 - INFO - 开始清理数据...
2025-01-06 18:48:59,138 - INFO - 开始清理数据...
2025-01-06 18:48:59,138 - INFO - 开始清理数据...
2025-01-06 18:48:59,138 - INFO - 开始清理数据...
2025-01-06 18:48:59,138 - INFO - 开始清理数据...
2025-01-06 18:48:59,138 - INFO - 开始清理数据...
2025-01-06 18:48:59,138 - INFO - 开始清理数据...
2025-01-06 18:48:59,138 - INFO - 开始清理数据...
2025-01-06 18:48:59,138 - INFO - 开始清理数据...
2025-01-06 18:48:59,138 - INFO - 开始清理数据...
2025-01-06 18:48:59,138 - INFO - 开始清理数据...
2025-01-06 18:48:59,138 - INFO - 开始清理数据...
2025-01-06 18:48:59,138 - INFO - 开始清理数据...
2025-01-06 18:49:06,033 - INFO - 开始获取文件列表...
2025-01-06 18:49:06,033 - INFO - 开始获取文件列表...
2025-01-06 18:49:06,033 - INFO - 开始获取文件列表...
2025-01-06 18:49:06,033 - INFO - 开始获取文件列表...
2025-01-06 18:49:06,033 - INFO - 开始获取文件列表...
2025-01-06 18:49:06,033 - INFO - 开始获取文件列表...
2025-01-06 18:49:06,033 - INFO - 开始获取文件列表...
2025-01-06 18:49:06,033 - INFO - 开始获取文件列表...
2025-01-06 18:49:06,033 - INFO - 开始获取文件列表...
2025-01-06 18:49:06,033 - INFO - 开始获取文件列表...
2025-01-06 18:49:06,033 - INFO - 开始获取文件列表...
2025-01-06 18:49:06,033 - INFO - 开始获取文件列表...
2025-01-06 18:49:06,033 - INFO - 开始获取文件列表...
2025-01-06 18:49:06,033 - INFO - 开始获取文件列表...
2025-01-06 18:49:06,033 - INFO - 开始获取文件列表...
2025-01-06 18:49:06,033 - INFO - 开始获取文件列表...
2025-01-06 18:49:06,033 - INFO - 开始获取文件列表...
2025-01-06 18:49:06,033 - INFO - 开始获取文件列表...
2025-01-06 18:49:06,033 - INFO - 开始获取文件列表...
2025-01-06 18:49:06,033 - INFO - 开始获取文件列表...
2025-01-06 18:49:06,033 - INFO - 开始获取文件列表...
2025-01-06 18:49:06,033 - INFO - 开始获取文件列表...
2025-01-06 18:49:06,033 - INFO - 开始获取文件列表...
2025-01-06 18:49:06,033 - INFO - 开始获取文件列表...
2025-01-06 18:49:06,033 - INFO - 开始获取文件列表...
2025-01-06 18:49:06,142 - INFO - 开始读取和合并数据...
2025-01-06 18:49:06,142 - INFO - 开始读取和合并数据...
2025-01-06 18:49:06,142 - INFO - 开始读取和合并数据...
2025-01-06 18:49:06,142 - INFO - 开始读取和合并数据...
2025-01-06 18:49:06,142 - INFO - 开始读取和合并数据...
2025-01-06 18:49:06,142 - INFO - 开始读取和合并数据...
2025-01-06 18:49:06,142 - INFO - 开始读取和合并数据...
2025-01-06 18:49:06,142 - INFO - 开始读取和合并数据...
2025-01-06 18:49:06,142 - INFO - 开始读取和合并数据...
2025-01-06 18:49:06,142 - INFO - 开始读取和合并数据...
2025-01-06 18:49:06,142 - INFO - 开始读取和合并数据...
2025-01-06 18:49:06,142 - INFO - 开始读取和合并数据...
2025-01-06 18:49:06,142 - INFO - 开始读取和合并数据...
2025-01-06 18:49:06,142 - INFO - 开始读取和合并数据...
2025-01-06 18:49:06,142 - INFO - 开始读取和合并数据...
2025-01-06 18:49:06,142 - INFO - 开始读取和合并数据...
2025-01-06 18:49:06,142 - INFO - 开始读取和合并数据...
2025-01-06 18:49:06,142 - INFO - 开始读取和合并数据...
2025-01-06 18:49:06,142 - INFO - 开始读取和合并数据...
2025-01-06 18:49:06,142 - INFO - 开始读取和合并数据...
2025-01-06 18:49:06,142 - INFO - 开始读取和合并数据...
2025-01-06 18:49:06,142 - INFO - 开始读取和合并数据...
2025-01-06 18:49:06,142 - INFO - 开始读取和合并数据...
2025-01-06 18:49:06,142 - INFO - 开始读取和合并数据...
2025-01-06 18:49:06,142 - INFO - 开始读取和合并数据...
2025-01-06 19:00:15,178 - INFO - 开始合并所有数据集...
2025-01-06 19:00:15,178 - INFO - 开始合并所有数据集...
2025-01-06 19:00:15,178 - INFO - 开始合并所有数据集...
2025-01-06 19:00:15,178 - INFO - 开始合并所有数据集...
2025-01-06 19:00:15,178 - INFO - 开始合并所有数据集...
2025-01-06 19:00:15,178 - INFO - 开始合并所有数据集...
2025-01-06 19:00:15,178 - INFO - 开始合并所有数据集...
2025-01-06 19:00:15,178 - INFO - 开始合并所有数据集...
2025-01-06 19:00:15,178 - INFO - 开始合并所有数据集...
2025-01-06 19:00:15,178 - INFO - 开始合并所有数据集...
2025-01-06 19:00:15,178 - INFO - 开始合并所有数据集...
2025-01-06 19:00:15,178 - INFO - 开始合并所有数据集...
2025-01-06 19:00:15,178 - INFO - 开始合并所有数据集...
2025-01-06 19:00:15,178 - INFO - 开始合并所有数据集...
2025-01-06 19:00:15,178 - INFO - 开始合并所有数据集...
2025-01-06 19:00:15,178 - INFO - 开始合并所有数据集...
2025-01-06 19:00:15,178 - INFO - 开始合并所有数据集...
2025-01-06 19:00:15,178 - INFO - 开始合并所有数据集...
2025-01-06 19:00:15,178 - INFO - 开始合并所有数据集...
2025-01-06 19:00:15,178 - INFO - 开始合并所有数据集...
2025-01-06 19:00:15,178 - INFO - 开始合并所有数据集...
2025-01-06 19:00:15,178 - INFO - 开始合并所有数据集...
2025-01-06 19:00:15,178 - INFO - 开始合并所有数据集...
2025-01-06 19:00:15,178 - INFO - 开始合并所有数据集...
2025-01-06 19:00:15,178 - INFO - 开始合并所有数据集...
2025-01-06 19:00:16,819 - INFO - 开始清理数据...
2025-01-06 19:00:16,819 - INFO - 开始清理数据...
2025-01-06 19:00:16,819 - INFO - 开始清理数据...
2025-01-06 19:00:16,819 - INFO - 开始清理数据...
2025-01-06 19:00:16,819 - INFO - 开始清理数据...
2025-01-06 19:00:16,819 - INFO - 开始清理数据...
2025-01-06 19:00:16,819 - INFO - 开始清理数据...
2025-01-06 19:00:16,819 - INFO - 开始清理数据...
2025-01-06 19:00:16,819 - INFO - 开始清理数据...
2025-01-06 19:00:16,819 - INFO - 开始清理数据...
2025-01-06 19:00:16,819 - INFO - 开始清理数据...
2025-01-06 19:00:16,819 - INFO - 开始清理数据...
2025-01-06 19:00:16,819 - INFO - 开始清理数据...
2025-01-06 19:00:16,819 - INFO - 开始清理数据...
2025-01-06 19:00:16,819 - INFO - 开始清理数据...
2025-01-06 19:00:16,819 - INFO - 开始清理数据...
2025-01-06 19:00:16,819 - INFO - 开始清理数据...
2025-01-06 19:00:16,819 - INFO - 开始清理数据...
2025-01-06 19:00:16,819 - INFO - 开始清理数据...
2025-01-06 19:00:16,819 - INFO - 开始清理数据...
2025-01-06 19:00:16,819 - INFO - 开始清理数据...
2025-01-06 19:00:16,819 - INFO - 开始清理数据...
2025-01-06 19:00:16,819 - INFO - 开始清理数据...
2025-01-06 19:00:16,819 - INFO - 开始清理数据...
2025-01-06 19:00:16,819 - INFO - 开始清理数据...
2025-01-06 19:00:27,559 - INFO - 开始获取文件列表...
2025-01-06 19:00:27,559 - INFO - 开始获取文件列表...
2025-01-06 19:00:27,559 - INFO - 开始获取文件列表...
2025-01-06 19:00:27,559 - INFO - 开始获取文件列表...
2025-01-06 19:00:27,559 - INFO - 开始获取文件列表...
2025-01-06 19:00:27,559 - INFO - 开始获取文件列表...
2025-01-06 19:00:27,559 - INFO - 开始获取文件列表...
2025-01-06 19:00:27,559 - INFO - 开始获取文件列表...
2025-01-06 19:00:27,559 - INFO - 开始获取文件列表...
2025-01-06 19:00:27,559 - INFO - 开始获取文件列表...
2025-01-06 19:00:27,559 - INFO - 开始获取文件列表...
2025-01-06 19:00:27,559 - INFO - 开始获取文件列表...
2025-01-06 19:00:27,559 - INFO - 开始获取文件列表...
2025-01-06 19:00:27,559 - INFO - 开始获取文件列表...
2025-01-06 19:00:27,559 - INFO - 开始获取文件列表...
2025-01-06 19:00:27,559 - INFO - 开始获取文件列表...
2025-01-06 19:00:27,559 - INFO - 开始获取文件列表...
2025-01-06 19:00:27,559 - INFO - 开始获取文件列表...
2025-01-06 19:00:27,559 - INFO - 开始获取文件列表...
2025-01-06 19:00:27,559 - INFO - 开始获取文件列表...
2025-01-06 19:00:27,559 - INFO - 开始获取文件列表...
2025-01-06 19:00:27,559 - INFO - 开始获取文件列表...
2025-01-06 19:00:27,559 - INFO - 开始获取文件列表...
2025-01-06 19:00:27,559 - INFO - 开始获取文件列表...
2025-01-06 19:00:27,559 - INFO - 开始获取文件列表...
2025-01-06 19:00:27,559 - INFO - 开始获取文件列表...
2025-01-06 19:00:27,590 - INFO - 开始读取和合并数据...
2025-01-06 19:00:27,590 - INFO - 开始读取和合并数据...
2025-01-06 19:00:27,590 - INFO - 开始读取和合并数据...
2025-01-06 19:00:27,590 - INFO - 开始读取和合并数据...
2025-01-06 19:00:27,590 - INFO - 开始读取和合并数据...
2025-01-06 19:00:27,590 - INFO - 开始读取和合并数据...
2025-01-06 19:00:27,590 - INFO - 开始读取和合并数据...
2025-01-06 19:00:27,590 - INFO - 开始读取和合并数据...
2025-01-06 19:00:27,590 - INFO - 开始读取和合并数据...
2025-01-06 19:00:27,590 - INFO - 开始读取和合并数据...
2025-01-06 19:00:27,590 - INFO - 开始读取和合并数据...
2025-01-06 19:00:27,590 - INFO - 开始读取和合并数据...
2025-01-06 19:00:27,590 - INFO - 开始读取和合并数据...
2025-01-06 19:00:27,590 - INFO - 开始读取和合并数据...
2025-01-06 19:00:27,590 - INFO - 开始读取和合并数据...
2025-01-06 19:00:27,590 - INFO - 开始读取和合并数据...
2025-01-06 19:00:27,590 - INFO - 开始读取和合并数据...
2025-01-06 19:00:27,590 - INFO - 开始读取和合并数据...
2025-01-06 19:00:27,590 - INFO - 开始读取和合并数据...
2025-01-06 19:00:27,590 - INFO - 开始读取和合并数据...
2025-01-06 19:00:27,590 - INFO - 开始读取和合并数据...
2025-01-06 19:00:27,590 - INFO - 开始读取和合并数据...
2025-01-06 19:00:27,590 - INFO - 开始读取和合并数据...
2025-01-06 19:00:27,590 - INFO - 开始读取和合并数据...
2025-01-06 19:00:27,590 - INFO - 开始读取和合并数据...
2025-01-06 19:00:27,590 - INFO - 开始读取和合并数据...
2025-01-06 19:03:06,159 - INFO - 开始合并所有数据集...
2025-01-06 19:03:06,159 - INFO - 开始合并所有数据集...
2025-01-06 19:03:06,159 - INFO - 开始合并所有数据集...
2025-01-06 19:03:06,159 - INFO - 开始合并所有数据集...
2025-01-06 19:03:06,159 - INFO - 开始合并所有数据集...
2025-01-06 19:03:06,159 - INFO - 开始合并所有数据集...
2025-01-06 19:03:06,159 - INFO - 开始合并所有数据集...
2025-01-06 19:03:06,159 - INFO - 开始合并所有数据集...
2025-01-06 19:03:06,159 - INFO - 开始合并所有数据集...
2025-01-06 19:03:06,159 - INFO - 开始合并所有数据集...
2025-01-06 19:03:06,159 - INFO - 开始合并所有数据集...
2025-01-06 19:03:06,159 - INFO - 开始合并所有数据集...
2025-01-06 19:03:06,159 - INFO - 开始合并所有数据集...
2025-01-06 19:03:06,159 - INFO - 开始合并所有数据集...
2025-01-06 19:03:06,159 - INFO - 开始合并所有数据集...
2025-01-06 19:03:06,159 - INFO - 开始合并所有数据集...
2025-01-06 19:03:06,159 - INFO - 开始合并所有数据集...
2025-01-06 19:03:06,159 - INFO - 开始合并所有数据集...
2025-01-06 19:03:06,159 - INFO - 开始合并所有数据集...
2025-01-06 19:03:06,159 - INFO - 开始合并所有数据集...
2025-01-06 19:03:06,159 - INFO - 开始合并所有数据集...
2025-01-06 19:03:06,159 - INFO - 开始合并所有数据集...
2025-01-06 19:03:06,159 - INFO - 开始合并所有数据集...
2025-01-06 19:03:06,159 - INFO - 开始合并所有数据集...
2025-01-06 19:03:06,159 - INFO - 开始合并所有数据集...
2025-01-06 19:03:06,159 - INFO - 开始合并所有数据集...
2025-01-06 19:03:06,492 - INFO - 开始清理数据...
2025-01-06 19:03:06,492 - INFO - 开始清理数据...
2025-01-06 19:03:06,492 - INFO - 开始清理数据...
2025-01-06 19:03:06,492 - INFO - 开始清理数据...
2025-01-06 19:03:06,492 - INFO - 开始清理数据...
2025-01-06 19:03:06,492 - INFO - 开始清理数据...
2025-01-06 19:03:06,492 - INFO - 开始清理数据...
2025-01-06 19:03:06,492 - INFO - 开始清理数据...
2025-01-06 19:03:06,492 - INFO - 开始清理数据...
2025-01-06 19:03:06,492 - INFO - 开始清理数据...
2025-01-06 19:03:06,492 - INFO - 开始清理数据...
2025-01-06 19:03:06,492 - INFO - 开始清理数据...
2025-01-06 19:03:06,492 - INFO - 开始清理数据...
2025-01-06 19:03:06,492 - INFO - 开始清理数据...
2025-01-06 19:03:06,492 - INFO - 开始清理数据...
2025-01-06 19:03:06,492 - INFO - 开始清理数据...
2025-01-06 19:03:06,492 - INFO - 开始清理数据...
2025-01-06 19:03:06,492 - INFO - 开始清理数据...
2025-01-06 19:03:06,492 - INFO - 开始清理数据...
2025-01-06 19:03:06,492 - INFO - 开始清理数据...
2025-01-06 19:03:06,492 - INFO - 开始清理数据...
2025-01-06 19:03:06,492 - INFO - 开始清理数据...
2025-01-06 19:03:06,492 - INFO - 开始清理数据...
2025-01-06 19:03:06,492 - INFO - 开始清理数据...
2025-01-06 19:03:06,492 - INFO - 开始清理数据...
2025-01-06 19:03:06,492 - INFO - 开始清理数据...
2025-01-06 19:03:09,203 - INFO - 开始获取文件列表...
2025-01-06 19:03:09,203 - INFO - 开始获取文件列表...
2025-01-06 19:03:09,203 - INFO - 开始获取文件列表...
2025-01-06 19:03:09,203 - INFO - 开始获取文件列表...
2025-01-06 19:03:09,203 - INFO - 开始获取文件列表...
2025-01-06 19:03:09,203 - INFO - 开始获取文件列表...
2025-01-06 19:03:09,203 - INFO - 开始获取文件列表...
2025-01-06 19:03:09,203 - INFO - 开始获取文件列表...
2025-01-06 19:03:09,203 - INFO - 开始获取文件列表...
2025-01-06 19:03:09,203 - INFO - 开始获取文件列表...
2025-01-06 19:03:09,203 - INFO - 开始获取文件列表...
2025-01-06 19:03:09,203 - INFO - 开始获取文件列表...
2025-01-06 19:03:09,203 - INFO - 开始获取文件列表...
2025-01-06 19:03:09,203 - INFO - 开始获取文件列表...
2025-01-06 19:03:09,203 - INFO - 开始获取文件列表...
2025-01-06 19:03:09,203 - INFO - 开始获取文件列表...
2025-01-06 19:03:09,203 - INFO - 开始获取文件列表...
2025-01-06 19:03:09,203 - INFO - 开始获取文件列表...
2025-01-06 19:03:09,203 - INFO - 开始获取文件列表...
2025-01-06 19:03:09,203 - INFO - 开始获取文件列表...
2025-01-06 19:03:09,203 - INFO - 开始获取文件列表...
2025-01-06 19:03:09,203 - INFO - 开始获取文件列表...
2025-01-06 19:03:09,203 - INFO - 开始获取文件列表...
2025-01-06 19:03:09,203 - INFO - 开始获取文件列表...
2025-01-06 19:03:09,203 - INFO - 开始获取文件列表...
2025-01-06 19:03:09,203 - INFO - 开始获取文件列表...
2025-01-06 19:03:09,203 - INFO - 开始获取文件列表...
2025-01-06 19:03:09,292 - INFO - 开始读取和合并数据...
2025-01-06 19:03:09,292 - INFO - 开始读取和合并数据...
2025-01-06 19:03:09,292 - INFO - 开始读取和合并数据...
2025-01-06 19:03:09,292 - INFO - 开始读取和合并数据...
2025-01-06 19:03:09,292 - INFO - 开始读取和合并数据...
2025-01-06 19:03:09,292 - INFO - 开始读取和合并数据...
2025-01-06 19:03:09,292 - INFO - 开始读取和合并数据...
2025-01-06 19:03:09,292 - INFO - 开始读取和合并数据...
2025-01-06 19:03:09,292 - INFO - 开始读取和合并数据...
2025-01-06 19:03:09,292 - INFO - 开始读取和合并数据...
2025-01-06 19:03:09,292 - INFO - 开始读取和合并数据...
2025-01-06 19:03:09,292 - INFO - 开始读取和合并数据...
2025-01-06 19:03:09,292 - INFO - 开始读取和合并数据...
2025-01-06 19:03:09,292 - INFO - 开始读取和合并数据...
2025-01-06 19:03:09,292 - INFO - 开始读取和合并数据...
2025-01-06 19:03:09,292 - INFO - 开始读取和合并数据...
2025-01-06 19:03:09,292 - INFO - 开始读取和合并数据...
2025-01-06 19:03:09,292 - INFO - 开始读取和合并数据...
2025-01-06 19:03:09,292 - INFO - 开始读取和合并数据...
2025-01-06 19:03:09,292 - INFO - 开始读取和合并数据...
2025-01-06 19:03:09,292 - INFO - 开始读取和合并数据...
2025-01-06 19:03:09,292 - INFO - 开始读取和合并数据...
2025-01-06 19:03:09,292 - INFO - 开始读取和合并数据...
2025-01-06 19:03:09,292 - INFO - 开始读取和合并数据...
2025-01-06 19:03:09,292 - INFO - 开始读取和合并数据...
2025-01-06 19:03:09,292 - INFO - 开始读取和合并数据...
2025-01-06 19:03:09,292 - INFO - 开始读取和合并数据...
2025-01-06 19:04:35,400 - ERROR - 合并文件时出错: Usecols do not match columns, columns expected but not found: ['qslx', 'tsncpzwlxqt', 'cyjd', 'zblx', 'lzzd2', 'lzzdqt3', 'ydbh', 'lzzd1', 'trsh', 'xdx', 'ddx', 'lzzdqt1', 'tdlylxbg', 'sftsncp', 'my', 'mzqt', 'djzw', 'ggfs', 'pd', 'lzzdqt2', 'myqt', 'dblxfd', 'dblsfd', 'dblxkd', 'pxn', 'zbzwysz', 'tjdlgc', 'ggfsqt', 'tsncpzwlx', 'lmlxqt', 'lzzd3', 'zzlx', 'px', 'dxbw', 'mz', 'dbybfd', 'clsp', 'ggbzl', 'djzwqt', 'cywd', 'dcdw', 'tdlylx', 'xdxqt', 'lmlx', 'zdx', 'tdlylxqt', 'gzchd', 'dxbwqt', 'ntpstj'] (sheet: 0)
2025-01-06 19:04:35,400 - ERROR - 合并文件时出错: Usecols do not match columns, columns expected but not found: ['qslx', 'tsncpzwlxqt', 'cyjd', 'zblx', 'lzzd2', 'lzzdqt3', 'ydbh', 'lzzd1', 'trsh', 'xdx', 'ddx', 'lzzdqt1', 'tdlylxbg', 'sftsncp', 'my', 'mzqt', 'djzw', 'ggfs', 'pd', 'lzzdqt2', 'myqt', 'dblxfd', 'dblsfd', 'dblxkd', 'pxn', 'zbzwysz', 'tjdlgc', 'ggfsqt', 'tsncpzwlx', 'lmlxqt', 'lzzd3', 'zzlx', 'px', 'dxbw', 'mz', 'dbybfd', 'clsp', 'ggbzl', 'djzwqt', 'cywd', 'dcdw', 'tdlylx', 'xdxqt', 'lmlx', 'zdx', 'tdlylxqt', 'gzchd', 'dxbwqt', 'ntpstj'] (sheet: 0)
2025-01-06 19:04:35,400 - ERROR - 合并文件时出错: Usecols do not match columns, columns expected but not found: ['qslx', 'tsncpzwlxqt', 'cyjd', 'zblx', 'lzzd2', 'lzzdqt3', 'ydbh', 'lzzd1', 'trsh', 'xdx', 'ddx', 'lzzdqt1', 'tdlylxbg', 'sftsncp', 'my', 'mzqt', 'djzw', 'ggfs', 'pd', 'lzzdqt2', 'myqt', 'dblxfd', 'dblsfd', 'dblxkd', 'pxn', 'zbzwysz', 'tjdlgc', 'ggfsqt', 'tsncpzwlx', 'lmlxqt', 'lzzd3', 'zzlx', 'px', 'dxbw', 'mz', 'dbybfd', 'clsp', 'ggbzl', 'djzwqt', 'cywd', 'dcdw', 'tdlylx', 'xdxqt', 'lmlx', 'zdx', 'tdlylxqt', 'gzchd', 'dxbwqt', 'ntpstj'] (sheet: 0)
2025-01-06 19:04:35,400 - ERROR - 合并文件时出错: Usecols do not match columns, columns expected but not found: ['qslx', 'tsncpzwlxqt', 'cyjd', 'zblx', 'lzzd2', 'lzzdqt3', 'ydbh', 'lzzd1', 'trsh', 'xdx', 'ddx', 'lzzdqt1', 'tdlylxbg', 'sftsncp', 'my', 'mzqt', 'djzw', 'ggfs', 'pd', 'lzzdqt2', 'myqt', 'dblxfd', 'dblsfd', 'dblxkd', 'pxn', 'zbzwysz', 'tjdlgc', 'ggfsqt', 'tsncpzwlx', 'lmlxqt', 'lzzd3', 'zzlx', 'px', 'dxbw', 'mz', 'dbybfd', 'clsp', 'ggbzl', 'djzwqt', 'cywd', 'dcdw', 'tdlylx', 'xdxqt', 'lmlx', 'zdx', 'tdlylxqt', 'gzchd', 'dxbwqt', 'ntpstj'] (sheet: 0)
2025-01-06 19:04:35,400 - ERROR - 合并文件时出错: Usecols do not match columns, columns expected but not found: ['qslx', 'tsncpzwlxqt', 'cyjd', 'zblx', 'lzzd2', 'lzzdqt3', 'ydbh', 'lzzd1', 'trsh', 'xdx', 'ddx', 'lzzdqt1', 'tdlylxbg', 'sftsncp', 'my', 'mzqt', 'djzw', 'ggfs', 'pd', 'lzzdqt2', 'myqt', 'dblxfd', 'dblsfd', 'dblxkd', 'pxn', 'zbzwysz', 'tjdlgc', 'ggfsqt', 'tsncpzwlx', 'lmlxqt', 'lzzd3', 'zzlx', 'px', 'dxbw', 'mz', 'dbybfd', 'clsp', 'ggbzl', 'djzwqt', 'cywd', 'dcdw', 'tdlylx', 'xdxqt', 'lmlx', 'zdx', 'tdlylxqt', 'gzchd', 'dxbwqt', 'ntpstj'] (sheet: 0)
2025-01-06 19:04:35,400 - ERROR - 合并文件时出错: Usecols do not match columns, columns expected but not found: ['qslx', 'tsncpzwlxqt', 'cyjd', 'zblx', 'lzzd2', 'lzzdqt3', 'ydbh', 'lzzd1', 'trsh', 'xdx', 'ddx', 'lzzdqt1', 'tdlylxbg', 'sftsncp', 'my', 'mzqt', 'djzw', 'ggfs', 'pd', 'lzzdqt2', 'myqt', 'dblxfd', 'dblsfd', 'dblxkd', 'pxn', 'zbzwysz', 'tjdlgc', 'ggfsqt', 'tsncpzwlx', 'lmlxqt', 'lzzd3', 'zzlx', 'px', 'dxbw', 'mz', 'dbybfd', 'clsp', 'ggbzl', 'djzwqt', 'cywd', 'dcdw', 'tdlylx', 'xdxqt', 'lmlx', 'zdx', 'tdlylxqt', 'gzchd', 'dxbwqt', 'ntpstj'] (sheet: 0)
2025-01-06 19:04:35,400 - ERROR - 合并文件时出错: Usecols do not match columns, columns expected but not found: ['qslx', 'tsncpzwlxqt', 'cyjd', 'zblx', 'lzzd2', 'lzzdqt3', 'ydbh', 'lzzd1', 'trsh', 'xdx', 'ddx', 'lzzdqt1', 'tdlylxbg', 'sftsncp', 'my', 'mzqt', 'djzw', 'ggfs', 'pd', 'lzzdqt2', 'myqt', 'dblxfd', 'dblsfd', 'dblxkd', 'pxn', 'zbzwysz', 'tjdlgc', 'ggfsqt', 'tsncpzwlx', 'lmlxqt', 'lzzd3', 'zzlx', 'px', 'dxbw', 'mz', 'dbybfd', 'clsp', 'ggbzl', 'djzwqt', 'cywd', 'dcdw', 'tdlylx', 'xdxqt', 'lmlx', 'zdx', 'tdlylxqt', 'gzchd', 'dxbwqt', 'ntpstj'] (sheet: 0)
2025-01-06 19:04:35,400 - ERROR - 合并文件时出错: Usecols do not match columns, columns expected but not found: ['qslx', 'tsncpzwlxqt', 'cyjd', 'zblx', 'lzzd2', 'lzzdqt3', 'ydbh', 'lzzd1', 'trsh', 'xdx', 'ddx', 'lzzdqt1', 'tdlylxbg', 'sftsncp', 'my', 'mzqt', 'djzw', 'ggfs', 'pd', 'lzzdqt2', 'myqt', 'dblxfd', 'dblsfd', 'dblxkd', 'pxn', 'zbzwysz', 'tjdlgc', 'ggfsqt', 'tsncpzwlx', 'lmlxqt', 'lzzd3', 'zzlx', 'px', 'dxbw', 'mz', 'dbybfd', 'clsp', 'ggbzl', 'djzwqt', 'cywd', 'dcdw', 'tdlylx', 'xdxqt', 'lmlx', 'zdx', 'tdlylxqt', 'gzchd', 'dxbwqt', 'ntpstj'] (sheet: 0)
2025-01-06 19:04:35,400 - ERROR - 合并文件时出错: Usecols do not match columns, columns expected but not found: ['qslx', 'tsncpzwlxqt', 'cyjd', 'zblx', 'lzzd2', 'lzzdqt3', 'ydbh', 'lzzd1', 'trsh', 'xdx', 'ddx', 'lzzdqt1', 'tdlylxbg', 'sftsncp', 'my', 'mzqt', 'djzw', 'ggfs', 'pd', 'lzzdqt2', 'myqt', 'dblxfd', 'dblsfd', 'dblxkd', 'pxn', 'zbzwysz', 'tjdlgc', 'ggfsqt', 'tsncpzwlx', 'lmlxqt', 'lzzd3', 'zzlx', 'px', 'dxbw', 'mz', 'dbybfd', 'clsp', 'ggbzl', 'djzwqt', 'cywd', 'dcdw', 'tdlylx', 'xdxqt', 'lmlx', 'zdx', 'tdlylxqt', 'gzchd', 'dxbwqt', 'ntpstj'] (sheet: 0)
2025-01-06 19:04:35,400 - ERROR - 合并文件时出错: Usecols do not match columns, columns expected but not found: ['qslx', 'tsncpzwlxqt', 'cyjd', 'zblx', 'lzzd2', 'lzzdqt3', 'ydbh', 'lzzd1', 'trsh', 'xdx', 'ddx', 'lzzdqt1', 'tdlylxbg', 'sftsncp', 'my', 'mzqt', 'djzw', 'ggfs', 'pd', 'lzzdqt2', 'myqt', 'dblxfd', 'dblsfd', 'dblxkd', 'pxn', 'zbzwysz', 'tjdlgc', 'ggfsqt', 'tsncpzwlx', 'lmlxqt', 'lzzd3', 'zzlx', 'px', 'dxbw', 'mz', 'dbybfd', 'clsp', 'ggbzl', 'djzwqt', 'cywd', 'dcdw', 'tdlylx', 'xdxqt', 'lmlx', 'zdx', 'tdlylxqt', 'gzchd', 'dxbwqt', 'ntpstj'] (sheet: 0)
2025-01-06 19:04:35,400 - ERROR - 合并文件时出错: Usecols do not match columns, columns expected but not found: ['qslx', 'tsncpzwlxqt', 'cyjd', 'zblx', 'lzzd2', 'lzzdqt3', 'ydbh', 'lzzd1', 'trsh', 'xdx', 'ddx', 'lzzdqt1', 'tdlylxbg', 'sftsncp', 'my', 'mzqt', 'djzw', 'ggfs', 'pd', 'lzzdqt2', 'myqt', 'dblxfd', 'dblsfd', 'dblxkd', 'pxn', 'zbzwysz', 'tjdlgc', 'ggfsqt', 'tsncpzwlx', 'lmlxqt', 'lzzd3', 'zzlx', 'px', 'dxbw', 'mz', 'dbybfd', 'clsp', 'ggbzl', 'djzwqt', 'cywd', 'dcdw', 'tdlylx', 'xdxqt', 'lmlx', 'zdx', 'tdlylxqt', 'gzchd', 'dxbwqt', 'ntpstj'] (sheet: 0)
2025-01-06 19:04:35,400 - ERROR - 合并文件时出错: Usecols do not match columns, columns expected but not found: ['qslx', 'tsncpzwlxqt', 'cyjd', 'zblx', 'lzzd2', 'lzzdqt3', 'ydbh', 'lzzd1', 'trsh', 'xdx', 'ddx', 'lzzdqt1', 'tdlylxbg', 'sftsncp', 'my', 'mzqt', 'djzw', 'ggfs', 'pd', 'lzzdqt2', 'myqt', 'dblxfd', 'dblsfd', 'dblxkd', 'pxn', 'zbzwysz', 'tjdlgc', 'ggfsqt', 'tsncpzwlx', 'lmlxqt', 'lzzd3', 'zzlx', 'px', 'dxbw', 'mz', 'dbybfd', 'clsp', 'ggbzl', 'djzwqt', 'cywd', 'dcdw', 'tdlylx', 'xdxqt', 'lmlx', 'zdx', 'tdlylxqt', 'gzchd', 'dxbwqt', 'ntpstj'] (sheet: 0)
2025-01-06 19:04:35,400 - ERROR - 合并文件时出错: Usecols do not match columns, columns expected but not found: ['qslx', 'tsncpzwlxqt', 'cyjd', 'zblx', 'lzzd2', 'lzzdqt3', 'ydbh', 'lzzd1', 'trsh', 'xdx', 'ddx', 'lzzdqt1', 'tdlylxbg', 'sftsncp', 'my', 'mzqt', 'djzw', 'ggfs', 'pd', 'lzzdqt2', 'myqt', 'dblxfd', 'dblsfd', 'dblxkd', 'pxn', 'zbzwysz', 'tjdlgc', 'ggfsqt', 'tsncpzwlx', 'lmlxqt', 'lzzd3', 'zzlx', 'px', 'dxbw', 'mz', 'dbybfd', 'clsp', 'ggbzl', 'djzwqt', 'cywd', 'dcdw', 'tdlylx', 'xdxqt', 'lmlx', 'zdx', 'tdlylxqt', 'gzchd', 'dxbwqt', 'ntpstj'] (sheet: 0)
2025-01-06 19:04:35,400 - ERROR - 合并文件时出错: Usecols do not match columns, columns expected but not found: ['qslx', 'tsncpzwlxqt', 'cyjd', 'zblx', 'lzzd2', 'lzzdqt3', 'ydbh', 'lzzd1', 'trsh', 'xdx', 'ddx', 'lzzdqt1', 'tdlylxbg', 'sftsncp', 'my', 'mzqt', 'djzw', 'ggfs', 'pd', 'lzzdqt2', 'myqt', 'dblxfd', 'dblsfd', 'dblxkd', 'pxn', 'zbzwysz', 'tjdlgc', 'ggfsqt', 'tsncpzwlx', 'lmlxqt', 'lzzd3', 'zzlx', 'px', 'dxbw', 'mz', 'dbybfd', 'clsp', 'ggbzl', 'djzwqt', 'cywd', 'dcdw', 'tdlylx', 'xdxqt', 'lmlx', 'zdx', 'tdlylxqt', 'gzchd', 'dxbwqt', 'ntpstj'] (sheet: 0)
2025-01-06 19:04:35,400 - ERROR - 合并文件时出错: Usecols do not match columns, columns expected but not found: ['qslx', 'tsncpzwlxqt', 'cyjd', 'zblx', 'lzzd2', 'lzzdqt3', 'ydbh', 'lzzd1', 'trsh', 'xdx', 'ddx', 'lzzdqt1', 'tdlylxbg', 'sftsncp', 'my', 'mzqt', 'djzw', 'ggfs', 'pd', 'lzzdqt2', 'myqt', 'dblxfd', 'dblsfd', 'dblxkd', 'pxn', 'zbzwysz', 'tjdlgc', 'ggfsqt', 'tsncpzwlx', 'lmlxqt', 'lzzd3', 'zzlx', 'px', 'dxbw', 'mz', 'dbybfd', 'clsp', 'ggbzl', 'djzwqt', 'cywd', 'dcdw', 'tdlylx', 'xdxqt', 'lmlx', 'zdx', 'tdlylxqt', 'gzchd', 'dxbwqt', 'ntpstj'] (sheet: 0)
2025-01-06 19:04:35,400 - ERROR - 合并文件时出错: Usecols do not match columns, columns expected but not found: ['qslx', 'tsncpzwlxqt', 'cyjd', 'zblx', 'lzzd2', 'lzzdqt3', 'ydbh', 'lzzd1', 'trsh', 'xdx', 'ddx', 'lzzdqt1', 'tdlylxbg', 'sftsncp', 'my', 'mzqt', 'djzw', 'ggfs', 'pd', 'lzzdqt2', 'myqt', 'dblxfd', 'dblsfd', 'dblxkd', 'pxn', 'zbzwysz', 'tjdlgc', 'ggfsqt', 'tsncpzwlx', 'lmlxqt', 'lzzd3', 'zzlx', 'px', 'dxbw', 'mz', 'dbybfd', 'clsp', 'ggbzl', 'djzwqt', 'cywd', 'dcdw', 'tdlylx', 'xdxqt', 'lmlx', 'zdx', 'tdlylxqt', 'gzchd', 'dxbwqt', 'ntpstj'] (sheet: 0)
2025-01-06 19:04:35,400 - ERROR - 合并文件时出错: Usecols do not match columns, columns expected but not found: ['qslx', 'tsncpzwlxqt', 'cyjd', 'zblx', 'lzzd2', 'lzzdqt3', 'ydbh', 'lzzd1', 'trsh', 'xdx', 'ddx', 'lzzdqt1', 'tdlylxbg', 'sftsncp', 'my', 'mzqt', 'djzw', 'ggfs', 'pd', 'lzzdqt2', 'myqt', 'dblxfd', 'dblsfd', 'dblxkd', 'pxn', 'zbzwysz', 'tjdlgc', 'ggfsqt', 'tsncpzwlx', 'lmlxqt', 'lzzd3', 'zzlx', 'px', 'dxbw', 'mz', 'dbybfd', 'clsp', 'ggbzl', 'djzwqt', 'cywd', 'dcdw', 'tdlylx', 'xdxqt', 'lmlx', 'zdx', 'tdlylxqt', 'gzchd', 'dxbwqt', 'ntpstj'] (sheet: 0)
2025-01-06 19:04:35,400 - ERROR - 合并文件时出错: Usecols do not match columns, columns expected but not found: ['qslx', 'tsncpzwlxqt', 'cyjd', 'zblx', 'lzzd2', 'lzzdqt3', 'ydbh', 'lzzd1', 'trsh', 'xdx', 'ddx', 'lzzdqt1', 'tdlylxbg', 'sftsncp', 'my', 'mzqt', 'djzw', 'ggfs', 'pd', 'lzzdqt2', 'myqt', 'dblxfd', 'dblsfd', 'dblxkd', 'pxn', 'zbzwysz', 'tjdlgc', 'ggfsqt', 'tsncpzwlx', 'lmlxqt', 'lzzd3', 'zzlx', 'px', 'dxbw', 'mz', 'dbybfd', 'clsp', 'ggbzl', 'djzwqt', 'cywd', 'dcdw', 'tdlylx', 'xdxqt', 'lmlx', 'zdx', 'tdlylxqt', 'gzchd', 'dxbwqt', 'ntpstj'] (sheet: 0)
2025-01-06 19:04:35,400 - ERROR - 合并文件时出错: Usecols do not match columns, columns expected but not found: ['qslx', 'tsncpzwlxqt', 'cyjd', 'zblx', 'lzzd2', 'lzzdqt3', 'ydbh', 'lzzd1', 'trsh', 'xdx', 'ddx', 'lzzdqt1', 'tdlylxbg', 'sftsncp', 'my', 'mzqt', 'djzw', 'ggfs', 'pd', 'lzzdqt2', 'myqt', 'dblxfd', 'dblsfd', 'dblxkd', 'pxn', 'zbzwysz', 'tjdlgc', 'ggfsqt', 'tsncpzwlx', 'lmlxqt', 'lzzd3', 'zzlx', 'px', 'dxbw', 'mz', 'dbybfd', 'clsp', 'ggbzl', 'djzwqt', 'cywd', 'dcdw', 'tdlylx', 'xdxqt', 'lmlx', 'zdx', 'tdlylxqt', 'gzchd', 'dxbwqt', 'ntpstj'] (sheet: 0)
2025-01-06 19:04:35,400 - ERROR - 合并文件时出错: Usecols do not match columns, columns expected but not found: ['qslx', 'tsncpzwlxqt', 'cyjd', 'zblx', 'lzzd2', 'lzzdqt3', 'ydbh', 'lzzd1', 'trsh', 'xdx', 'ddx', 'lzzdqt1', 'tdlylxbg', 'sftsncp', 'my', 'mzqt', 'djzw', 'ggfs', 'pd', 'lzzdqt2', 'myqt', 'dblxfd', 'dblsfd', 'dblxkd', 'pxn', 'zbzwysz', 'tjdlgc', 'ggfsqt', 'tsncpzwlx', 'lmlxqt', 'lzzd3', 'zzlx', 'px', 'dxbw', 'mz', 'dbybfd', 'clsp', 'ggbzl', 'djzwqt', 'cywd', 'dcdw', 'tdlylx', 'xdxqt', 'lmlx', 'zdx', 'tdlylxqt', 'gzchd', 'dxbwqt', 'ntpstj'] (sheet: 0)
2025-01-06 19:04:35,400 - ERROR - 合并文件时出错: Usecols do not match columns, columns expected but not found: ['qslx', 'tsncpzwlxqt', 'cyjd', 'zblx', 'lzzd2', 'lzzdqt3', 'ydbh', 'lzzd1', 'trsh', 'xdx', 'ddx', 'lzzdqt1', 'tdlylxbg', 'sftsncp', 'my', 'mzqt', 'djzw', 'ggfs', 'pd', 'lzzdqt2', 'myqt', 'dblxfd', 'dblsfd', 'dblxkd', 'pxn', 'zbzwysz', 'tjdlgc', 'ggfsqt', 'tsncpzwlx', 'lmlxqt', 'lzzd3', 'zzlx', 'px', 'dxbw', 'mz', 'dbybfd', 'clsp', 'ggbzl', 'djzwqt', 'cywd', 'dcdw', 'tdlylx', 'xdxqt', 'lmlx', 'zdx', 'tdlylxqt', 'gzchd', 'dxbwqt', 'ntpstj'] (sheet: 0)
2025-01-06 19:04:35,400 - ERROR - 合并文件时出错: Usecols do not match columns, columns expected but not found: ['qslx', 'tsncpzwlxqt', 'cyjd', 'zblx', 'lzzd2', 'lzzdqt3', 'ydbh', 'lzzd1', 'trsh', 'xdx', 'ddx', 'lzzdqt1', 'tdlylxbg', 'sftsncp', 'my', 'mzqt', 'djzw', 'ggfs', 'pd', 'lzzdqt2', 'myqt', 'dblxfd', 'dblsfd', 'dblxkd', 'pxn', 'zbzwysz', 'tjdlgc', 'ggfsqt', 'tsncpzwlx', 'lmlxqt', 'lzzd3', 'zzlx', 'px', 'dxbw', 'mz', 'dbybfd', 'clsp', 'ggbzl', 'djzwqt', 'cywd', 'dcdw', 'tdlylx', 'xdxqt', 'lmlx', 'zdx', 'tdlylxqt', 'gzchd', 'dxbwqt', 'ntpstj'] (sheet: 0)
2025-01-06 19:04:35,400 - ERROR - 合并文件时出错: Usecols do not match columns, columns expected but not found: ['qslx', 'tsncpzwlxqt', 'cyjd', 'zblx', 'lzzd2', 'lzzdqt3', 'ydbh', 'lzzd1', 'trsh', 'xdx', 'ddx', 'lzzdqt1', 'tdlylxbg', 'sftsncp', 'my', 'mzqt', 'djzw', 'ggfs', 'pd', 'lzzdqt2', 'myqt', 'dblxfd', 'dblsfd', 'dblxkd', 'pxn', 'zbzwysz', 'tjdlgc', 'ggfsqt', 'tsncpzwlx', 'lmlxqt', 'lzzd3', 'zzlx', 'px', 'dxbw', 'mz', 'dbybfd', 'clsp', 'ggbzl', 'djzwqt', 'cywd', 'dcdw', 'tdlylx', 'xdxqt', 'lmlx', 'zdx', 'tdlylxqt', 'gzchd', 'dxbwqt', 'ntpstj'] (sheet: 0)
2025-01-06 19:04:35,400 - ERROR - 合并文件时出错: Usecols do not match columns, columns expected but not found: ['qslx', 'tsncpzwlxqt', 'cyjd', 'zblx', 'lzzd2', 'lzzdqt3', 'ydbh', 'lzzd1', 'trsh', 'xdx', 'ddx', 'lzzdqt1', 'tdlylxbg', 'sftsncp', 'my', 'mzqt', 'djzw', 'ggfs', 'pd', 'lzzdqt2', 'myqt', 'dblxfd', 'dblsfd', 'dblxkd', 'pxn', 'zbzwysz', 'tjdlgc', 'ggfsqt', 'tsncpzwlx', 'lmlxqt', 'lzzd3', 'zzlx', 'px', 'dxbw', 'mz', 'dbybfd', 'clsp', 'ggbzl', 'djzwqt', 'cywd', 'dcdw', 'tdlylx', 'xdxqt', 'lmlx', 'zdx', 'tdlylxqt', 'gzchd', 'dxbwqt', 'ntpstj'] (sheet: 0)
2025-01-06 19:04:35,400 - ERROR - 合并文件时出错: Usecols do not match columns, columns expected but not found: ['qslx', 'tsncpzwlxqt', 'cyjd', 'zblx', 'lzzd2', 'lzzdqt3', 'ydbh', 'lzzd1', 'trsh', 'xdx', 'ddx', 'lzzdqt1', 'tdlylxbg', 'sftsncp', 'my', 'mzqt', 'djzw', 'ggfs', 'pd', 'lzzdqt2', 'myqt', 'dblxfd', 'dblsfd', 'dblxkd', 'pxn', 'zbzwysz', 'tjdlgc', 'ggfsqt', 'tsncpzwlx', 'lmlxqt', 'lzzd3', 'zzlx', 'px', 'dxbw', 'mz', 'dbybfd', 'clsp', 'ggbzl', 'djzwqt', 'cywd', 'dcdw', 'tdlylx', 'xdxqt', 'lmlx', 'zdx', 'tdlylxqt', 'gzchd', 'dxbwqt', 'ntpstj'] (sheet: 0)
2025-01-06 19:04:35,400 - ERROR - 合并文件时出错: Usecols do not match columns, columns expected but not found: ['qslx', 'tsncpzwlxqt', 'cyjd', 'zblx', 'lzzd2', 'lzzdqt3', 'ydbh', 'lzzd1', 'trsh', 'xdx', 'ddx', 'lzzdqt1', 'tdlylxbg', 'sftsncp', 'my', 'mzqt', 'djzw', 'ggfs', 'pd', 'lzzdqt2', 'myqt', 'dblxfd', 'dblsfd', 'dblxkd', 'pxn', 'zbzwysz', 'tjdlgc', 'ggfsqt', 'tsncpzwlx', 'lmlxqt', 'lzzd3', 'zzlx', 'px', 'dxbw', 'mz', 'dbybfd', 'clsp', 'ggbzl', 'djzwqt', 'cywd', 'dcdw', 'tdlylx', 'xdxqt', 'lmlx', 'zdx', 'tdlylxqt', 'gzchd', 'dxbwqt', 'ntpstj'] (sheet: 0)
2025-01-06 19:04:35,400 - ERROR - 合并文件时出错: Usecols do not match columns, columns expected but not found: ['qslx', 'tsncpzwlxqt', 'cyjd', 'zblx', 'lzzd2', 'lzzdqt3', 'ydbh', 'lzzd1', 'trsh', 'xdx', 'ddx', 'lzzdqt1', 'tdlylxbg', 'sftsncp', 'my', 'mzqt', 'djzw', 'ggfs', 'pd', 'lzzdqt2', 'myqt', 'dblxfd', 'dblsfd', 'dblxkd', 'pxn', 'zbzwysz', 'tjdlgc', 'ggfsqt', 'tsncpzwlx', 'lmlxqt', 'lzzd3', 'zzlx', 'px', 'dxbw', 'mz', 'dbybfd', 'clsp', 'ggbzl', 'djzwqt', 'cywd', 'dcdw', 'tdlylx', 'xdxqt', 'lmlx', 'zdx', 'tdlylxqt', 'gzchd', 'dxbwqt', 'ntpstj'] (sheet: 0)
2025-01-06 19:04:35,400 - ERROR - 处理数据时出错: Usecols do not match columns, columns expected but not found: ['qslx', 'tsncpzwlxqt', 'cyjd', 'zblx', 'lzzd2', 'lzzdqt3', 'ydbh', 'lzzd1', 'trsh', 'xdx', 'ddx', 'lzzdqt1', 'tdlylxbg', 'sftsncp', 'my', 'mzqt', 'djzw', 'ggfs', 'pd', 'lzzdqt2', 'myqt', 'dblxfd', 'dblsfd', 'dblxkd', 'pxn', 'zbzwysz', 'tjdlgc', 'ggfsqt', 'tsncpzwlx', 'lmlxqt', 'lzzd3', 'zzlx', 'px', 'dxbw', 'mz', 'dbybfd', 'clsp', 'ggbzl', 'djzwqt', 'cywd', 'dcdw', 'tdlylx', 'xdxqt', 'lmlx', 'zdx', 'tdlylxqt', 'gzchd', 'dxbwqt', 'ntpstj'] (sheet: 0)
2025-01-06 19:04:35,400 - ERROR - 处理数据时出错: Usecols do not match columns, columns expected but not found: ['qslx', 'tsncpzwlxqt', 'cyjd', 'zblx', 'lzzd2', 'lzzdqt3', 'ydbh', 'lzzd1', 'trsh', 'xdx', 'ddx', 'lzzdqt1', 'tdlylxbg', 'sftsncp', 'my', 'mzqt', 'djzw', 'ggfs', 'pd', 'lzzdqt2', 'myqt', 'dblxfd', 'dblsfd', 'dblxkd', 'pxn', 'zbzwysz', 'tjdlgc', 'ggfsqt', 'tsncpzwlx', 'lmlxqt', 'lzzd3', 'zzlx', 'px', 'dxbw', 'mz', 'dbybfd', 'clsp', 'ggbzl', 'djzwqt', 'cywd', 'dcdw', 'tdlylx', 'xdxqt', 'lmlx', 'zdx', 'tdlylxqt', 'gzchd', 'dxbwqt', 'ntpstj'] (sheet: 0)
2025-01-06 19:04:35,400 - ERROR - 处理数据时出错: Usecols do not match columns, columns expected but not found: ['qslx', 'tsncpzwlxqt', 'cyjd', 'zblx', 'lzzd2', 'lzzdqt3', 'ydbh', 'lzzd1', 'trsh', 'xdx', 'ddx', 'lzzdqt1', 'tdlylxbg', 'sftsncp', 'my', 'mzqt', 'djzw', 'ggfs', 'pd', 'lzzdqt2', 'myqt', 'dblxfd', 'dblsfd', 'dblxkd', 'pxn', 'zbzwysz', 'tjdlgc', 'ggfsqt', 'tsncpzwlx', 'lmlxqt', 'lzzd3', 'zzlx', 'px', 'dxbw', 'mz', 'dbybfd', 'clsp', 'ggbzl', 'djzwqt', 'cywd', 'dcdw', 'tdlylx', 'xdxqt', 'lmlx', 'zdx', 'tdlylxqt', 'gzchd', 'dxbwqt', 'ntpstj'] (sheet: 0)
2025-01-06 19:04:35,400 - ERROR - 处理数据时出错: Usecols do not match columns, columns expected but not found: ['qslx', 'tsncpzwlxqt', 'cyjd', 'zblx', 'lzzd2', 'lzzdqt3', 'ydbh', 'lzzd1', 'trsh', 'xdx', 'ddx', 'lzzdqt1', 'tdlylxbg', 'sftsncp', 'my', 'mzqt', 'djzw', 'ggfs', 'pd', 'lzzdqt2', 'myqt', 'dblxfd', 'dblsfd', 'dblxkd', 'pxn', 'zbzwysz', 'tjdlgc', 'ggfsqt', 'tsncpzwlx', 'lmlxqt', 'lzzd3', 'zzlx', 'px', 'dxbw', 'mz', 'dbybfd', 'clsp', 'ggbzl', 'djzwqt', 'cywd', 'dcdw', 'tdlylx', 'xdxqt', 'lmlx', 'zdx', 'tdlylxqt', 'gzchd', 'dxbwqt', 'ntpstj'] (sheet: 0)
2025-01-06 19:04:35,400 - ERROR - 处理数据时出错: Usecols do not match columns, columns expected but not found: ['qslx', 'tsncpzwlxqt', 'cyjd', 'zblx', 'lzzd2', 'lzzdqt3', 'ydbh', 'lzzd1', 'trsh', 'xdx', 'ddx', 'lzzdqt1', 'tdlylxbg', 'sftsncp', 'my', 'mzqt', 'djzw', 'ggfs', 'pd', 'lzzdqt2', 'myqt', 'dblxfd', 'dblsfd', 'dblxkd', 'pxn', 'zbzwysz', 'tjdlgc', 'ggfsqt', 'tsncpzwlx', 'lmlxqt', 'lzzd3', 'zzlx', 'px', 'dxbw', 'mz', 'dbybfd', 'clsp', 'ggbzl', 'djzwqt', 'cywd', 'dcdw', 'tdlylx', 'xdxqt', 'lmlx', 'zdx', 'tdlylxqt', 'gzchd', 'dxbwqt', 'ntpstj'] (sheet: 0)
2025-01-06 19:04:35,400 - ERROR - 处理数据时出错: Usecols do not match columns, columns expected but not found: ['qslx', 'tsncpzwlxqt', 'cyjd', 'zblx', 'lzzd2', 'lzzdqt3', 'ydbh', 'lzzd1', 'trsh', 'xdx', 'ddx', 'lzzdqt1', 'tdlylxbg', 'sftsncp', 'my', 'mzqt', 'djzw', 'ggfs', 'pd', 'lzzdqt2', 'myqt', 'dblxfd', 'dblsfd', 'dblxkd', 'pxn', 'zbzwysz', 'tjdlgc', 'ggfsqt', 'tsncpzwlx', 'lmlxqt', 'lzzd3', 'zzlx', 'px', 'dxbw', 'mz', 'dbybfd', 'clsp', 'ggbzl', 'djzwqt', 'cywd', 'dcdw', 'tdlylx', 'xdxqt', 'lmlx', 'zdx', 'tdlylxqt', 'gzchd', 'dxbwqt', 'ntpstj'] (sheet: 0)
2025-01-06 19:04:35,400 - ERROR - 处理数据时出错: Usecols do not match columns, columns expected but not found: ['qslx', 'tsncpzwlxqt', 'cyjd', 'zblx', 'lzzd2', 'lzzdqt3', 'ydbh', 'lzzd1', 'trsh', 'xdx', 'ddx', 'lzzdqt1', 'tdlylxbg', 'sftsncp', 'my', 'mzqt', 'djzw', 'ggfs', 'pd', 'lzzdqt2', 'myqt', 'dblxfd', 'dblsfd', 'dblxkd', 'pxn', 'zbzwysz', 'tjdlgc', 'ggfsqt', 'tsncpzwlx', 'lmlxqt', 'lzzd3', 'zzlx', 'px', 'dxbw', 'mz', 'dbybfd', 'clsp', 'ggbzl', 'djzwqt', 'cywd', 'dcdw', 'tdlylx', 'xdxqt', 'lmlx', 'zdx', 'tdlylxqt', 'gzchd', 'dxbwqt', 'ntpstj'] (sheet: 0)
2025-01-06 19:04:35,400 - ERROR - 处理数据时出错: Usecols do not match columns, columns expected but not found: ['qslx', 'tsncpzwlxqt', 'cyjd', 'zblx', 'lzzd2', 'lzzdqt3', 'ydbh', 'lzzd1', 'trsh', 'xdx', 'ddx', 'lzzdqt1', 'tdlylxbg', 'sftsncp', 'my', 'mzqt', 'djzw', 'ggfs', 'pd', 'lzzdqt2', 'myqt', 'dblxfd', 'dblsfd', 'dblxkd', 'pxn', 'zbzwysz', 'tjdlgc', 'ggfsqt', 'tsncpzwlx', 'lmlxqt', 'lzzd3', 'zzlx', 'px', 'dxbw', 'mz', 'dbybfd', 'clsp', 'ggbzl', 'djzwqt', 'cywd', 'dcdw', 'tdlylx', 'xdxqt', 'lmlx', 'zdx', 'tdlylxqt', 'gzchd', 'dxbwqt', 'ntpstj'] (sheet: 0)
2025-01-06 19:04:35,400 - ERROR - 处理数据时出错: Usecols do not match columns, columns expected but not found: ['qslx', 'tsncpzwlxqt', 'cyjd', 'zblx', 'lzzd2', 'lzzdqt3', 'ydbh', 'lzzd1', 'trsh', 'xdx', 'ddx', 'lzzdqt1', 'tdlylxbg', 'sftsncp', 'my', 'mzqt', 'djzw', 'ggfs', 'pd', 'lzzdqt2', 'myqt', 'dblxfd', 'dblsfd', 'dblxkd', 'pxn', 'zbzwysz', 'tjdlgc', 'ggfsqt', 'tsncpzwlx', 'lmlxqt', 'lzzd3', 'zzlx', 'px', 'dxbw', 'mz', 'dbybfd', 'clsp', 'ggbzl', 'djzwqt', 'cywd', 'dcdw', 'tdlylx', 'xdxqt', 'lmlx', 'zdx', 'tdlylxqt', 'gzchd', 'dxbwqt', 'ntpstj'] (sheet: 0)
2025-01-06 19:04:35,400 - ERROR - 处理数据时出错: Usecols do not match columns, columns expected but not found: ['qslx', 'tsncpzwlxqt', 'cyjd', 'zblx', 'lzzd2', 'lzzdqt3', 'ydbh', 'lzzd1', 'trsh', 'xdx', 'ddx', 'lzzdqt1', 'tdlylxbg', 'sftsncp', 'my', 'mzqt', 'djzw', 'ggfs', 'pd', 'lzzdqt2', 'myqt', 'dblxfd', 'dblsfd', 'dblxkd', 'pxn', 'zbzwysz', 'tjdlgc', 'ggfsqt', 'tsncpzwlx', 'lmlxqt', 'lzzd3', 'zzlx', 'px', 'dxbw', 'mz', 'dbybfd', 'clsp', 'ggbzl', 'djzwqt', 'cywd', 'dcdw', 'tdlylx', 'xdxqt', 'lmlx', 'zdx', 'tdlylxqt', 'gzchd', 'dxbwqt', 'ntpstj'] (sheet: 0)
2025-01-06 19:04:35,400 - ERROR - 处理数据时出错: Usecols do not match columns, columns expected but not found: ['qslx', 'tsncpzwlxqt', 'cyjd', 'zblx', 'lzzd2', 'lzzdqt3', 'ydbh', 'lzzd1', 'trsh', 'xdx', 'ddx', 'lzzdqt1', 'tdlylxbg', 'sftsncp', 'my', 'mzqt', 'djzw', 'ggfs', 'pd', 'lzzdqt2', 'myqt', 'dblxfd', 'dblsfd', 'dblxkd', 'pxn', 'zbzwysz', 'tjdlgc', 'ggfsqt', 'tsncpzwlx', 'lmlxqt', 'lzzd3', 'zzlx', 'px', 'dxbw', 'mz', 'dbybfd', 'clsp', 'ggbzl', 'djzwqt', 'cywd', 'dcdw', 'tdlylx', 'xdxqt', 'lmlx', 'zdx', 'tdlylxqt', 'gzchd', 'dxbwqt', 'ntpstj'] (sheet: 0)
2025-01-06 19:04:35,400 - ERROR - 处理数据时出错: Usecols do not match columns, columns expected but not found: ['qslx', 'tsncpzwlxqt', 'cyjd', 'zblx', 'lzzd2', 'lzzdqt3', 'ydbh', 'lzzd1', 'trsh', 'xdx', 'ddx', 'lzzdqt1', 'tdlylxbg', 'sftsncp', 'my', 'mzqt', 'djzw', 'ggfs', 'pd', 'lzzdqt2', 'myqt', 'dblxfd', 'dblsfd', 'dblxkd', 'pxn', 'zbzwysz', 'tjdlgc', 'ggfsqt', 'tsncpzwlx', 'lmlxqt', 'lzzd3', 'zzlx', 'px', 'dxbw', 'mz', 'dbybfd', 'clsp', 'ggbzl', 'djzwqt', 'cywd', 'dcdw', 'tdlylx', 'xdxqt', 'lmlx', 'zdx', 'tdlylxqt', 'gzchd', 'dxbwqt', 'ntpstj'] (sheet: 0)
2025-01-06 19:04:35,400 - ERROR - 处理数据时出错: Usecols do not match columns, columns expected but not found: ['qslx', 'tsncpzwlxqt', 'cyjd', 'zblx', 'lzzd2', 'lzzdqt3', 'ydbh', 'lzzd1', 'trsh', 'xdx', 'ddx', 'lzzdqt1', 'tdlylxbg', 'sftsncp', 'my', 'mzqt', 'djzw', 'ggfs', 'pd', 'lzzdqt2', 'myqt', 'dblxfd', 'dblsfd', 'dblxkd', 'pxn', 'zbzwysz', 'tjdlgc', 'ggfsqt', 'tsncpzwlx', 'lmlxqt', 'lzzd3', 'zzlx', 'px', 'dxbw', 'mz', 'dbybfd', 'clsp', 'ggbzl', 'djzwqt', 'cywd', 'dcdw', 'tdlylx', 'xdxqt', 'lmlx', 'zdx', 'tdlylxqt', 'gzchd', 'dxbwqt', 'ntpstj'] (sheet: 0)
2025-01-06 19:04:35,400 - ERROR - 处理数据时出错: Usecols do not match columns, columns expected but not found: ['qslx', 'tsncpzwlxqt', 'cyjd', 'zblx', 'lzzd2', 'lzzdqt3', 'ydbh', 'lzzd1', 'trsh', 'xdx', 'ddx', 'lzzdqt1', 'tdlylxbg', 'sftsncp', 'my', 'mzqt', 'djzw', 'ggfs', 'pd', 'lzzdqt2', 'myqt', 'dblxfd', 'dblsfd', 'dblxkd', 'pxn', 'zbzwysz', 'tjdlgc', 'ggfsqt', 'tsncpzwlx', 'lmlxqt', 'lzzd3', 'zzlx', 'px', 'dxbw', 'mz', 'dbybfd', 'clsp', 'ggbzl', 'djzwqt', 'cywd', 'dcdw', 'tdlylx', 'xdxqt', 'lmlx', 'zdx', 'tdlylxqt', 'gzchd', 'dxbwqt', 'ntpstj'] (sheet: 0)
2025-01-06 19:04:35,400 - ERROR - 处理数据时出错: Usecols do not match columns, columns expected but not found: ['qslx', 'tsncpzwlxqt', 'cyjd', 'zblx', 'lzzd2', 'lzzdqt3', 'ydbh', 'lzzd1', 'trsh', 'xdx', 'ddx', 'lzzdqt1', 'tdlylxbg', 'sftsncp', 'my', 'mzqt', 'djzw', 'ggfs', 'pd', 'lzzdqt2', 'myqt', 'dblxfd', 'dblsfd', 'dblxkd', 'pxn', 'zbzwysz', 'tjdlgc', 'ggfsqt', 'tsncpzwlx', 'lmlxqt', 'lzzd3', 'zzlx', 'px', 'dxbw', 'mz', 'dbybfd', 'clsp', 'ggbzl', 'djzwqt', 'cywd', 'dcdw', 'tdlylx', 'xdxqt', 'lmlx', 'zdx', 'tdlylxqt', 'gzchd', 'dxbwqt', 'ntpstj'] (sheet: 0)
2025-01-06 19:04:35,400 - ERROR - 处理数据时出错: Usecols do not match columns, columns expected but not found: ['qslx', 'tsncpzwlxqt', 'cyjd', 'zblx', 'lzzd2', 'lzzdqt3', 'ydbh', 'lzzd1', 'trsh', 'xdx', 'ddx', 'lzzdqt1', 'tdlylxbg', 'sftsncp', 'my', 'mzqt', 'djzw', 'ggfs', 'pd', 'lzzdqt2', 'myqt', 'dblxfd', 'dblsfd', 'dblxkd', 'pxn', 'zbzwysz', 'tjdlgc', 'ggfsqt', 'tsncpzwlx', 'lmlxqt', 'lzzd3', 'zzlx', 'px', 'dxbw', 'mz', 'dbybfd', 'clsp', 'ggbzl', 'djzwqt', 'cywd', 'dcdw', 'tdlylx', 'xdxqt', 'lmlx', 'zdx', 'tdlylxqt', 'gzchd', 'dxbwqt', 'ntpstj'] (sheet: 0)
2025-01-06 19:04:35,400 - ERROR - 处理数据时出错: Usecols do not match columns, columns expected but not found: ['qslx', 'tsncpzwlxqt', 'cyjd', 'zblx', 'lzzd2', 'lzzdqt3', 'ydbh', 'lzzd1', 'trsh', 'xdx', 'ddx', 'lzzdqt1', 'tdlylxbg', 'sftsncp', 'my', 'mzqt', 'djzw', 'ggfs', 'pd', 'lzzdqt2', 'myqt', 'dblxfd', 'dblsfd', 'dblxkd', 'pxn', 'zbzwysz', 'tjdlgc', 'ggfsqt', 'tsncpzwlx', 'lmlxqt', 'lzzd3', 'zzlx', 'px', 'dxbw', 'mz', 'dbybfd', 'clsp', 'ggbzl', 'djzwqt', 'cywd', 'dcdw', 'tdlylx', 'xdxqt', 'lmlx', 'zdx', 'tdlylxqt', 'gzchd', 'dxbwqt', 'ntpstj'] (sheet: 0)
2025-01-06 19:04:35,400 - ERROR - 处理数据时出错: Usecols do not match columns, columns expected but not found: ['qslx', 'tsncpzwlxqt', 'cyjd', 'zblx', 'lzzd2', 'lzzdqt3', 'ydbh', 'lzzd1', 'trsh', 'xdx', 'ddx', 'lzzdqt1', 'tdlylxbg', 'sftsncp', 'my', 'mzqt', 'djzw', 'ggfs', 'pd', 'lzzdqt2', 'myqt', 'dblxfd', 'dblsfd', 'dblxkd', 'pxn', 'zbzwysz', 'tjdlgc', 'ggfsqt', 'tsncpzwlx', 'lmlxqt', 'lzzd3', 'zzlx', 'px', 'dxbw', 'mz', 'dbybfd', 'clsp', 'ggbzl', 'djzwqt', 'cywd', 'dcdw', 'tdlylx', 'xdxqt', 'lmlx', 'zdx', 'tdlylxqt', 'gzchd', 'dxbwqt', 'ntpstj'] (sheet: 0)
2025-01-06 19:04:35,400 - ERROR - 处理数据时出错: Usecols do not match columns, columns expected but not found: ['qslx', 'tsncpzwlxqt', 'cyjd', 'zblx', 'lzzd2', 'lzzdqt3', 'ydbh', 'lzzd1', 'trsh', 'xdx', 'ddx', 'lzzdqt1', 'tdlylxbg', 'sftsncp', 'my', 'mzqt', 'djzw', 'ggfs', 'pd', 'lzzdqt2', 'myqt', 'dblxfd', 'dblsfd', 'dblxkd', 'pxn', 'zbzwysz', 'tjdlgc', 'ggfsqt', 'tsncpzwlx', 'lmlxqt', 'lzzd3', 'zzlx', 'px', 'dxbw', 'mz', 'dbybfd', 'clsp', 'ggbzl', 'djzwqt', 'cywd', 'dcdw', 'tdlylx', 'xdxqt', 'lmlx', 'zdx', 'tdlylxqt', 'gzchd', 'dxbwqt', 'ntpstj'] (sheet: 0)
2025-01-06 19:04:35,400 - ERROR - 处理数据时出错: Usecols do not match columns, columns expected but not found: ['qslx', 'tsncpzwlxqt', 'cyjd', 'zblx', 'lzzd2', 'lzzdqt3', 'ydbh', 'lzzd1', 'trsh', 'xdx', 'ddx', 'lzzdqt1', 'tdlylxbg', 'sftsncp', 'my', 'mzqt', 'djzw', 'ggfs', 'pd', 'lzzdqt2', 'myqt', 'dblxfd', 'dblsfd', 'dblxkd', 'pxn', 'zbzwysz', 'tjdlgc', 'ggfsqt', 'tsncpzwlx', 'lmlxqt', 'lzzd3', 'zzlx', 'px', 'dxbw', 'mz', 'dbybfd', 'clsp', 'ggbzl', 'djzwqt', 'cywd', 'dcdw', 'tdlylx', 'xdxqt', 'lmlx', 'zdx', 'tdlylxqt', 'gzchd', 'dxbwqt', 'ntpstj'] (sheet: 0)
2025-01-06 19:04:35,400 - ERROR - 处理数据时出错: Usecols do not match columns, columns expected but not found: ['qslx', 'tsncpzwlxqt', 'cyjd', 'zblx', 'lzzd2', 'lzzdqt3', 'ydbh', 'lzzd1', 'trsh', 'xdx', 'ddx', 'lzzdqt1', 'tdlylxbg', 'sftsncp', 'my', 'mzqt', 'djzw', 'ggfs', 'pd', 'lzzdqt2', 'myqt', 'dblxfd', 'dblsfd', 'dblxkd', 'pxn', 'zbzwysz', 'tjdlgc', 'ggfsqt', 'tsncpzwlx', 'lmlxqt', 'lzzd3', 'zzlx', 'px', 'dxbw', 'mz', 'dbybfd', 'clsp', 'ggbzl', 'djzwqt', 'cywd', 'dcdw', 'tdlylx', 'xdxqt', 'lmlx', 'zdx', 'tdlylxqt', 'gzchd', 'dxbwqt', 'ntpstj'] (sheet: 0)
2025-01-06 19:04:35,400 - ERROR - 处理数据时出错: Usecols do not match columns, columns expected but not found: ['qslx', 'tsncpzwlxqt', 'cyjd', 'zblx', 'lzzd2', 'lzzdqt3', 'ydbh', 'lzzd1', 'trsh', 'xdx', 'ddx', 'lzzdqt1', 'tdlylxbg', 'sftsncp', 'my', 'mzqt', 'djzw', 'ggfs', 'pd', 'lzzdqt2', 'myqt', 'dblxfd', 'dblsfd', 'dblxkd', 'pxn', 'zbzwysz', 'tjdlgc', 'ggfsqt', 'tsncpzwlx', 'lmlxqt', 'lzzd3', 'zzlx', 'px', 'dxbw', 'mz', 'dbybfd', 'clsp', 'ggbzl', 'djzwqt', 'cywd', 'dcdw', 'tdlylx', 'xdxqt', 'lmlx', 'zdx', 'tdlylxqt', 'gzchd', 'dxbwqt', 'ntpstj'] (sheet: 0)
2025-01-06 19:04:35,400 - ERROR - 处理数据时出错: Usecols do not match columns, columns expected but not found: ['qslx', 'tsncpzwlxqt', 'cyjd', 'zblx', 'lzzd2', 'lzzdqt3', 'ydbh', 'lzzd1', 'trsh', 'xdx', 'ddx', 'lzzdqt1', 'tdlylxbg', 'sftsncp', 'my', 'mzqt', 'djzw', 'ggfs', 'pd', 'lzzdqt2', 'myqt', 'dblxfd', 'dblsfd', 'dblxkd', 'pxn', 'zbzwysz', 'tjdlgc', 'ggfsqt', 'tsncpzwlx', 'lmlxqt', 'lzzd3', 'zzlx', 'px', 'dxbw', 'mz', 'dbybfd', 'clsp', 'ggbzl', 'djzwqt', 'cywd', 'dcdw', 'tdlylx', 'xdxqt', 'lmlx', 'zdx', 'tdlylxqt', 'gzchd', 'dxbwqt', 'ntpstj'] (sheet: 0)
2025-01-06 19:04:35,400 - ERROR - 处理数据时出错: Usecols do not match columns, columns expected but not found: ['qslx', 'tsncpzwlxqt', 'cyjd', 'zblx', 'lzzd2', 'lzzdqt3', 'ydbh', 'lzzd1', 'trsh', 'xdx', 'ddx', 'lzzdqt1', 'tdlylxbg', 'sftsncp', 'my', 'mzqt', 'djzw', 'ggfs', 'pd', 'lzzdqt2', 'myqt', 'dblxfd', 'dblsfd', 'dblxkd', 'pxn', 'zbzwysz', 'tjdlgc', 'ggfsqt', 'tsncpzwlx', 'lmlxqt', 'lzzd3', 'zzlx', 'px', 'dxbw', 'mz', 'dbybfd', 'clsp', 'ggbzl', 'djzwqt', 'cywd', 'dcdw', 'tdlylx', 'xdxqt', 'lmlx', 'zdx', 'tdlylxqt', 'gzchd', 'dxbwqt', 'ntpstj'] (sheet: 0)
2025-01-06 19:04:35,400 - ERROR - 处理数据时出错: Usecols do not match columns, columns expected but not found: ['qslx', 'tsncpzwlxqt', 'cyjd', 'zblx', 'lzzd2', 'lzzdqt3', 'ydbh', 'lzzd1', 'trsh', 'xdx', 'ddx', 'lzzdqt1', 'tdlylxbg', 'sftsncp', 'my', 'mzqt', 'djzw', 'ggfs', 'pd', 'lzzdqt2', 'myqt', 'dblxfd', 'dblsfd', 'dblxkd', 'pxn', 'zbzwysz', 'tjdlgc', 'ggfsqt', 'tsncpzwlx', 'lmlxqt', 'lzzd3', 'zzlx', 'px', 'dxbw', 'mz', 'dbybfd', 'clsp', 'ggbzl', 'djzwqt', 'cywd', 'dcdw', 'tdlylx', 'xdxqt', 'lmlx', 'zdx', 'tdlylxqt', 'gzchd', 'dxbwqt', 'ntpstj'] (sheet: 0)
2025-01-06 19:04:35,400 - ERROR - 处理数据时出错: Usecols do not match columns, columns expected but not found: ['qslx', 'tsncpzwlxqt', 'cyjd', 'zblx', 'lzzd2', 'lzzdqt3', 'ydbh', 'lzzd1', 'trsh', 'xdx', 'ddx', 'lzzdqt1', 'tdlylxbg', 'sftsncp', 'my', 'mzqt', 'djzw', 'ggfs', 'pd', 'lzzdqt2', 'myqt', 'dblxfd', 'dblsfd', 'dblxkd', 'pxn', 'zbzwysz', 'tjdlgc', 'ggfsqt', 'tsncpzwlx', 'lmlxqt', 'lzzd3', 'zzlx', 'px', 'dxbw', 'mz', 'dbybfd', 'clsp', 'ggbzl', 'djzwqt', 'cywd', 'dcdw', 'tdlylx', 'xdxqt', 'lmlx', 'zdx', 'tdlylxqt', 'gzchd', 'dxbwqt', 'ntpstj'] (sheet: 0)
2025-01-06 19:04:35,400 - ERROR - 处理数据时出错: Usecols do not match columns, columns expected but not found: ['qslx', 'tsncpzwlxqt', 'cyjd', 'zblx', 'lzzd2', 'lzzdqt3', 'ydbh', 'lzzd1', 'trsh', 'xdx', 'ddx', 'lzzdqt1', 'tdlylxbg', 'sftsncp', 'my', 'mzqt', 'djzw', 'ggfs', 'pd', 'lzzdqt2', 'myqt', 'dblxfd', 'dblsfd', 'dblxkd', 'pxn', 'zbzwysz', 'tjdlgc', 'ggfsqt', 'tsncpzwlx', 'lmlxqt', 'lzzd3', 'zzlx', 'px', 'dxbw', 'mz', 'dbybfd', 'clsp', 'ggbzl', 'djzwqt', 'cywd', 'dcdw', 'tdlylx', 'xdxqt', 'lmlx', 'zdx', 'tdlylxqt', 'gzchd', 'dxbwqt', 'ntpstj'] (sheet: 0)
