2024-11-18 17:28:26,478 INFO 找到 82 个栅格文件
2024-11-18 17:28:26,478 INFO 读取并预处理矢量数据: F:\cache_data\shp_file\gl\gl_predict_polygon.shp
2024-11-18 17:29:30,763 INFO 几何简化完成。面积变化: 0.00%
2024-11-18 17:29:30,763 INFO 使用 10 个工作进程进行并行处理
2024-11-18 17:29:34,494 INFO 开始处理栅格文件: analyticalhillshading.tif
2024-11-18 17:29:34,576 INFO 栅格文件打开成功: F:\tif_features\county_feature\gl\analyticalhillshading.tif
2024-11-18 17:29:34,576 INFO 栅格形状: (11641, 11710), 数据类型: float32
2024-11-18 17:29:37,089 INFO 开始处理栅格文件: aspect.tif
2024-11-18 17:29:37,107 INFO 栅格文件打开成功: F:\tif_features\county_feature\gl\aspect.tif
2024-11-18 17:29:37,107 INFO 栅格形状: (11641, 11710), 数据类型: float32
2024-11-18 17:29:39,604 INFO 开始处理栅格文件: channelnetworkbaselevel.tif
2024-11-18 17:29:39,627 INFO 栅格文件打开成功: F:\tif_features\county_feature\gl\channelnetworkbaselevel.tif
2024-11-18 17:29:39,627 INFO 栅格形状: (11641, 11710), 数据类型: float32
2024-11-18 17:29:42,394 INFO 开始处理栅格文件: channelnetworkdistance.tif
2024-11-18 17:29:42,412 INFO 栅格文件打开成功: F:\tif_features\county_feature\gl\channelnetworkdistance.tif
2024-11-18 17:29:42,413 INFO 栅格形状: (11641, 11710), 数据类型: float32
2024-11-18 17:29:46,722 INFO 开始处理栅格文件: contrast.tif
2024-11-18 17:29:46,749 INFO 栅格文件打开成功: F:\tif_features\county_feature\gl\contrast.tif
2024-11-18 17:29:46,749 INFO 栅格形状: (11641, 11710), 数据类型: float32
2024-11-18 17:29:52,035 INFO 开始处理栅格文件: convergenceindex.tif
2024-11-18 17:29:52,053 INFO 栅格文件打开成功: F:\tif_features\county_feature\gl\convergenceindex.tif
2024-11-18 17:29:52,054 INFO 栅格形状: (11641, 11710), 数据类型: float32
2024-11-18 17:29:54,834 INFO 开始处理栅格文件: correlation.tif
2024-11-18 17:29:54,868 INFO 栅格文件打开成功: F:\tif_features\county_feature\gl\correlation.tif
2024-11-18 17:29:54,868 INFO 栅格形状: (11641, 11710), 数据类型: float32
2024-11-18 17:29:58,259 INFO 开始处理栅格文件: dem.tif
2024-11-18 17:29:58,287 INFO 栅格文件打开成功: F:\tif_features\county_feature\gl\dem.tif
2024-11-18 17:29:58,288 INFO 栅格形状: (11641, 11710), 数据类型: float32
2024-11-18 17:30:02,207 INFO 开始处理栅格文件: dissimilarity.tif
2024-11-18 17:30:02,223 INFO 栅格文件打开成功: F:\tif_features\county_feature\gl\dissimilarity.tif
2024-11-18 17:30:02,223 INFO 栅格形状: (11641, 11710), 数据类型: float32
2024-11-18 17:29:55,531 INFO 开始处理栅格文件: dl.tif
2024-11-18 17:29:55,564 INFO 栅格文件打开成功: F:\tif_features\county_feature\gl\dl.tif
2024-11-18 17:29:55,564 INFO 栅格形状: (11641, 11710), 数据类型: float64
2024-11-18 17:34:41,317 INFO zonal_stats 计算完成，结果数量: 261442
2024-11-18 17:34:41,647 INFO 转换为DataFrame成功，形状: (261442, 6)
2024-11-18 17:34:41,647 INFO 完成栅格文件处理: dl.tif
2024-11-18 17:34:44,586 INFO 开始处理栅格文件: dz.tif
2024-11-18 17:34:44,586 INFO 栅格文件打开成功: F:\tif_features\county_feature\gl\dz.tif
2024-11-18 17:34:44,586 INFO 栅格形状: (11641, 11710), 数据类型: float64
2024-11-18 17:35:09,056 INFO zonal_stats 计算完成，结果数量: 261442
2024-11-18 17:35:09,369 INFO 转换为DataFrame成功，形状: (261442, 6)
2024-11-18 17:35:09,385 INFO 完成栅格文件处理: analyticalhillshading.tif
2024-11-18 17:35:12,500 INFO 开始处理栅格文件: entropy.tif
2024-11-18 17:35:12,500 INFO 栅格文件打开成功: F:\tif_features\county_feature\gl\entropy.tif
2024-11-18 17:35:12,500 INFO 栅格形状: (11641, 11710), 数据类型: float32
2024-11-18 17:35:12,721 INFO zonal_stats 计算完成，结果数量: 261442
2024-11-18 17:35:12,751 INFO zonal_stats 计算完成，结果数量: 261442
2024-11-18 17:35:13,129 INFO 转换为DataFrame成功，形状: (261442, 6)
2024-11-18 17:35:13,129 INFO 完成栅格文件处理: contrast.tif
2024-11-18 17:35:13,145 INFO 转换为DataFrame成功，形状: (261442, 6)
2024-11-18 17:35:13,145 INFO 完成栅格文件处理: aspect.tif
2024-11-18 17:35:16,653 INFO zonal_stats 计算完成，结果数量: 261442
2024-11-18 17:35:16,935 INFO 转换为DataFrame成功，形状: (261442, 6)
2024-11-18 17:35:16,935 INFO 完成栅格文件处理: channelnetworkdistance.tif
2024-11-18 17:35:17,123 INFO 开始处理栅格文件: etp2022.tif
2024-11-18 17:35:17,123 INFO 栅格文件打开成功: F:\tif_features\county_feature\gl\etp2022.tif
2024-11-18 17:35:17,123 INFO 栅格形状: (11641, 11710), 数据类型: float32
2024-11-18 17:35:18,093 INFO zonal_stats 计算完成，结果数量: 261442
2024-11-18 17:35:18,578 INFO 转换为DataFrame成功，形状: (261442, 6)
2024-11-18 17:35:18,594 INFO 完成栅格文件处理: channelnetworkbaselevel.tif
2024-11-18 17:35:20,409 INFO zonal_stats 计算完成，结果数量: 261442
2024-11-18 17:35:20,768 INFO 开始处理栅格文件: etp20221.tif
2024-11-18 17:35:20,784 INFO 栅格文件打开成功: F:\tif_features\county_feature\gl\etp20221.tif
2024-11-18 17:35:20,784 INFO 栅格形状: (11641, 11710), 数据类型: float32
2024-11-18 17:35:20,878 INFO 转换为DataFrame成功，形状: (261442, 6)
2024-11-18 17:35:20,878 INFO 完成栅格文件处理: correlation.tif
2024-11-18 17:35:24,498 INFO 开始处理栅格文件: etp202210.tif
2024-11-18 17:35:24,504 INFO 栅格文件打开成功: F:\tif_features\county_feature\gl\etp202210.tif
2024-11-18 17:35:24,504 INFO 栅格形状: (11641, 11710), 数据类型: float32
2024-11-18 17:35:26,572 INFO zonal_stats 计算完成，结果数量: 261442
2024-11-18 17:35:27,122 INFO 转换为DataFrame成功，形状: (261442, 6)
2024-11-18 17:35:27,122 INFO 完成栅格文件处理: dissimilarity.tif
2024-11-18 17:35:28,458 INFO 开始处理栅格文件: etp202211.tif
2024-11-18 17:35:28,473 INFO 栅格文件打开成功: F:\tif_features\county_feature\gl\etp202211.tif
2024-11-18 17:35:28,473 INFO 栅格形状: (11641, 11710), 数据类型: float32
2024-11-18 17:35:32,336 INFO 开始处理栅格文件: etp202212.tif
2024-11-18 17:35:32,352 INFO 栅格文件打开成功: F:\tif_features\county_feature\gl\etp202212.tif
2024-11-18 17:35:32,352 INFO 栅格形状: (11641, 11710), 数据类型: float32
2024-11-18 17:35:34,091 INFO zonal_stats 计算完成，结果数量: 261442
2024-11-18 17:35:34,247 INFO zonal_stats 计算完成，结果数量: 261442
2024-11-18 17:35:34,467 INFO 转换为DataFrame成功，形状: (261442, 6)
2024-11-18 17:35:34,467 INFO 完成栅格文件处理: dem.tif
2024-11-18 17:35:34,671 INFO 转换为DataFrame成功，形状: (261442, 6)
2024-11-18 17:35:34,671 INFO 完成栅格文件处理: convergenceindex.tif
2024-11-18 17:35:36,523 INFO 开始处理栅格文件: etp20222.tif
2024-11-18 17:35:36,523 INFO 栅格文件打开成功: F:\tif_features\county_feature\gl\etp20222.tif
2024-11-18 17:35:36,523 INFO 栅格形状: (11641, 11710), 数据类型: float32
2024-11-18 17:35:40,130 INFO 开始处理栅格文件: etp20223.tif
2024-11-18 17:35:40,137 INFO 栅格文件打开成功: F:\tif_features\county_feature\gl\etp20223.tif
2024-11-18 17:35:40,137 INFO 栅格形状: (11641, 11710), 数据类型: float32
2024-11-18 17:35:43,388 INFO 开始处理栅格文件: etp20224.tif
2024-11-18 17:35:43,404 INFO 栅格文件打开成功: F:\tif_features\county_feature\gl\etp20224.tif
2024-11-18 17:35:43,404 INFO 栅格形状: (11641, 11710), 数据类型: float32
2024-11-18 17:39:50,632 INFO zonal_stats 计算完成，结果数量: 261442
2024-11-18 17:39:50,867 INFO 转换为DataFrame成功，形状: (261442, 6)
2024-11-18 17:39:50,882 INFO 完成栅格文件处理: dz.tif
2024-11-18 17:39:53,093 INFO 开始处理栅格文件: etp20225.tif
2024-11-18 17:39:53,093 INFO 栅格文件打开成功: F:\tif_features\county_feature\gl\etp20225.tif
2024-11-18 17:39:53,093 INFO 栅格形状: (11641, 11710), 数据类型: float32
2024-11-18 17:40:23,209 INFO zonal_stats 计算完成，结果数量: 261442
2024-11-18 17:40:23,382 INFO 转换为DataFrame成功，形状: (261442, 6)
2024-11-18 17:40:23,382 INFO 完成栅格文件处理: etp20221.tif
2024-11-18 17:40:23,947 INFO zonal_stats 计算完成，结果数量: 261442
2024-11-18 17:40:24,307 INFO 转换为DataFrame成功，形状: (261442, 6)
2024-11-18 17:40:24,307 INFO 完成栅格文件处理: etp2022.tif
2024-11-18 17:40:25,729 INFO 开始处理栅格文件: etp20226.tif
2024-11-18 17:40:25,729 INFO 栅格文件打开成功: F:\tif_features\county_feature\gl\etp20226.tif
2024-11-18 17:40:25,729 INFO 栅格形状: (11641, 11710), 数据类型: float32
2024-11-18 17:40:28,893 INFO zonal_stats 计算完成，结果数量: 261442
2024-11-18 17:40:29,174 INFO 开始处理栅格文件: etp20227.tif
2024-11-18 17:40:29,189 INFO 栅格文件打开成功: F:\tif_features\county_feature\gl\etp20227.tif
2024-11-18 17:40:29,189 INFO 栅格形状: (11641, 11710), 数据类型: float32
2024-11-18 17:40:29,268 INFO 转换为DataFrame成功，形状: (261442, 6)
2024-11-18 17:40:29,268 INFO 完成栅格文件处理: etp202210.tif
2024-11-18 17:40:30,363 INFO zonal_stats 计算完成，结果数量: 261442
2024-11-18 17:40:30,738 INFO 转换为DataFrame成功，形状: (261442, 6)
2024-11-18 17:40:30,738 INFO 完成栅格文件处理: etp202211.tif
2024-11-18 17:40:32,942 INFO 开始处理栅格文件: etp20228.tif
2024-11-18 17:40:32,958 INFO 栅格文件打开成功: F:\tif_features\county_feature\gl\etp20228.tif
2024-11-18 17:40:32,958 INFO 栅格形状: (11641, 11710), 数据类型: float32
2024-11-18 17:40:34,067 INFO zonal_stats 计算完成，结果数量: 261442
2024-11-18 17:40:34,473 INFO 转换为DataFrame成功，形状: (261442, 6)
2024-11-18 17:40:34,473 INFO 完成栅格文件处理: etp202212.tif
2024-11-18 17:40:36,645 INFO 开始处理栅格文件: etp20229.tif
2024-11-18 17:40:36,645 INFO 栅格文件打开成功: F:\tif_features\county_feature\gl\etp20229.tif
2024-11-18 17:40:36,645 INFO 栅格形状: (11641, 11710), 数据类型: float32
2024-11-18 17:40:38,942 INFO zonal_stats 计算完成，结果数量: 261442
2024-11-18 17:40:39,208 INFO 转换为DataFrame成功，形状: (261442, 6)
2024-11-18 17:40:39,208 INFO 完成栅格文件处理: etp20222.tif
2024-11-18 17:40:39,895 INFO 开始处理栅格文件: etp2022mean.tif
2024-11-18 17:40:39,895 INFO 栅格文件打开成功: F:\tif_features\county_feature\gl\etp2022mean.tif
2024-11-18 17:40:39,895 INFO 栅格形状: (11641, 11710), 数据类型: float32
2024-11-18 17:40:40,161 INFO zonal_stats 计算完成，结果数量: 261442
2024-11-18 17:40:40,442 INFO 转换为DataFrame成功，形状: (261442, 6)
2024-11-18 17:40:40,442 INFO 完成栅格文件处理: etp20224.tif
2024-11-18 17:40:43,442 INFO 开始处理栅格文件: evi.tif
2024-11-18 17:40:43,442 INFO 栅格文件打开成功: F:\tif_features\county_feature\gl\evi.tif
2024-11-18 17:40:43,442 INFO 栅格形状: (11641, 11710), 数据类型: float32
2024-11-18 17:40:46,864 INFO zonal_stats 计算完成，结果数量: 261442
2024-11-18 17:40:47,130 INFO 转换为DataFrame成功，形状: (261442, 6)
2024-11-18 17:40:47,130 INFO 完成栅格文件处理: etp20223.tif
2024-11-18 17:40:47,411 INFO 开始处理栅格文件: gl_slope_101.tif
2024-11-18 17:40:47,427 INFO 栅格文件打开成功: F:\tif_features\county_feature\gl\gl_slope_101.tif
2024-11-18 17:40:47,427 INFO 栅格形状: (11641, 11710), 数据类型: uint8
2024-11-18 17:40:51,005 INFO 开始处理栅格文件: homogeneity.tif
2024-11-18 17:40:51,020 INFO 栅格文件打开成功: F:\tif_features\county_feature\gl\homogeneity.tif
2024-11-18 17:40:51,020 INFO 栅格形状: (11641, 11710), 数据类型: float32
2024-11-18 17:41:07,340 INFO zonal_stats 计算完成，结果数量: 261442
2024-11-18 17:41:07,511 INFO 转换为DataFrame成功，形状: (261442, 6)
2024-11-18 17:41:07,526 INFO 完成栅格文件处理: entropy.tif
2024-11-18 17:41:09,518 INFO 开始处理栅格文件: lat.tif
2024-11-18 17:41:09,518 INFO 栅格文件打开成功: F:\tif_features\county_feature\gl\lat.tif
2024-11-18 17:41:09,518 INFO 栅格形状: (11641, 11710), 数据类型: float32
2024-11-18 17:44:58,506 INFO zonal_stats 计算完成，结果数量: 261442
2024-11-18 17:44:58,710 INFO 转换为DataFrame成功，形状: (261442, 6)
2024-11-18 17:44:58,725 INFO 完成栅格文件处理: etp20225.tif
2024-11-18 17:45:00,491 INFO 开始处理栅格文件: lon.tif
2024-11-18 17:45:00,507 INFO 栅格文件打开成功: F:\tif_features\county_feature\gl\lon.tif
2024-11-18 17:45:00,507 INFO 栅格形状: (11641, 11710), 数据类型: float32
2024-11-18 17:45:23,856 INFO zonal_stats 计算完成，结果数量: 261442
2024-11-18 17:45:24,215 INFO 转换为DataFrame成功，形状: (261442, 6)
2024-11-18 17:45:24,215 INFO 完成栅格文件处理: etp20226.tif
2024-11-18 17:45:25,793 INFO 开始处理栅格文件: lsfactor.tif
2024-11-18 17:45:25,809 INFO 栅格文件打开成功: F:\tif_features\county_feature\gl\lsfactor.tif
2024-11-18 17:45:25,809 INFO 栅格形状: (11641, 11710), 数据类型: float32
2024-11-18 17:45:29,434 INFO zonal_stats 计算完成，结果数量: 261442
2024-11-18 17:45:29,637 INFO 转换为DataFrame成功，形状: (261442, 6)
2024-11-18 17:45:29,637 INFO 完成栅格文件处理: etp20227.tif
2024-11-18 17:45:31,684 INFO 开始处理栅格文件: lswi.tif
2024-11-18 17:45:31,684 INFO 栅格文件打开成功: F:\tif_features\county_feature\gl\lswi.tif
2024-11-18 17:45:31,684 INFO 栅格形状: (11641, 11710), 数据类型: float32
2024-11-18 17:45:33,466 INFO zonal_stats 计算完成，结果数量: 261442
2024-11-18 17:45:33,794 INFO 转换为DataFrame成功，形状: (261442, 6)
2024-11-18 17:45:33,794 INFO 完成栅格文件处理: etp20228.tif
2024-11-18 17:45:35,920 INFO 开始处理栅格文件: mean.tif
2024-11-18 17:45:35,920 INFO zonal_stats 计算完成，结果数量: 261442
2024-11-18 17:45:35,920 INFO 栅格文件打开成功: F:\tif_features\county_feature\gl\mean.tif
2024-11-18 17:45:35,920 INFO 栅格形状: (11641, 11710), 数据类型: float32
2024-11-18 17:45:36,248 INFO 转换为DataFrame成功，形状: (261442, 6)
2024-11-18 17:45:36,248 INFO 完成栅格文件处理: etp20229.tif
2024-11-18 17:45:39,811 INFO 开始处理栅格文件: mndwi.tif
2024-11-18 17:45:39,811 INFO 栅格文件打开成功: F:\tif_features\county_feature\gl\mndwi.tif
2024-11-18 17:45:39,827 INFO 栅格形状: (11641, 11710), 数据类型: float32
2024-11-18 17:45:42,140 INFO zonal_stats 计算完成，结果数量: 261442
2024-11-18 17:45:42,390 INFO 转换为DataFrame成功，形状: (261442, 6)
2024-11-18 17:45:42,390 INFO 完成栅格文件处理: etp2022mean.tif
2024-11-18 17:45:44,172 INFO 开始处理栅格文件: mrrtf.tif
2024-11-18 17:45:44,188 INFO 栅格文件打开成功: F:\tif_features\county_feature\gl\mrrtf.tif
2024-11-18 17:45:44,188 INFO 栅格形状: (11641, 11710), 数据类型: float32
2024-11-18 17:45:46,876 INFO zonal_stats 计算完成，结果数量: 261442
2024-11-18 17:45:47,079 INFO 转换为DataFrame成功，形状: (261442, 6)
2024-11-18 17:45:47,079 INFO 完成栅格文件处理: gl_slope_101.tif
2024-11-18 17:45:49,173 INFO 开始处理栅格文件: mrvbf.tif
2024-11-18 17:45:49,173 INFO 栅格文件打开成功: F:\tif_features\county_feature\gl\mrvbf.tif
2024-11-18 17:45:49,173 INFO 栅格形状: (11641, 11710), 数据类型: float32
2024-11-18 17:45:56,050 INFO zonal_stats 计算完成，结果数量: 261442
2024-11-18 17:45:56,331 INFO 转换为DataFrame成功，形状: (261442, 6)
2024-11-18 17:45:56,331 INFO 完成栅格文件处理: evi.tif
2024-11-18 17:45:58,363 INFO 开始处理栅格文件: ndmi.tif
2024-11-18 17:45:58,363 INFO 栅格文件打开成功: F:\tif_features\county_feature\gl\ndmi.tif
2024-11-18 17:45:58,363 INFO 栅格形状: (11641, 11710), 数据类型: float32
2024-11-18 17:46:20,106 INFO zonal_stats 计算完成，结果数量: 261442
2024-11-18 17:46:20,544 INFO 转换为DataFrame成功，形状: (261442, 6)
2024-11-18 17:46:20,544 INFO 完成栅格文件处理: lat.tif
2024-11-18 17:46:22,609 INFO 开始处理栅格文件: ndvi.tif
2024-11-18 17:46:22,609 INFO 栅格文件打开成功: F:\tif_features\county_feature\gl\ndvi.tif
2024-11-18 17:46:22,609 INFO 栅格形状: (11641, 11710), 数据类型: float32
2024-11-18 17:46:34,473 INFO zonal_stats 计算完成，结果数量: 261442
2024-11-18 17:46:34,817 INFO 转换为DataFrame成功，形状: (261442, 6)
2024-11-18 17:46:34,817 INFO 完成栅格文件处理: homogeneity.tif
2024-11-18 17:46:36,600 INFO 开始处理栅格文件: ndwi.tif
2024-11-18 17:46:36,615 INFO 栅格文件打开成功: F:\tif_features\county_feature\gl\ndwi.tif
2024-11-18 17:46:36,615 INFO 栅格形状: (11641, 11710), 数据类型: float32
2024-11-18 17:50:06,935 INFO zonal_stats 计算完成，结果数量: 261442
2024-11-18 17:50:07,342 INFO 转换为DataFrame成功，形状: (261442, 6)
2024-11-18 17:50:07,342 INFO 完成栅格文件处理: lon.tif
2024-11-18 17:50:09,468 INFO 开始处理栅格文件: night2022.tif
2024-11-18 17:50:09,468 INFO 栅格文件打开成功: F:\tif_features\county_feature\gl\night2022.tif
2024-11-18 17:50:09,468 INFO 栅格形状: (11641, 11710), 数据类型: float32
2024-11-18 17:50:52,078 INFO zonal_stats 计算完成，结果数量: 261442
2024-11-18 17:50:52,250 INFO 转换为DataFrame成功，形状: (261442, 6)
2024-11-18 17:50:52,250 INFO 完成栅格文件处理: lswi.tif
2024-11-18 17:50:54,250 INFO 开始处理栅格文件: pca1.tif
2024-11-18 17:50:54,250 INFO 栅格文件打开成功: F:\tif_features\county_feature\gl\pca1.tif
2024-11-18 17:50:54,250 INFO 栅格形状: (11641, 11710), 数据类型: float32
2024-11-18 17:50:59,972 INFO zonal_stats 计算完成，结果数量: 261442
2024-11-18 17:51:00,347 INFO 转换为DataFrame成功，形状: (261442, 6)
2024-11-18 17:51:00,363 INFO 完成栅格文件处理: mndwi.tif
2024-11-18 17:51:02,379 INFO 开始处理栅格文件: pca2.tif
2024-11-18 17:51:02,395 INFO 栅格文件打开成功: F:\tif_features\county_feature\gl\pca2.tif
2024-11-18 17:51:02,395 INFO 栅格形状: (11641, 11710), 数据类型: float32
2024-11-18 17:51:19,416 INFO zonal_stats 计算完成，结果数量: 261442
2024-11-18 17:51:19,604 INFO 转换为DataFrame成功，形状: (261442, 6)
2024-11-18 17:51:19,604 INFO 完成栅格文件处理: ndmi.tif
2024-11-18 17:51:21,088 INFO zonal_stats 计算完成，结果数量: 261442
2024-11-18 17:51:21,370 INFO 转换为DataFrame成功，形状: (261442, 6)
2024-11-18 17:51:21,370 INFO 完成栅格文件处理: lsfactor.tif
2024-11-18 17:51:21,620 INFO 开始处理栅格文件: plancurvature.tif
2024-11-18 17:51:21,620 INFO 栅格文件打开成功: F:\tif_features\county_feature\gl\plancurvature.tif
2024-11-18 17:51:21,620 INFO 栅格形状: (11641, 11710), 数据类型: float32
2024-11-18 17:51:25,668 INFO 开始处理栅格文件: pre2022.tif
2024-11-18 17:51:25,668 INFO 栅格文件打开成功: F:\tif_features\county_feature\gl\pre2022.tif
2024-11-18 17:51:25,668 INFO 栅格形状: (11641, 11710), 数据类型: float32
2024-11-18 17:51:25,793 INFO zonal_stats 计算完成，结果数量: 261442
2024-11-18 17:51:26,059 INFO 转换为DataFrame成功，形状: (261442, 6)
2024-11-18 17:51:26,059 INFO 完成栅格文件处理: mean.tif
2024-11-18 17:51:29,716 INFO 开始处理栅格文件: pre20221.tif
2024-11-18 17:51:29,716 INFO 栅格文件打开成功: F:\tif_features\county_feature\gl\pre20221.tif
2024-11-18 17:51:29,716 INFO 栅格形状: (11641, 11710), 数据类型: float32
2024-11-18 17:51:44,581 INFO zonal_stats 计算完成，结果数量: 261442
2024-11-18 17:51:44,815 INFO 转换为DataFrame成功，形状: (261442, 6)
2024-11-18 17:51:44,815 INFO 完成栅格文件处理: ndvi.tif
2024-11-18 17:51:47,004 INFO 开始处理栅格文件: pre202210.tif
2024-11-18 17:51:47,004 INFO 栅格文件打开成功: F:\tif_features\county_feature\gl\pre202210.tif
2024-11-18 17:51:47,004 INFO 栅格形状: (11641, 11710), 数据类型: float32
2024-11-18 17:51:48,879 INFO zonal_stats 计算完成，结果数量: 261442
2024-11-18 17:51:49,395 INFO 转换为DataFrame成功，形状: (261442, 6)
2024-11-18 17:51:49,395 INFO 完成栅格文件处理: mrrtf.tif
2024-11-18 17:51:51,631 INFO 开始处理栅格文件: pre202211.tif
2024-11-18 17:51:51,631 INFO 栅格文件打开成功: F:\tif_features\county_feature\gl\pre202211.tif
2024-11-18 17:51:51,631 INFO 栅格形状: (11641, 11710), 数据类型: float32
2024-11-18 17:51:52,647 INFO zonal_stats 计算完成，结果数量: 261442
2024-11-18 17:51:53,100 INFO 转换为DataFrame成功，形状: (261442, 6)
2024-11-18 17:51:53,100 INFO 完成栅格文件处理: ndwi.tif
2024-11-18 17:51:53,977 INFO zonal_stats 计算完成，结果数量: 261442
2024-11-18 17:51:54,462 INFO 转换为DataFrame成功，形状: (261442, 6)
2024-11-18 17:51:54,462 INFO 完成栅格文件处理: mrvbf.tif
2024-11-18 17:51:55,884 INFO 开始处理栅格文件: pre202212.tif
2024-11-18 17:51:55,884 INFO 栅格文件打开成功: F:\tif_features\county_feature\gl\pre202212.tif
2024-11-18 17:51:55,884 INFO 栅格形状: (11641, 11710), 数据类型: float32
2024-11-18 17:51:59,276 INFO 开始处理栅格文件: pre20222.tif
2024-11-18 17:51:59,276 INFO 栅格文件打开成功: F:\tif_features\county_feature\gl\pre20222.tif
2024-11-18 17:51:59,276 INFO 栅格形状: (11641, 11710), 数据类型: float32
2024-11-18 17:55:11,197 INFO zonal_stats 计算完成，结果数量: 261442
2024-11-18 17:55:11,446 INFO 转换为DataFrame成功，形状: (261442, 6)
2024-11-18 17:55:11,446 INFO 完成栅格文件处理: night2022.tif
2024-11-18 17:55:13,697 INFO 开始处理栅格文件: pre20223.tif
2024-11-18 17:55:13,714 INFO 栅格文件打开成功: F:\tif_features\county_feature\gl\pre20223.tif
2024-11-18 17:55:13,714 INFO 栅格形状: (11641, 11710), 数据类型: float32
2024-11-18 17:56:17,939 INFO zonal_stats 计算完成，结果数量: 261442
2024-11-18 17:56:18,159 INFO 转换为DataFrame成功，形状: (261442, 6)
2024-11-18 17:56:18,159 INFO 完成栅格文件处理: pca2.tif
2024-11-18 17:56:20,489 INFO 开始处理栅格文件: pre20224.tif
2024-11-18 17:56:20,489 INFO 栅格文件打开成功: F:\tif_features\county_feature\gl\pre20224.tif
2024-11-18 17:56:20,489 INFO 栅格形状: (11641, 11710), 数据类型: float32
2024-11-18 17:56:23,773 INFO zonal_stats 计算完成，结果数量: 261442
2024-11-18 17:56:23,976 INFO 转换为DataFrame成功，形状: (261442, 6)
2024-11-18 17:56:23,976 INFO 完成栅格文件处理: pca1.tif
2024-11-18 17:56:26,134 INFO 开始处理栅格文件: pre20225.tif
2024-11-18 17:56:26,134 INFO 栅格文件打开成功: F:\tif_features\county_feature\gl\pre20225.tif
2024-11-18 17:56:26,134 INFO 栅格形状: (11641, 11710), 数据类型: float32
2024-11-18 17:56:28,370 INFO zonal_stats 计算完成，结果数量: 261442
2024-11-18 17:56:28,651 INFO 转换为DataFrame成功，形状: (261442, 6)
2024-11-18 17:56:28,651 INFO 完成栅格文件处理: pre2022.tif
2024-11-18 17:56:30,652 INFO 开始处理栅格文件: pre20226.tif
2024-11-18 17:56:30,652 INFO 栅格文件打开成功: F:\tif_features\county_feature\gl\pre20226.tif
2024-11-18 17:56:30,652 INFO 栅格形状: (11641, 11710), 数据类型: float32
2024-11-18 17:56:34,592 INFO zonal_stats 计算完成，结果数量: 261442
2024-11-18 17:56:34,827 INFO 转换为DataFrame成功，形状: (261442, 6)
2024-11-18 17:56:34,827 INFO 完成栅格文件处理: pre20221.tif
2024-11-18 17:56:36,952 INFO 开始处理栅格文件: pre20227.tif
2024-11-18 17:56:36,952 INFO 栅格文件打开成功: F:\tif_features\county_feature\gl\pre20227.tif
2024-11-18 17:56:36,952 INFO 栅格形状: (11641, 11710), 数据类型: float32
2024-11-18 17:56:52,953 INFO zonal_stats 计算完成，结果数量: 261442
2024-11-18 17:56:53,156 INFO 转换为DataFrame成功，形状: (261442, 6)
2024-11-18 17:56:53,156 INFO 完成栅格文件处理: pre202212.tif
2024-11-18 17:56:53,546 INFO zonal_stats 计算完成，结果数量: 261442
2024-11-18 17:56:53,922 INFO 转换为DataFrame成功，形状: (261442, 6)
2024-11-18 17:56:53,922 INFO 完成栅格文件处理: pre202211.tif
2024-11-18 17:56:55,031 INFO 开始处理栅格文件: pre20228.tif
2024-11-18 17:56:55,031 INFO 栅格文件打开成功: F:\tif_features\county_feature\gl\pre20228.tif
2024-11-18 17:56:55,031 INFO 栅格形状: (11641, 11710), 数据类型: float32
2024-11-18 17:56:57,485 INFO zonal_stats 计算完成，结果数量: 261442
2024-11-18 17:56:57,860 INFO 转换为DataFrame成功，形状: (261442, 6)
2024-11-18 17:56:57,860 INFO 完成栅格文件处理: pre202210.tif
2024-11-18 17:56:58,844 INFO zonal_stats 计算完成，结果数量: 261442
2024-11-18 17:56:59,158 INFO 转换为DataFrame成功，形状: (261442, 6)
2024-11-18 17:56:59,158 INFO 完成栅格文件处理: pre20222.tif
2024-11-18 17:56:59,815 INFO 开始处理栅格文件: pre20229.tif
2024-11-18 17:56:59,815 INFO 栅格文件打开成功: F:\tif_features\county_feature\gl\pre20229.tif
2024-11-18 17:56:59,815 INFO 栅格形状: (11641, 11710), 数据类型: float32
2024-11-18 17:57:03,488 INFO 开始处理栅格文件: pre2022mean.tif
2024-11-18 17:57:03,488 INFO 栅格文件打开成功: F:\tif_features\county_feature\gl\pre2022mean.tif
2024-11-18 17:57:03,488 INFO 栅格形状: (11641, 11710), 数据类型: float32
2024-11-18 17:57:06,754 INFO 开始处理栅格文件: profilecurvature.tif
2024-11-18 17:57:06,769 INFO 栅格文件打开成功: F:\tif_features\county_feature\gl\profilecurvature.tif
2024-11-18 17:57:06,769 INFO 栅格形状: (11641, 11710), 数据类型: float32
2024-11-18 17:57:18,506 INFO zonal_stats 计算完成，结果数量: 261442
2024-11-18 17:57:18,834 INFO 转换为DataFrame成功，形状: (261442, 6)
2024-11-18 17:57:18,834 INFO 完成栅格文件处理: plancurvature.tif
2024-11-18 17:57:20,851 INFO 开始处理栅格文件: relativeslopeposition.tif
2024-11-18 17:57:20,851 INFO 栅格文件打开成功: F:\tif_features\county_feature\gl\relativeslopeposition.tif
2024-11-18 17:57:20,851 INFO 栅格形状: (11641, 11710), 数据类型: float32
2024-11-18 18:00:15,647 INFO zonal_stats 计算完成，结果数量: 261442
2024-11-18 18:00:15,835 INFO 转换为DataFrame成功，形状: (261442, 6)
2024-11-18 18:00:15,835 INFO 完成栅格文件处理: pre20223.tif
2024-11-18 18:00:18,345 INFO 开始处理栅格文件: savi.tif
2024-11-18 18:00:18,345 INFO 栅格文件打开成功: F:\tif_features\county_feature\gl\savi.tif
2024-11-18 18:00:18,345 INFO 栅格形状: (11641, 11710), 数据类型: float32
2024-11-18 18:01:24,190 INFO zonal_stats 计算完成，结果数量: 261442
2024-11-18 18:01:24,394 INFO 转换为DataFrame成功，形状: (261442, 6)
2024-11-18 18:01:24,394 INFO 完成栅格文件处理: pre20224.tif
2024-11-18 18:01:26,584 INFO 开始处理栅格文件: secondmoment.tif
2024-11-18 18:01:26,584 INFO 栅格文件打开成功: F:\tif_features\county_feature\gl\secondmoment.tif
2024-11-18 18:01:26,584 INFO 栅格形状: (11641, 11710), 数据类型: float32
2024-11-18 18:01:29,164 INFO zonal_stats 计算完成，结果数量: 261442
2024-11-18 18:01:29,493 INFO 转换为DataFrame成功，形状: (261442, 6)
2024-11-18 18:01:29,493 INFO 完成栅格文件处理: pre20225.tif
2024-11-18 18:01:32,010 INFO 开始处理栅格文件: slope.tif
2024-11-18 18:01:32,010 INFO 栅格文件打开成功: F:\tif_features\county_feature\gl\slope.tif
2024-11-18 18:01:32,010 INFO 栅格形状: (11641, 11710), 数据类型: float32
2024-11-18 18:01:34,340 INFO zonal_stats 计算完成，结果数量: 261442
2024-11-18 18:01:34,715 INFO 转换为DataFrame成功，形状: (261442, 6)
2024-11-18 18:01:34,715 INFO 完成栅格文件处理: pre20226.tif
2024-11-18 18:01:36,982 INFO 开始处理栅格文件: tmp2022.tif
2024-11-18 18:01:36,982 INFO 栅格文件打开成功: F:\tif_features\county_feature\gl\tmp2022.tif
2024-11-18 18:01:36,982 INFO 栅格形状: (11641, 11710), 数据类型: float32
2024-11-18 18:01:41,049 INFO zonal_stats 计算完成，结果数量: 261442
2024-11-18 18:01:41,221 INFO 转换为DataFrame成功，形状: (261442, 6)
2024-11-18 18:01:41,221 INFO 完成栅格文件处理: pre20227.tif
2024-11-18 18:01:43,442 INFO 开始处理栅格文件: tmp20221.tif
2024-11-18 18:01:43,442 INFO 栅格文件打开成功: F:\tif_features\county_feature\gl\tmp20221.tif
2024-11-18 18:01:43,442 INFO 栅格形状: (11641, 11710), 数据类型: float32
2024-11-18 18:02:00,524 INFO zonal_stats 计算完成，结果数量: 261442
2024-11-18 18:02:00,915 INFO 转换为DataFrame成功，形状: (261442, 6)
2024-11-18 18:02:00,915 INFO 完成栅格文件处理: pre20228.tif
2024-11-18 18:02:03,415 INFO 开始处理栅格文件: tmp202210.tif
2024-11-18 18:02:03,430 INFO 栅格文件打开成功: F:\tif_features\county_feature\gl\tmp202210.tif
2024-11-18 18:02:03,430 INFO 栅格形状: (11641, 11710), 数据类型: float32
2024-11-18 18:02:05,385 INFO zonal_stats 计算完成，结果数量: 261442
2024-11-18 18:02:05,807 INFO 转换为DataFrame成功，形状: (261442, 6)
2024-11-18 18:02:05,823 INFO 完成栅格文件处理: pre20229.tif
2024-11-18 18:02:08,026 INFO 开始处理栅格文件: tmp202211.tif
2024-11-18 18:02:08,026 INFO 栅格文件打开成功: F:\tif_features\county_feature\gl\tmp202211.tif
2024-11-18 18:02:08,026 INFO 栅格形状: (11641, 11710), 数据类型: float32
2024-11-18 18:02:10,792 INFO zonal_stats 计算完成，结果数量: 261442
2024-11-18 18:02:11,074 INFO 转换为DataFrame成功，形状: (261442, 6)
2024-11-18 18:02:11,074 INFO 完成栅格文件处理: pre2022mean.tif
2024-11-18 18:02:13,325 INFO 开始处理栅格文件: tmp202212.tif
2024-11-18 18:02:13,341 INFO 栅格文件打开成功: F:\tif_features\county_feature\gl\tmp202212.tif
2024-11-18 18:02:13,341 INFO 栅格形状: (11641, 11710), 数据类型: float32
2024-11-18 18:03:09,329 INFO zonal_stats 计算完成，结果数量: 261442
2024-11-18 18:03:09,548 INFO 转换为DataFrame成功，形状: (261442, 6)
2024-11-18 18:03:09,548 INFO 完成栅格文件处理: profilecurvature.tif
2024-11-18 18:03:11,580 INFO 开始处理栅格文件: tmp20222.tif
2024-11-18 18:03:11,580 INFO 栅格文件打开成功: F:\tif_features\county_feature\gl\tmp20222.tif
2024-11-18 18:03:11,580 INFO 栅格形状: (11641, 11710), 数据类型: float32
2024-11-18 18:03:24,698 INFO zonal_stats 计算完成，结果数量: 261442
2024-11-18 18:03:24,932 INFO 转换为DataFrame成功，形状: (261442, 6)
2024-11-18 18:03:24,932 INFO 完成栅格文件处理: relativeslopeposition.tif
2024-11-18 18:03:27,215 INFO 开始处理栅格文件: tmp20223.tif
2024-11-18 18:03:27,231 INFO 栅格文件打开成功: F:\tif_features\county_feature\gl\tmp20223.tif
2024-11-18 18:03:27,231 INFO 栅格形状: (11641, 11710), 数据类型: float32
2024-11-18 18:05:49,676 INFO zonal_stats 计算完成，结果数量: 261442
2024-11-18 18:05:49,975 INFO 转换为DataFrame成功，形状: (261442, 6)
2024-11-18 18:05:49,975 INFO 完成栅格文件处理: savi.tif
2024-11-18 18:05:52,449 INFO 开始处理栅格文件: tmp20224.tif
2024-11-18 18:05:52,449 INFO 栅格文件打开成功: F:\tif_features\county_feature\gl\tmp20224.tif
2024-11-18 18:05:52,449 INFO 栅格形状: (11641, 11710), 数据类型: float32
2024-11-18 18:06:46,321 INFO zonal_stats 计算完成，结果数量: 261442
2024-11-18 18:06:46,774 INFO 转换为DataFrame成功，形状: (261442, 6)
2024-11-18 18:06:46,774 INFO 完成栅格文件处理: tmp2022.tif
2024-11-18 18:06:48,587 INFO 开始处理栅格文件: tmp20225.tif
2024-11-18 18:06:48,603 INFO 栅格文件打开成功: F:\tif_features\county_feature\gl\tmp20225.tif
2024-11-18 18:06:48,603 INFO 栅格形状: (11641, 11710), 数据类型: float32
2024-11-18 18:06:52,901 INFO zonal_stats 计算完成，结果数量: 261442
2024-11-18 18:06:53,292 INFO 转换为DataFrame成功，形状: (261442, 6)
2024-11-18 18:06:53,292 INFO 完成栅格文件处理: tmp20221.tif
2024-11-18 18:06:55,370 INFO 开始处理栅格文件: tmp20226.tif
2024-11-18 18:06:55,385 INFO 栅格文件打开成功: F:\tif_features\county_feature\gl\tmp20226.tif
2024-11-18 18:06:55,385 INFO 栅格形状: (11641, 11710), 数据类型: float32
2024-11-18 18:07:10,451 INFO zonal_stats 计算完成，结果数量: 261442
2024-11-18 18:07:10,904 INFO 转换为DataFrame成功，形状: (261442, 6)
2024-11-18 18:07:10,904 INFO 完成栅格文件处理: tmp202210.tif
2024-11-18 18:07:12,827 INFO 开始处理栅格文件: tmp20227.tif
2024-11-18 18:07:12,827 INFO 栅格文件打开成功: F:\tif_features\county_feature\gl\tmp20227.tif
2024-11-18 18:07:12,827 INFO 栅格形状: (11641, 11710), 数据类型: float32
2024-11-18 18:07:15,767 INFO zonal_stats 计算完成，结果数量: 261442
2024-11-18 18:07:16,237 INFO 转换为DataFrame成功，形状: (261442, 6)
2024-11-18 18:07:16,252 INFO 完成栅格文件处理: secondmoment.tif
2024-11-18 18:07:18,081 INFO zonal_stats 计算完成，结果数量: 261442
2024-11-18 18:07:18,284 INFO 转换为DataFrame成功，形状: (261442, 6)
2024-11-18 18:07:18,284 INFO 完成栅格文件处理: tmp202211.tif
2024-11-18 18:07:18,722 INFO 开始处理栅格文件: tmp20228.tif
2024-11-18 18:07:18,722 INFO 栅格文件打开成功: F:\tif_features\county_feature\gl\tmp20228.tif
2024-11-18 18:07:18,722 INFO 栅格形状: (11641, 11710), 数据类型: float32
2024-11-18 18:07:22,960 INFO 开始处理栅格文件: tmp20229.tif
2024-11-18 18:07:22,960 INFO 栅格文件打开成功: F:\tif_features\county_feature\gl\tmp20229.tif
2024-11-18 18:07:22,960 INFO 栅格形状: (11641, 11710), 数据类型: float32
2024-11-18 18:07:29,776 INFO zonal_stats 计算完成，结果数量: 261442
2024-11-18 18:07:30,104 INFO 转换为DataFrame成功，形状: (261442, 6)
2024-11-18 18:07:30,104 INFO 完成栅格文件处理: tmp202212.tif
2024-11-18 18:07:31,965 INFO 开始处理栅格文件: tmp2022mean.tif
2024-11-18 18:07:31,965 INFO 栅格文件打开成功: F:\tif_features\county_feature\gl\tmp2022mean.tif
2024-11-18 18:07:31,965 INFO 栅格形状: (11641, 11710), 数据类型: float32
2024-11-18 18:07:41,410 INFO zonal_stats 计算完成，结果数量: 261442
2024-11-18 18:07:41,598 INFO 转换为DataFrame成功，形状: (261442, 6)
2024-11-18 18:07:41,598 INFO 完成栅格文件处理: slope.tif
2024-11-18 18:07:43,428 INFO 开始处理栅格文件: topographicwetnessindex.tif
2024-11-18 18:07:43,444 INFO 栅格文件打开成功: F:\tif_features\county_feature\gl\topographicwetnessindex.tif
2024-11-18 18:07:43,444 INFO 栅格形状: (11641, 11710), 数据类型: float32
2024-11-18 18:08:18,658 INFO zonal_stats 计算完成，结果数量: 261442
2024-11-18 18:08:18,955 INFO 转换为DataFrame成功，形状: (261442, 6)
2024-11-18 18:08:18,955 INFO 完成栅格文件处理: tmp20222.tif
2024-11-18 18:08:20,955 INFO 开始处理栅格文件: totalcatchmentarea.tif
2024-11-18 18:08:20,955 INFO 栅格文件打开成功: F:\tif_features\county_feature\gl\totalcatchmentarea.tif
2024-11-18 18:08:20,955 INFO 栅格形状: (11641, 11710), 数据类型: float32
2024-11-18 18:08:32,978 INFO zonal_stats 计算完成，结果数量: 261442
2024-11-18 18:08:33,214 INFO 转换为DataFrame成功，形状: (261442, 6)
2024-11-18 18:08:33,229 INFO 完成栅格文件处理: tmp20223.tif
2024-11-18 18:08:35,183 INFO 开始处理栅格文件: valleydepth.tif
2024-11-18 18:08:35,183 INFO 栅格文件打开成功: F:\tif_features\county_feature\gl\valleydepth.tif
2024-11-18 18:08:35,183 INFO 栅格形状: (11641, 11710), 数据类型: float32
2024-11-18 18:11:01,783 INFO zonal_stats 计算完成，结果数量: 261442
2024-11-18 18:11:02,003 INFO 转换为DataFrame成功，形状: (261442, 6)
2024-11-18 18:11:02,003 INFO 完成栅格文件处理: tmp20224.tif
2024-11-18 18:11:04,129 INFO 开始处理栅格文件: vari.tif
2024-11-18 18:11:04,129 INFO 栅格文件打开成功: F:\tif_features\county_feature\gl\vari.tif
2024-11-18 18:11:04,144 INFO 栅格形状: (11641, 11710), 数据类型: float32
2024-11-18 18:11:57,370 INFO zonal_stats 计算完成，结果数量: 261442
2024-11-18 18:11:57,713 INFO 转换为DataFrame成功，形状: (261442, 6)
2024-11-18 18:11:57,713 INFO 完成栅格文件处理: tmp20225.tif
2024-11-18 18:11:59,651 INFO 开始处理栅格文件: variance.tif
2024-11-18 18:11:59,651 INFO 栅格文件打开成功: F:\tif_features\county_feature\gl\variance.tif
2024-11-18 18:11:59,651 INFO 栅格形状: (11641, 11710), 数据类型: float32
2024-11-18 18:12:01,449 INFO zonal_stats 计算完成，结果数量: 261442
2024-11-18 18:12:01,886 INFO 转换为DataFrame成功，形状: (261442, 6)
2024-11-18 18:12:01,886 INFO 完成栅格文件处理: tmp20226.tif
2024-11-18 18:12:11,908 INFO zonal_stats 计算完成，结果数量: 261442
2024-11-18 18:12:12,127 INFO 转换为DataFrame成功，形状: (261442, 6)
2024-11-18 18:12:12,127 INFO 完成栅格文件处理: tmp20227.tif
2024-11-18 18:12:23,397 INFO zonal_stats 计算完成，结果数量: 261442
2024-11-18 18:12:23,600 INFO 转换为DataFrame成功，形状: (261442, 6)
2024-11-18 18:12:23,600 INFO 完成栅格文件处理: tmp20228.tif
2024-11-18 18:12:27,554 INFO zonal_stats 计算完成，结果数量: 261442
2024-11-18 18:12:27,727 INFO 转换为DataFrame成功，形状: (261442, 6)
2024-11-18 18:12:27,727 INFO 完成栅格文件处理: tmp20229.tif
2024-11-18 18:12:40,947 INFO zonal_stats 计算完成，结果数量: 261442
2024-11-18 18:12:41,244 INFO 转换为DataFrame成功，形状: (261442, 6)
2024-11-18 18:12:41,244 INFO 完成栅格文件处理: tmp2022mean.tif
2024-11-18 18:13:34,870 INFO zonal_stats 计算完成，结果数量: 261442
2024-11-18 18:13:35,073 INFO 转换为DataFrame成功，形状: (261442, 6)
2024-11-18 18:13:35,073 INFO 完成栅格文件处理: topographicwetnessindex.tif
2024-11-18 18:14:08,253 INFO zonal_stats 计算完成，结果数量: 261442
2024-11-18 18:14:08,457 INFO 转换为DataFrame成功，形状: (261442, 6)
2024-11-18 18:14:08,457 INFO 完成栅格文件处理: totalcatchmentarea.tif
2024-11-18 18:14:20,260 INFO zonal_stats 计算完成，结果数量: 261442
2024-11-18 18:14:20,432 INFO 转换为DataFrame成功，形状: (261442, 6)
2024-11-18 18:14:20,432 INFO 完成栅格文件处理: valleydepth.tif
2024-11-18 18:15:55,953 INFO zonal_stats 计算完成，结果数量: 261442
2024-11-18 18:15:56,297 INFO 转换为DataFrame成功，形状: (261442, 6)
2024-11-18 18:15:56,297 INFO 完成栅格文件处理: vari.tif
2024-11-18 18:17:06,167 INFO zonal_stats 计算完成，结果数量: 261442
2024-11-18 18:17:06,433 INFO 转换为DataFrame成功，形状: (261442, 6)
2024-11-18 18:17:06,433 INFO 完成栅格文件处理: variance.tif
2024-11-18 18:17:07,199 INFO 合并所有结果
2024-11-18 18:17:08,326 INFO 添加中心点坐标和边界框信息
2024-11-18 18:17:10,002 INFO 保存数据到: F:\cache_data\zone_ana\gl\train_data\soil_type_predict.csv
2024-11-18 18:18:51,445 INFO 数据已保存为CSV格式
2024-11-18 18:18:51,445 INFO 处理完成，总耗时: 3024.97 秒
2024-11-19 09:12:16,492 INFO 找到 82 个栅格文件
2024-11-19 09:12:16,493 INFO 读取并预处理矢量数据: F:\cache_data\shp_file\gl\gl_predict_polygon.shp
2024-11-19 09:13:22,096 INFO 几何简化完成。面积变化: 0.00%
2024-11-19 09:13:22,097 INFO 使用 10 个工作进程进行并行处理
2024-11-19 09:13:25,879 INFO 开始处理栅格文件: analyticalhillshading.tif
2024-11-19 09:13:25,966 INFO 栅格文件打开成功: F:\tif_features\county_feature\gl\analyticalhillshading.tif
2024-11-19 09:13:25,966 INFO 栅格形状: (11641, 11710), 数据类型: float32
2024-11-19 09:13:28,539 INFO 开始处理栅格文件: aspect.tif
2024-11-19 09:13:28,559 INFO 栅格文件打开成功: F:\tif_features\county_feature\gl\aspect.tif
2024-11-19 09:13:28,560 INFO 栅格形状: (11641, 11710), 数据类型: float32
2024-11-19 09:13:31,224 INFO 开始处理栅格文件: channelnetworkbaselevel.tif
2024-11-19 09:13:31,245 INFO 栅格文件打开成功: F:\tif_features\county_feature\gl\channelnetworkbaselevel.tif
2024-11-19 09:13:31,246 INFO 栅格形状: (11641, 11710), 数据类型: float32
2024-11-19 09:13:34,042 INFO 开始处理栅格文件: channelnetworkdistance.tif
2024-11-19 09:13:34,065 INFO 栅格文件打开成功: F:\tif_features\county_feature\gl\channelnetworkdistance.tif
2024-11-19 09:13:34,066 INFO 栅格形状: (11641, 11710), 数据类型: float32
2024-11-19 09:13:36,940 INFO 开始处理栅格文件: contrast.tif
2024-11-19 09:13:36,963 INFO 栅格文件打开成功: F:\tif_features\county_feature\gl\contrast.tif
2024-11-19 09:13:36,964 INFO 栅格形状: (11641, 11710), 数据类型: float32
2024-11-19 09:13:39,993 INFO 开始处理栅格文件: convergenceindex.tif
2024-11-19 09:13:40,015 INFO 栅格文件打开成功: F:\tif_features\county_feature\gl\convergenceindex.tif
2024-11-19 09:13:40,015 INFO 栅格形状: (11641, 11710), 数据类型: float32
2024-11-19 09:13:43,100 INFO 开始处理栅格文件: correlation.tif
2024-11-19 09:13:43,130 INFO 栅格文件打开成功: F:\tif_features\county_feature\gl\correlation.tif
2024-11-19 09:13:43,131 INFO 栅格形状: (11641, 11710), 数据类型: float32
2024-11-19 09:13:46,387 INFO 开始处理栅格文件: dem.tif
2024-11-19 09:13:46,414 INFO 栅格文件打开成功: F:\tif_features\county_feature\gl\dem.tif
2024-11-19 09:13:46,414 INFO 栅格形状: (11641, 11710), 数据类型: float32
2024-11-19 09:13:49,992 INFO 开始处理栅格文件: dissimilarity.tif
2024-11-19 09:13:50,021 INFO 栅格文件打开成功: F:\tif_features\county_feature\gl\dissimilarity.tif
2024-11-19 09:13:50,022 INFO 栅格形状: (11641, 11710), 数据类型: float32
2024-11-19 09:13:53,389 INFO 开始处理栅格文件: dl.tif
2024-11-19 09:13:53,453 INFO 栅格文件打开成功: F:\tif_features\county_feature\gl\dl.tif
2024-11-19 09:13:53,453 INFO 栅格形状: (11641, 11710), 数据类型: float64
2024-11-19 09:18:34,266 INFO zonal_stats 计算完成，结果数量: 261442
2024-11-19 09:18:34,517 INFO 转换为DataFrame成功，形状: (261442, 6)
2024-11-19 09:18:34,517 INFO 完成栅格文件处理: dl.tif
2024-11-19 09:18:36,695 INFO 开始处理栅格文件: dz.tif
2024-11-19 09:18:36,726 INFO 栅格文件打开成功: F:\tif_features\county_feature\gl\dz.tif
2024-11-19 09:18:36,726 INFO 栅格形状: (11641, 11710), 数据类型: float64
2024-11-19 09:18:52,295 INFO zonal_stats 计算完成，结果数量: 261442
2024-11-19 09:18:52,571 INFO 转换为DataFrame成功，形状: (261442, 6)
2024-11-19 09:18:52,571 INFO 完成栅格文件处理: analyticalhillshading.tif
2024-11-19 09:18:54,644 INFO 开始处理栅格文件: entropy.tif
2024-11-19 09:18:54,664 INFO 栅格文件打开成功: F:\tif_features\county_feature\gl\entropy.tif
2024-11-19 09:18:54,664 INFO 栅格形状: (11641, 11710), 数据类型: float32
2024-11-19 09:18:55,199 INFO zonal_stats 计算完成，结果数量: 261442
2024-11-19 09:18:55,463 INFO 转换为DataFrame成功，形状: (261442, 6)
2024-11-19 09:18:55,479 INFO 完成栅格文件处理: contrast.tif
2024-11-19 09:18:57,329 INFO zonal_stats 计算完成，结果数量: 261442
2024-11-19 09:18:57,647 INFO 转换为DataFrame成功，形状: (261442, 6)
2024-11-19 09:18:57,647 INFO 完成栅格文件处理: aspect.tif
2024-11-19 09:18:57,881 INFO zonal_stats 计算完成，结果数量: 261442
2024-11-19 09:18:58,115 INFO 转换为DataFrame成功，形状: (261442, 6)
2024-11-19 09:18:58,115 INFO 完成栅格文件处理: channelnetworkbaselevel.tif
2024-11-19 09:18:58,690 INFO 开始处理栅格文件: etp2022.tif
2024-11-19 09:18:58,706 INFO 栅格文件打开成功: F:\tif_features\county_feature\gl\etp2022.tif
2024-11-19 09:18:58,706 INFO 栅格形状: (11641, 11710), 数据类型: float32
2024-11-19 09:19:01,050 INFO zonal_stats 计算完成，结果数量: 261442
2024-11-19 09:19:01,302 INFO 转换为DataFrame成功，形状: (261442, 6)
2024-11-19 09:19:01,302 INFO 完成栅格文件处理: channelnetworkdistance.tif
2024-11-19 09:19:02,223 INFO 开始处理栅格文件: etp20221.tif
2024-11-19 09:19:02,245 INFO 栅格文件打开成功: F:\tif_features\county_feature\gl\etp20221.tif
2024-11-19 09:19:02,245 INFO 栅格形状: (11641, 11710), 数据类型: float32
2024-11-19 09:19:05,410 INFO 开始处理栅格文件: etp202210.tif
2024-11-19 09:19:05,430 INFO 栅格文件打开成功: F:\tif_features\county_feature\gl\etp202210.tif
2024-11-19 09:19:05,430 INFO 栅格形状: (11641, 11710), 数据类型: float32
2024-11-19 09:19:09,153 INFO 开始处理栅格文件: etp202211.tif
2024-11-19 09:19:09,169 INFO 栅格文件打开成功: F:\tif_features\county_feature\gl\etp202211.tif
2024-11-19 09:19:09,169 INFO 栅格形状: (11641, 11710), 数据类型: float32
2024-11-19 09:19:11,121 INFO zonal_stats 计算完成，结果数量: 261442
2024-11-19 09:19:11,301 INFO 转换为DataFrame成功，形状: (261442, 6)
2024-11-19 09:19:11,303 INFO 完成栅格文件处理: correlation.tif
2024-11-19 09:19:12,206 INFO zonal_stats 计算完成，结果数量: 261442
2024-11-19 09:19:12,543 INFO 转换为DataFrame成功，形状: (261442, 6)
2024-11-19 09:19:12,543 INFO 完成栅格文件处理: dissimilarity.tif
2024-11-19 09:19:13,789 INFO 开始处理栅格文件: etp202212.tif
2024-11-19 09:19:13,812 INFO 栅格文件打开成功: F:\tif_features\county_feature\gl\etp202212.tif
2024-11-19 09:19:13,812 INFO 栅格形状: (11641, 11710), 数据类型: float32
2024-11-19 09:19:14,724 INFO zonal_stats 计算完成，结果数量: 261442
2024-11-19 09:19:15,115 INFO 转换为DataFrame成功，形状: (261442, 6)
2024-11-19 09:19:15,117 INFO 完成栅格文件处理: convergenceindex.tif
2024-11-19 09:19:17,555 INFO 开始处理栅格文件: etp20222.tif
2024-11-19 09:19:17,571 INFO 栅格文件打开成功: F:\tif_features\county_feature\gl\etp20222.tif
2024-11-19 09:19:17,571 INFO 栅格形状: (11641, 11710), 数据类型: float32
2024-11-19 09:19:21,406 INFO 开始处理栅格文件: etp20223.tif
2024-11-19 09:19:21,428 INFO 栅格文件打开成功: F:\tif_features\county_feature\gl\etp20223.tif
2024-11-19 09:19:21,428 INFO 栅格形状: (11641, 11710), 数据类型: float32
2024-11-19 09:19:22,125 INFO zonal_stats 计算完成，结果数量: 261442
2024-11-19 09:19:22,544 INFO 转换为DataFrame成功，形状: (261442, 6)
2024-11-19 09:19:22,544 INFO 完成栅格文件处理: dem.tif
2024-11-19 09:19:25,886 INFO 开始处理栅格文件: etp20224.tif
2024-11-19 09:19:25,910 INFO 栅格文件打开成功: F:\tif_features\county_feature\gl\etp20224.tif
2024-11-19 09:19:25,911 INFO 栅格形状: (11641, 11710), 数据类型: float32
2024-11-19 09:23:05,853 INFO zonal_stats 计算完成，结果数量: 261442
2024-11-19 09:23:06,131 INFO 转换为DataFrame成功，形状: (261442, 6)
2024-11-19 09:23:06,131 INFO 完成栅格文件处理: dz.tif
2024-11-19 09:23:08,796 INFO 开始处理栅格文件: etp20225.tif
2024-11-19 09:23:08,813 INFO 栅格文件打开成功: F:\tif_features\county_feature\gl\etp20225.tif
2024-11-19 09:23:08,814 INFO 栅格形状: (11641, 11710), 数据类型: float32
2024-11-19 09:23:30,864 INFO zonal_stats 计算完成，结果数量: 261442
2024-11-19 09:23:31,146 INFO 转换为DataFrame成功，形状: (261442, 6)
2024-11-19 09:23:31,146 INFO 完成栅格文件处理: etp2022.tif
2024-11-19 09:23:32,153 INFO zonal_stats 计算完成，结果数量: 261442
2024-11-19 09:23:32,427 INFO 转换为DataFrame成功，形状: (261442, 6)
2024-11-19 09:23:32,427 INFO 完成栅格文件处理: etp20221.tif
2024-11-19 09:23:33,336 INFO 开始处理栅格文件: etp20226.tif
2024-11-19 09:23:33,353 INFO 栅格文件打开成功: F:\tif_features\county_feature\gl\etp20226.tif
2024-11-19 09:23:33,353 INFO 栅格形状: (11641, 11710), 数据类型: float32
2024-11-19 09:23:33,593 INFO zonal_stats 计算完成，结果数量: 261442
2024-11-19 09:23:33,875 INFO 转换为DataFrame成功，形状: (261442, 6)
2024-11-19 09:23:33,875 INFO 完成栅格文件处理: etp202210.tif
2024-11-19 09:23:37,036 INFO 开始处理栅格文件: etp20227.tif
2024-11-19 09:23:37,054 INFO 栅格文件打开成功: F:\tif_features\county_feature\gl\etp20227.tif
2024-11-19 09:23:37,054 INFO 栅格形状: (11641, 11710), 数据类型: float32
2024-11-19 09:23:38,843 INFO zonal_stats 计算完成，结果数量: 261442
2024-11-19 09:23:39,127 INFO 转换为DataFrame成功，形状: (261442, 6)
2024-11-19 09:23:39,127 INFO 完成栅格文件处理: etp202211.tif
2024-11-19 09:23:40,940 INFO 开始处理栅格文件: etp20228.tif
2024-11-19 09:23:40,940 INFO 栅格文件打开成功: F:\tif_features\county_feature\gl\etp20228.tif
2024-11-19 09:23:40,940 INFO 栅格形状: (11641, 11710), 数据类型: float32
2024-11-19 09:23:44,214 INFO 开始处理栅格文件: etp20229.tif
2024-11-19 09:23:44,214 INFO 栅格文件打开成功: F:\tif_features\county_feature\gl\etp20229.tif
2024-11-19 09:23:44,214 INFO 栅格形状: (11641, 11710), 数据类型: float32
2024-11-19 09:23:46,785 INFO zonal_stats 计算完成，结果数量: 261442
2024-11-19 09:23:47,050 INFO 转换为DataFrame成功，形状: (261442, 6)
2024-11-19 09:23:47,051 INFO 完成栅格文件处理: etp202212.tif
2024-11-19 09:23:49,168 INFO 开始处理栅格文件: etp2022mean.tif
2024-11-19 09:23:49,168 INFO 栅格文件打开成功: F:\tif_features\county_feature\gl\etp2022mean.tif
2024-11-19 09:23:49,168 INFO 栅格形状: (11641, 11710), 数据类型: float32
2024-11-19 09:23:53,734 INFO zonal_stats 计算完成，结果数量: 261442
2024-11-19 09:23:54,156 INFO 转换为DataFrame成功，形状: (261442, 6)
2024-11-19 09:23:54,158 INFO 完成栅格文件处理: etp20222.tif
2024-11-19 09:23:55,140 INFO zonal_stats 计算完成，结果数量: 261442
2024-11-19 09:23:55,634 INFO 转换为DataFrame成功，形状: (261442, 6)
2024-11-19 09:23:55,636 INFO 完成栅格文件处理: etp20223.tif
2024-11-19 09:23:57,076 INFO 开始处理栅格文件: evi.tif
2024-11-19 09:23:57,093 INFO 栅格文件打开成功: F:\tif_features\county_feature\gl\evi.tif
2024-11-19 09:23:57,093 INFO 栅格形状: (11641, 11710), 数据类型: float32
2024-11-19 09:23:59,747 INFO zonal_stats 计算完成，结果数量: 261442
2024-11-19 09:24:00,186 INFO 转换为DataFrame成功，形状: (261442, 6)
2024-11-19 09:24:00,186 INFO 完成栅格文件处理: etp20224.tif
2024-11-19 09:24:01,702 INFO 开始处理栅格文件: gl_slope_101.tif
2024-11-19 09:24:01,766 INFO 栅格文件打开成功: F:\tif_features\county_feature\gl\gl_slope_101.tif
2024-11-19 09:24:01,767 INFO 栅格形状: (11641, 11710), 数据类型: uint8
2024-11-19 09:24:05,431 INFO 开始处理栅格文件: homogeneity.tif
2024-11-19 09:24:05,458 INFO 栅格文件打开成功: F:\tif_features\county_feature\gl\homogeneity.tif
2024-11-19 09:24:05,458 INFO 栅格形状: (11641, 11710), 数据类型: float32
2024-11-19 09:24:11,671 INFO zonal_stats 计算完成，结果数量: 261442
2024-11-19 09:24:11,918 INFO 转换为DataFrame成功，形状: (261442, 6)
2024-11-19 09:24:11,919 INFO 完成栅格文件处理: entropy.tif
2024-11-19 09:24:14,259 INFO 开始处理栅格文件: lat.tif
2024-11-19 09:24:14,275 INFO 栅格文件打开成功: F:\tif_features\county_feature\gl\lat.tif
2024-11-19 09:24:14,276 INFO 栅格形状: (11641, 11710), 数据类型: float32
2024-11-19 09:27:42,022 INFO zonal_stats 计算完成，结果数量: 261442
2024-11-19 09:27:42,236 INFO 转换为DataFrame成功，形状: (261442, 6)
2024-11-19 09:27:42,239 INFO 完成栅格文件处理: etp20225.tif
2024-11-19 09:27:44,774 INFO 开始处理栅格文件: lon.tif
2024-11-19 09:27:44,811 INFO 栅格文件打开成功: F:\tif_features\county_feature\gl\lon.tif
2024-11-19 09:27:44,811 INFO 栅格形状: (11641, 11710), 数据类型: float32
2024-11-19 09:28:02,387 INFO zonal_stats 计算完成，结果数量: 261442
2024-11-19 09:28:02,626 INFO 转换为DataFrame成功，形状: (261442, 6)
2024-11-19 09:28:02,626 INFO 完成栅格文件处理: etp20226.tif
2024-11-19 09:28:04,826 INFO 开始处理栅格文件: lsfactor.tif
2024-11-19 09:28:04,844 INFO 栅格文件打开成功: F:\tif_features\county_feature\gl\lsfactor.tif
2024-11-19 09:28:04,845 INFO 栅格形状: (11641, 11710), 数据类型: float32
2024-11-19 09:28:06,589 INFO zonal_stats 计算完成，结果数量: 261442
2024-11-19 09:28:06,858 INFO 转换为DataFrame成功，形状: (261442, 6)
2024-11-19 09:28:06,858 INFO 完成栅格文件处理: etp20227.tif
2024-11-19 09:28:09,114 INFO 开始处理栅格文件: lswi.tif
2024-11-19 09:28:09,131 INFO 栅格文件打开成功: F:\tif_features\county_feature\gl\lswi.tif
2024-11-19 09:28:09,131 INFO 栅格形状: (11641, 11710), 数据类型: float32
2024-11-19 09:28:09,943 INFO zonal_stats 计算完成，结果数量: 261442
2024-11-19 09:28:10,472 INFO 转换为DataFrame成功，形状: (261442, 6)
2024-11-19 09:28:10,475 INFO 完成栅格文件处理: etp20228.tif
2024-11-19 09:28:12,603 INFO zonal_stats 计算完成，结果数量: 261442
2024-11-19 09:28:12,816 INFO 转换为DataFrame成功，形状: (261442, 6)
2024-11-19 09:28:12,816 INFO 完成栅格文件处理: etp20229.tif
2024-11-19 09:28:13,246 INFO 开始处理栅格文件: mean.tif
2024-11-19 09:28:13,246 INFO 栅格文件打开成功: F:\tif_features\county_feature\gl\mean.tif
2024-11-19 09:28:13,246 INFO 栅格形状: (11641, 11710), 数据类型: float32
2024-11-19 09:28:16,131 INFO zonal_stats 计算完成，结果数量: 261442
2024-11-19 09:28:16,347 INFO 转换为DataFrame成功，形状: (261442, 6)
2024-11-19 09:28:16,348 INFO 完成栅格文件处理: etp2022mean.tif
2024-11-19 09:28:16,932 INFO 开始处理栅格文件: mndwi.tif
2024-11-19 09:28:16,954 INFO 栅格文件打开成功: F:\tif_features\county_feature\gl\mndwi.tif
2024-11-19 09:28:16,955 INFO 栅格形状: (11641, 11710), 数据类型: float32
2024-11-19 09:28:18,853 INFO zonal_stats 计算完成，结果数量: 261442
2024-11-19 09:28:19,079 INFO 转换为DataFrame成功，形状: (261442, 6)
2024-11-19 09:28:19,079 INFO 完成栅格文件处理: gl_slope_101.tif
2024-11-19 09:28:20,590 INFO 开始处理栅格文件: mrrtf.tif
2024-11-19 09:28:20,608 INFO 栅格文件打开成功: F:\tif_features\county_feature\gl\mrrtf.tif
2024-11-19 09:28:20,609 INFO 栅格形状: (11641, 11710), 数据类型: float32
2024-11-19 09:28:24,204 INFO 开始处理栅格文件: mrvbf.tif
2024-11-19 09:28:24,219 INFO 栅格文件打开成功: F:\tif_features\county_feature\gl\mrvbf.tif
2024-11-19 09:28:24,219 INFO 栅格形状: (11641, 11710), 数据类型: float32
2024-11-19 09:28:41,948 INFO zonal_stats 计算完成，结果数量: 261442
2024-11-19 09:28:42,229 INFO 转换为DataFrame成功，形状: (261442, 6)
2024-11-19 09:28:42,229 INFO 完成栅格文件处理: evi.tif
2024-11-19 09:28:44,228 INFO 开始处理栅格文件: ndmi.tif
2024-11-19 09:28:44,243 INFO 栅格文件打开成功: F:\tif_features\county_feature\gl\ndmi.tif
2024-11-19 09:28:44,243 INFO 栅格形状: (11641, 11710), 数据类型: float32
2024-11-19 09:28:46,463 INFO zonal_stats 计算完成，结果数量: 261442
2024-11-19 09:28:46,680 INFO 转换为DataFrame成功，形状: (261442, 6)
2024-11-19 09:28:46,680 INFO 完成栅格文件处理: lat.tif
2024-11-19 09:28:48,664 INFO 开始处理栅格文件: ndvi.tif
2024-11-19 09:28:48,684 INFO 栅格文件打开成功: F:\tif_features\county_feature\gl\ndvi.tif
2024-11-19 09:28:48,685 INFO 栅格形状: (11641, 11710), 数据类型: float32
2024-11-19 09:29:13,281 INFO zonal_stats 计算完成，结果数量: 261442
2024-11-19 09:29:13,565 INFO 转换为DataFrame成功，形状: (261442, 6)
2024-11-19 09:29:13,565 INFO 完成栅格文件处理: homogeneity.tif
2024-11-19 09:29:15,846 INFO 开始处理栅格文件: ndwi.tif
2024-11-19 09:29:15,863 INFO 栅格文件打开成功: F:\tif_features\county_feature\gl\ndwi.tif
2024-11-19 09:29:15,864 INFO 栅格形状: (11641, 11710), 数据类型: float32
2024-11-19 09:32:18,714 INFO zonal_stats 计算完成，结果数量: 261442
2024-11-19 09:32:18,976 INFO 转换为DataFrame成功，形状: (261442, 6)
2024-11-19 09:32:18,976 INFO 完成栅格文件处理: lon.tif
2024-11-19 09:32:21,445 INFO 开始处理栅格文件: night2022.tif
2024-11-19 09:32:21,467 INFO 栅格文件打开成功: F:\tif_features\county_feature\gl\night2022.tif
2024-11-19 09:32:21,468 INFO 栅格形状: (11641, 11710), 数据类型: float32
2024-11-19 09:32:54,407 INFO zonal_stats 计算完成，结果数量: 261442
2024-11-19 09:32:54,610 INFO 转换为DataFrame成功，形状: (261442, 6)
2024-11-19 09:32:54,610 INFO 完成栅格文件处理: lswi.tif
2024-11-19 09:32:56,622 INFO 开始处理栅格文件: pca1.tif
2024-11-19 09:32:56,641 INFO 栅格文件打开成功: F:\tif_features\county_feature\gl\pca1.tif
2024-11-19 09:32:56,641 INFO 栅格形状: (11641, 11710), 数据类型: float32
2024-11-19 09:32:57,897 INFO zonal_stats 计算完成，结果数量: 261442
2024-11-19 09:32:58,336 INFO 转换为DataFrame成功，形状: (261442, 6)
2024-11-19 09:32:58,336 INFO 完成栅格文件处理: mndwi.tif
2024-11-19 09:33:00,443 INFO 开始处理栅格文件: pca2.tif
2024-11-19 09:33:00,458 INFO 栅格文件打开成功: F:\tif_features\county_feature\gl\pca2.tif
2024-11-19 09:33:00,458 INFO 栅格形状: (11641, 11710), 数据类型: float32
2024-11-19 09:33:21,016 INFO zonal_stats 计算完成，结果数量: 261442
2024-11-19 09:33:21,366 INFO 转换为DataFrame成功，形状: (261442, 6)
2024-11-19 09:33:21,366 INFO 完成栅格文件处理: mean.tif
2024-11-19 09:33:22,196 INFO zonal_stats 计算完成，结果数量: 261442
2024-11-19 09:33:22,540 INFO 转换为DataFrame成功，形状: (261442, 6)
2024-11-19 09:33:22,541 INFO 完成栅格文件处理: lsfactor.tif
2024-11-19 09:33:22,726 INFO zonal_stats 计算完成，结果数量: 261442
2024-11-19 09:33:22,907 INFO 转换为DataFrame成功，形状: (261442, 6)
2024-11-19 09:33:22,907 INFO 完成栅格文件处理: ndmi.tif
2024-11-19 09:33:23,578 INFO 开始处理栅格文件: plancurvature.tif
2024-11-19 09:33:23,597 INFO 栅格文件打开成功: F:\tif_features\county_feature\gl\plancurvature.tif
2024-11-19 09:33:23,597 INFO 栅格形状: (11641, 11710), 数据类型: float32
2024-11-19 09:33:27,297 INFO 开始处理栅格文件: pre2022.tif
2024-11-19 09:33:27,312 INFO 栅格文件打开成功: F:\tif_features\county_feature\gl\pre2022.tif
2024-11-19 09:33:27,312 INFO 栅格形状: (11641, 11710), 数据类型: float32
2024-11-19 09:33:30,651 INFO 开始处理栅格文件: pre20221.tif
2024-11-19 09:33:30,674 INFO 栅格文件打开成功: F:\tif_features\county_feature\gl\pre20221.tif
2024-11-19 09:33:30,677 INFO 栅格形状: (11641, 11710), 数据类型: float32
2024-11-19 09:33:35,829 INFO zonal_stats 计算完成，结果数量: 261442
2024-11-19 09:33:36,062 INFO 转换为DataFrame成功，形状: (261442, 6)
2024-11-19 09:33:36,062 INFO 完成栅格文件处理: ndvi.tif
2024-11-19 09:33:38,493 INFO 开始处理栅格文件: pre202210.tif
2024-11-19 09:33:38,512 INFO 栅格文件打开成功: F:\tif_features\county_feature\gl\pre202210.tif
2024-11-19 09:33:38,513 INFO 栅格形状: (11641, 11710), 数据类型: float32
2024-11-19 09:33:39,023 INFO zonal_stats 计算完成，结果数量: 261442
2024-11-19 09:33:39,331 INFO 转换为DataFrame成功，形状: (261442, 6)
2024-11-19 09:33:39,331 INFO 完成栅格文件处理: mrrtf.tif
2024-11-19 09:33:40,678 INFO zonal_stats 计算完成，结果数量: 261442
2024-11-19 09:33:40,908 INFO 转换为DataFrame成功，形状: (261442, 6)
2024-11-19 09:33:40,908 INFO 完成栅格文件处理: mrvbf.tif
2024-11-19 09:33:42,418 INFO 开始处理栅格文件: pre202211.tif
2024-11-19 09:33:42,440 INFO 栅格文件打开成功: F:\tif_features\county_feature\gl\pre202211.tif
2024-11-19 09:33:42,441 INFO 栅格形状: (11641, 11710), 数据类型: float32
2024-11-19 09:33:45,923 INFO 开始处理栅格文件: pre202212.tif
2024-11-19 09:33:45,943 INFO 栅格文件打开成功: F:\tif_features\county_feature\gl\pre202212.tif
2024-11-19 09:33:45,943 INFO 栅格形状: (11641, 11710), 数据类型: float32
2024-11-19 09:34:01,395 INFO zonal_stats 计算完成，结果数量: 261442
2024-11-19 09:34:01,612 INFO 转换为DataFrame成功，形状: (261442, 6)
2024-11-19 09:34:01,614 INFO 完成栅格文件处理: ndwi.tif
2024-11-19 09:34:03,624 INFO 开始处理栅格文件: pre20222.tif
2024-11-19 09:34:03,644 INFO 栅格文件打开成功: F:\tif_features\county_feature\gl\pre20222.tif
2024-11-19 09:34:03,645 INFO 栅格形状: (11641, 11710), 数据类型: float32
2024-11-19 09:36:45,346 INFO zonal_stats 计算完成，结果数量: 261442
2024-11-19 09:36:45,540 INFO 转换为DataFrame成功，形状: (261442, 6)
2024-11-19 09:36:45,541 INFO 完成栅格文件处理: night2022.tif
2024-11-19 09:36:47,568 INFO 开始处理栅格文件: pre20223.tif
2024-11-19 09:36:47,584 INFO 栅格文件打开成功: F:\tif_features\county_feature\gl\pre20223.tif
2024-11-19 09:36:47,584 INFO 栅格形状: (11641, 11710), 数据类型: float32
2024-11-19 09:37:36,796 INFO zonal_stats 计算完成，结果数量: 261442
2024-11-19 09:37:37,085 INFO 转换为DataFrame成功，形状: (261442, 6)
2024-11-19 09:37:37,085 INFO 完成栅格文件处理: pca1.tif
2024-11-19 09:37:39,191 INFO 开始处理栅格文件: pre20224.tif
2024-11-19 09:37:39,206 INFO 栅格文件打开成功: F:\tif_features\county_feature\gl\pre20224.tif
2024-11-19 09:37:39,206 INFO 栅格形状: (11641, 11710), 数据类型: float32
2024-11-19 09:37:39,678 INFO zonal_stats 计算完成，结果数量: 261442
2024-11-19 09:37:39,916 INFO 转换为DataFrame成功，形状: (261442, 6)
2024-11-19 09:37:39,916 INFO 完成栅格文件处理: pca2.tif
2024-11-19 09:37:42,707 INFO 开始处理栅格文件: pre20225.tif
2024-11-19 09:37:42,728 INFO 栅格文件打开成功: F:\tif_features\county_feature\gl\pre20225.tif
2024-11-19 09:37:42,728 INFO 栅格形状: (11641, 11710), 数据类型: float32
2024-11-19 09:37:49,777 INFO zonal_stats 计算完成，结果数量: 261442
2024-11-19 09:37:50,025 INFO 转换为DataFrame成功，形状: (261442, 6)
2024-11-19 09:37:50,029 INFO 完成栅格文件处理: pre2022.tif
2024-11-19 09:37:52,100 INFO 开始处理栅格文件: pre20226.tif
2024-11-19 09:37:52,100 INFO 栅格文件打开成功: F:\tif_features\county_feature\gl\pre20226.tif
2024-11-19 09:37:52,100 INFO 栅格形状: (11641, 11710), 数据类型: float32
2024-11-19 09:37:53,138 INFO zonal_stats 计算完成，结果数量: 261442
2024-11-19 09:37:53,553 INFO 转换为DataFrame成功，形状: (261442, 6)
2024-11-19 09:37:53,553 INFO 完成栅格文件处理: pre20221.tif
2024-11-19 09:37:55,870 INFO 开始处理栅格文件: pre20227.tif
2024-11-19 09:37:55,882 INFO 栅格文件打开成功: F:\tif_features\county_feature\gl\pre20227.tif
2024-11-19 09:37:55,882 INFO 栅格形状: (11641, 11710), 数据类型: float32
2024-11-19 09:38:01,527 INFO zonal_stats 计算完成，结果数量: 261442
2024-11-19 09:38:01,708 INFO 转换为DataFrame成功，形状: (261442, 6)
2024-11-19 09:38:01,710 INFO 完成栅格文件处理: pre202210.tif
2024-11-19 09:38:03,685 INFO 开始处理栅格文件: pre20228.tif
2024-11-19 09:38:03,703 INFO 栅格文件打开成功: F:\tif_features\county_feature\gl\pre20228.tif
2024-11-19 09:38:03,704 INFO 栅格形状: (11641, 11710), 数据类型: float32
2024-11-19 09:38:05,749 INFO zonal_stats 计算完成，结果数量: 261442
2024-11-19 09:38:05,937 INFO 转换为DataFrame成功，形状: (261442, 6)
2024-11-19 09:38:05,937 INFO 完成栅格文件处理: pre202211.tif
2024-11-19 09:38:08,010 INFO 开始处理栅格文件: pre20229.tif
2024-11-19 09:38:08,033 INFO 栅格文件打开成功: F:\tif_features\county_feature\gl\pre20229.tif
2024-11-19 09:38:08,033 INFO 栅格形状: (11641, 11710), 数据类型: float32
2024-11-19 09:38:09,140 INFO zonal_stats 计算完成，结果数量: 261442
2024-11-19 09:38:09,462 INFO 转换为DataFrame成功，形状: (261442, 6)
2024-11-19 09:38:09,462 INFO 完成栅格文件处理: pre202212.tif
2024-11-19 09:38:11,864 INFO 开始处理栅格文件: pre2022mean.tif
2024-11-19 09:38:11,879 INFO 栅格文件打开成功: F:\tif_features\county_feature\gl\pre2022mean.tif
2024-11-19 09:38:11,879 INFO 栅格形状: (11641, 11710), 数据类型: float32
2024-11-19 09:38:25,603 INFO zonal_stats 计算完成，结果数量: 261442
2024-11-19 09:38:25,858 INFO 转换为DataFrame成功，形状: (261442, 6)
2024-11-19 09:38:25,858 INFO 完成栅格文件处理: pre20222.tif
2024-11-19 09:38:27,906 INFO 开始处理栅格文件: profilecurvature.tif
2024-11-19 09:38:27,923 INFO 栅格文件打开成功: F:\tif_features\county_feature\gl\profilecurvature.tif
2024-11-19 09:38:27,924 INFO 栅格形状: (11641, 11710), 数据类型: float32
2024-11-19 09:38:39,270 INFO zonal_stats 计算完成，结果数量: 261442
2024-11-19 09:38:39,474 INFO 转换为DataFrame成功，形状: (261442, 6)
2024-11-19 09:38:39,474 INFO 完成栅格文件处理: plancurvature.tif
2024-11-19 09:38:41,521 INFO 开始处理栅格文件: relativeslopeposition.tif
2024-11-19 09:38:41,548 INFO 栅格文件打开成功: F:\tif_features\county_feature\gl\relativeslopeposition.tif
2024-11-19 09:38:41,548 INFO 栅格形状: (11641, 11710), 数据类型: float32
2024-11-19 09:41:09,415 INFO zonal_stats 计算完成，结果数量: 261442
2024-11-19 09:41:09,621 INFO 转换为DataFrame成功，形状: (261442, 6)
2024-11-19 09:41:09,621 INFO 完成栅格文件处理: pre20223.tif
2024-11-19 09:41:11,623 INFO 开始处理栅格文件: savi.tif
2024-11-19 09:41:11,639 INFO 栅格文件打开成功: F:\tif_features\county_feature\gl\savi.tif
2024-11-19 09:41:11,640 INFO 栅格形状: (11641, 11710), 数据类型: float32
2024-11-19 09:42:04,906 INFO zonal_stats 计算完成，结果数量: 261442
2024-11-19 09:42:05,120 INFO 转换为DataFrame成功，形状: (261442, 6)
2024-11-19 09:42:05,121 INFO 完成栅格文件处理: pre20225.tif
2024-11-19 09:42:05,631 INFO zonal_stats 计算完成，结果数量: 261442
2024-11-19 09:42:05,983 INFO 转换为DataFrame成功，形状: (261442, 6)
2024-11-19 09:42:05,983 INFO 完成栅格文件处理: pre20224.tif
2024-11-19 09:42:07,004 INFO 开始处理栅格文件: secondmoment.tif
2024-11-19 09:42:07,020 INFO 栅格文件打开成功: F:\tif_features\county_feature\gl\secondmoment.tif
2024-11-19 09:42:07,020 INFO 栅格形状: (11641, 11710), 数据类型: float32
2024-11-19 09:42:10,778 INFO 开始处理栅格文件: slope.tif
2024-11-19 09:42:10,796 INFO 栅格文件打开成功: F:\tif_features\county_feature\gl\slope.tif
2024-11-19 09:42:10,796 INFO 栅格形状: (11641, 11710), 数据类型: float32
2024-11-19 09:42:15,612 INFO zonal_stats 计算完成，结果数量: 261442
2024-11-19 09:42:15,800 INFO 转换为DataFrame成功，形状: (261442, 6)
2024-11-19 09:42:15,800 INFO 完成栅格文件处理: pre20226.tif
2024-11-19 09:42:17,846 INFO 开始处理栅格文件: tmp2022.tif
2024-11-19 09:42:17,870 INFO 栅格文件打开成功: F:\tif_features\county_feature\gl\tmp2022.tif
2024-11-19 09:42:17,870 INFO 栅格形状: (11641, 11710), 数据类型: float32
2024-11-19 09:42:19,837 INFO zonal_stats 计算完成，结果数量: 261442
2024-11-19 09:42:20,094 INFO 转换为DataFrame成功，形状: (261442, 6)
2024-11-19 09:42:20,095 INFO 完成栅格文件处理: pre20227.tif
2024-11-19 09:42:21,915 INFO 开始处理栅格文件: tmp20221.tif
2024-11-19 09:42:21,931 INFO 栅格文件打开成功: F:\tif_features\county_feature\gl\tmp20221.tif
2024-11-19 09:42:21,931 INFO 栅格形状: (11641, 11710), 数据类型: float32
2024-11-19 09:42:28,195 INFO zonal_stats 计算完成，结果数量: 261442
2024-11-19 09:42:28,448 INFO 转换为DataFrame成功，形状: (261442, 6)
2024-11-19 09:42:28,448 INFO 完成栅格文件处理: pre20228.tif
2024-11-19 09:42:30,488 INFO 开始处理栅格文件: tmp202210.tif
2024-11-19 09:42:30,502 INFO 栅格文件打开成功: F:\tif_features\county_feature\gl\tmp202210.tif
2024-11-19 09:42:30,503 INFO 栅格形状: (11641, 11710), 数据类型: float32
2024-11-19 09:42:31,703 INFO zonal_stats 计算完成，结果数量: 261442
2024-11-19 09:42:32,086 INFO 转换为DataFrame成功，形状: (261442, 6)
2024-11-19 09:42:32,086 INFO 完成栅格文件处理: pre20229.tif
2024-11-19 09:42:34,419 INFO 开始处理栅格文件: tmp202211.tif
2024-11-19 09:42:34,419 INFO 栅格文件打开成功: F:\tif_features\county_feature\gl\tmp202211.tif
2024-11-19 09:42:34,419 INFO 栅格形状: (11641, 11710), 数据类型: float32
2024-11-19 09:42:35,025 INFO zonal_stats 计算完成，结果数量: 261442
2024-11-19 09:42:35,435 INFO 转换为DataFrame成功，形状: (261442, 6)
2024-11-19 09:42:35,436 INFO 完成栅格文件处理: pre2022mean.tif
2024-11-19 09:42:38,288 INFO 开始处理栅格文件: tmp202212.tif
2024-11-19 09:42:38,314 INFO 栅格文件打开成功: F:\tif_features\county_feature\gl\tmp202212.tif
2024-11-19 09:42:38,314 INFO 栅格形状: (11641, 11710), 数据类型: float32
2024-11-19 09:43:42,556 INFO zonal_stats 计算完成，结果数量: 261442
2024-11-19 09:43:42,809 INFO 转换为DataFrame成功，形状: (261442, 6)
2024-11-19 09:43:42,810 INFO 完成栅格文件处理: profilecurvature.tif
2024-11-19 09:43:44,972 INFO 开始处理栅格文件: tmp20222.tif
2024-11-19 09:43:44,990 INFO 栅格文件打开成功: F:\tif_features\county_feature\gl\tmp20222.tif
2024-11-19 09:43:44,991 INFO 栅格形状: (11641, 11710), 数据类型: float32
2024-11-19 09:43:57,769 INFO zonal_stats 计算完成，结果数量: 261442
2024-11-19 09:43:57,981 INFO 转换为DataFrame成功，形状: (261442, 6)
2024-11-19 09:43:57,982 INFO 完成栅格文件处理: relativeslopeposition.tif
2024-11-19 09:44:00,156 INFO 开始处理栅格文件: tmp20223.tif
2024-11-19 09:44:00,173 INFO 栅格文件打开成功: F:\tif_features\county_feature\gl\tmp20223.tif
2024-11-19 09:44:00,173 INFO 栅格形状: (11641, 11710), 数据类型: float32
2024-11-19 09:46:03,593 INFO zonal_stats 计算完成，结果数量: 261442
2024-11-19 09:46:04,000 INFO 转换为DataFrame成功，形状: (261442, 6)
2024-11-19 09:46:04,002 INFO 完成栅格文件处理: savi.tif
2024-11-19 09:46:06,098 INFO 开始处理栅格文件: tmp20224.tif
2024-11-19 09:46:06,113 INFO 栅格文件打开成功: F:\tif_features\county_feature\gl\tmp20224.tif
2024-11-19 09:46:06,113 INFO 栅格形状: (11641, 11710), 数据类型: float32
2024-11-19 09:46:54,105 INFO zonal_stats 计算完成，结果数量: 261442
2024-11-19 09:46:54,465 INFO 转换为DataFrame成功，形状: (261442, 6)
2024-11-19 09:46:54,465 INFO 完成栅格文件处理: tmp2022.tif
2024-11-19 09:46:56,470 INFO 开始处理栅格文件: tmp20225.tif
2024-11-19 09:46:56,485 INFO 栅格文件打开成功: F:\tif_features\county_feature\gl\tmp20225.tif
2024-11-19 09:46:56,485 INFO 栅格形状: (11641, 11710), 数据类型: float32
2024-11-19 09:47:06,686 INFO zonal_stats 计算完成，结果数量: 261442
2024-11-19 09:47:06,921 INFO 转换为DataFrame成功，形状: (261442, 6)
2024-11-19 09:47:06,921 INFO 完成栅格文件处理: tmp20221.tif
2024-11-19 09:47:08,113 INFO zonal_stats 计算完成，结果数量: 261442
2024-11-19 09:47:08,349 INFO 转换为DataFrame成功，形状: (261442, 6)
2024-11-19 09:47:08,349 INFO 完成栅格文件处理: tmp202210.tif
2024-11-19 09:47:09,241 INFO 开始处理栅格文件: tmp20226.tif
2024-11-19 09:47:09,257 INFO 栅格文件打开成功: F:\tif_features\county_feature\gl\tmp20226.tif
2024-11-19 09:47:09,257 INFO 栅格形状: (11641, 11710), 数据类型: float32
2024-11-19 09:47:13,250 INFO 开始处理栅格文件: tmp20227.tif
2024-11-19 09:47:13,266 INFO 栅格文件打开成功: F:\tif_features\county_feature\gl\tmp20227.tif
2024-11-19 09:47:13,266 INFO 栅格形状: (11641, 11710), 数据类型: float32
2024-11-19 09:47:17,045 INFO zonal_stats 计算完成，结果数量: 261442
2024-11-19 09:47:17,327 INFO 转换为DataFrame成功，形状: (261442, 6)
2024-11-19 09:47:17,327 INFO 完成栅格文件处理: tmp202211.tif
2024-11-19 09:47:19,011 INFO zonal_stats 计算完成，结果数量: 261442
2024-11-19 09:47:19,459 INFO 转换为DataFrame成功，形状: (261442, 6)
2024-11-19 09:47:19,459 INFO 完成栅格文件处理: tmp202212.tif
2024-11-19 09:47:19,632 INFO 开始处理栅格文件: tmp20228.tif
2024-11-19 09:47:19,664 INFO 栅格文件打开成功: F:\tif_features\county_feature\gl\tmp20228.tif
2024-11-19 09:47:19,664 INFO 栅格形状: (11641, 11710), 数据类型: float32
2024-11-19 09:47:23,304 INFO 开始处理栅格文件: tmp20229.tif
2024-11-19 09:47:23,318 INFO 栅格文件打开成功: F:\tif_features\county_feature\gl\tmp20229.tif
2024-11-19 09:47:23,318 INFO 栅格形状: (11641, 11710), 数据类型: float32
2024-11-19 09:47:30,261 INFO zonal_stats 计算完成，结果数量: 261442
2024-11-19 09:47:30,496 INFO 转换为DataFrame成功，形状: (261442, 6)
2024-11-19 09:47:30,496 INFO 完成栅格文件处理: secondmoment.tif
2024-11-19 09:47:32,626 INFO 开始处理栅格文件: tmp2022mean.tif
2024-11-19 09:47:32,642 INFO 栅格文件打开成功: F:\tif_features\county_feature\gl\tmp2022mean.tif
2024-11-19 09:47:32,642 INFO 栅格形状: (11641, 11710), 数据类型: float32
2024-11-19 09:47:47,169 INFO zonal_stats 计算完成，结果数量: 261442
2024-11-19 09:47:47,389 INFO 转换为DataFrame成功，形状: (261442, 6)
2024-11-19 09:47:47,404 INFO 完成栅格文件处理: slope.tif
2024-11-19 09:47:49,316 INFO 开始处理栅格文件: topographicwetnessindex.tif
2024-11-19 09:47:49,332 INFO 栅格文件打开成功: F:\tif_features\county_feature\gl\topographicwetnessindex.tif
2024-11-19 09:47:49,332 INFO 栅格形状: (11641, 11710), 数据类型: float32
2024-11-19 09:48:32,248 INFO zonal_stats 计算完成，结果数量: 261442
2024-11-19 09:48:32,592 INFO 转换为DataFrame成功，形状: (261442, 6)
2024-11-19 09:48:32,592 INFO 完成栅格文件处理: tmp20222.tif
2024-11-19 09:48:35,182 INFO 开始处理栅格文件: totalcatchmentarea.tif
2024-11-19 09:48:35,196 INFO 栅格文件打开成功: F:\tif_features\county_feature\gl\totalcatchmentarea.tif
2024-11-19 09:48:35,196 INFO 栅格形状: (11641, 11710), 数据类型: float32
2024-11-19 09:48:51,115 INFO zonal_stats 计算完成，结果数量: 261442
2024-11-19 09:48:51,507 INFO 转换为DataFrame成功，形状: (261442, 6)
2024-11-19 09:48:51,507 INFO 完成栅格文件处理: tmp20223.tif
2024-11-19 09:48:53,543 INFO 开始处理栅格文件: valleydepth.tif
2024-11-19 09:48:53,559 INFO 栅格文件打开成功: F:\tif_features\county_feature\gl\valleydepth.tif
2024-11-19 09:48:53,559 INFO 栅格形状: (11641, 11710), 数据类型: float32
2024-11-19 09:51:18,456 INFO zonal_stats 计算完成，结果数量: 261442
2024-11-19 09:51:18,723 INFO 转换为DataFrame成功，形状: (261442, 6)
2024-11-19 09:51:18,723 INFO 完成栅格文件处理: tmp20224.tif
2024-11-19 09:51:20,764 INFO 开始处理栅格文件: vari.tif
2024-11-19 09:51:20,780 INFO 栅格文件打开成功: F:\tif_features\county_feature\gl\vari.tif
2024-11-19 09:51:20,780 INFO 栅格形状: (11641, 11710), 数据类型: float32
2024-11-19 09:51:58,007 INFO zonal_stats 计算完成，结果数量: 261442
2024-11-19 09:51:58,430 INFO 转换为DataFrame成功，形状: (261442, 6)
2024-11-19 09:51:58,430 INFO 完成栅格文件处理: tmp20225.tif
2024-11-19 09:52:00,530 INFO 开始处理栅格文件: variance.tif
2024-11-19 09:52:00,546 INFO 栅格文件打开成功: F:\tif_features\county_feature\gl\variance.tif
2024-11-19 09:52:00,546 INFO 栅格形状: (11641, 11710), 数据类型: float32
2024-11-19 09:52:14,549 INFO zonal_stats 计算完成，结果数量: 261442
2024-11-19 09:52:14,549 INFO zonal_stats 计算完成，结果数量: 261442
2024-11-19 09:52:14,737 INFO 转换为DataFrame成功，形状: (261442, 6)
2024-11-19 09:52:14,737 INFO 完成栅格文件处理: tmp20226.tif
2024-11-19 09:52:14,940 INFO 转换为DataFrame成功，形状: (261442, 6)
2024-11-19 09:52:14,940 INFO 完成栅格文件处理: tmp20227.tif
2024-11-19 09:52:24,021 INFO zonal_stats 计算完成，结果数量: 261442
2024-11-19 09:52:24,257 INFO 转换为DataFrame成功，形状: (261442, 6)
2024-11-19 09:52:24,257 INFO 完成栅格文件处理: tmp20228.tif
2024-11-19 09:52:25,651 INFO zonal_stats 计算完成，结果数量: 261442
2024-11-19 09:52:25,948 INFO 转换为DataFrame成功，形状: (261442, 6)
2024-11-19 09:52:25,948 INFO 完成栅格文件处理: tmp20229.tif
2024-11-19 09:52:34,116 INFO zonal_stats 计算完成，结果数量: 261442
2024-11-19 09:52:34,319 INFO 转换为DataFrame成功，形状: (261442, 6)
2024-11-19 09:52:34,319 INFO 完成栅格文件处理: tmp2022mean.tif
2024-11-19 09:53:41,906 INFO zonal_stats 计算完成，结果数量: 261442
2024-11-19 09:53:42,078 INFO 转换为DataFrame成功，形状: (261442, 6)
2024-11-19 09:53:42,078 INFO 完成栅格文件处理: topographicwetnessindex.tif
2024-11-19 09:54:20,817 INFO zonal_stats 计算完成，结果数量: 261442
2024-11-19 09:54:21,068 INFO 转换为DataFrame成功，形状: (261442, 6)
2024-11-19 09:54:21,068 INFO 完成栅格文件处理: totalcatchmentarea.tif
2024-11-19 09:54:37,867 INFO zonal_stats 计算完成，结果数量: 261442
2024-11-19 09:54:38,088 INFO 转换为DataFrame成功，形状: (261442, 6)
2024-11-19 09:54:38,088 INFO 完成栅格文件处理: valleydepth.tif
2024-11-19 09:56:03,486 INFO zonal_stats 计算完成，结果数量: 261442
2024-11-19 09:56:03,720 INFO 转换为DataFrame成功，形状: (261442, 6)
2024-11-19 09:56:03,720 INFO 完成栅格文件处理: vari.tif
2024-11-19 09:57:02,125 INFO zonal_stats 计算完成，结果数量: 261442
2024-11-19 09:57:02,360 INFO 转换为DataFrame成功，形状: (261442, 6)
2024-11-19 09:57:02,360 INFO 完成栅格文件处理: variance.tif
2024-11-19 09:57:03,127 INFO 合并所有结果
2024-11-19 09:57:04,520 INFO 添加中心点坐标和边界框信息
2024-11-19 09:57:06,365 INFO 保存数据到: F:\cache_data\zone_ana\gl\train_data\soil_type_predict.csv
2024-11-19 09:58:50,256 INFO 数据已保存为CSV格式
2024-11-19 09:58:50,256 INFO 处理完成，总耗时: 2793.76 秒
