2024-11-01 17:17:36,281 - INFO - 开始处理: 2024-11-01 17:17:36.281405
2024-11-01 17:17:41,281 - INFO - 发现 15 个不同的DLMC类型
2024-11-01 17:17:41,281 - INFO - 
正在处理DLMC 1/15: 乔木林地 (6.7%)
2024-11-01 17:17:41,528 - INFO -   发现 1658 个小于 500 平方米的图斑
2024-11-18 09:31:44,560 - INFO - 开始处理: 2024-11-18 09:31:44.560114
2024-11-18 09:31:49,074 - INFO - 发现 8 个不同的DLMC类型
2024-11-18 09:31:49,074 - INFO - 
正在处理DLMC 1/8: 其他土地 (12.5%)
2024-11-18 09:31:49,241 - ERROR - 处理 其他土地 时出错: ERROR 160144: 未找到所需字段，或无法正确检索。
执行(SelectLayerByAttribute)失败。

2024-11-18 09:31:49,241 - INFO - 
正在处理DLMC 2/8: 旱地 (25.0%)
2024-11-18 09:31:49,306 - ERROR - 处理 旱地 时出错: ERROR 160144: 未找到所需字段，或无法正确检索。
执行(SelectLayerByAttribute)失败。

2024-11-18 09:31:49,307 - INFO - 
正在处理DLMC 3/8: 林地 (37.5%)
2024-11-18 09:31:49,357 - ERROR - 处理 林地 时出错: ERROR 160144: 未找到所需字段，或无法正确检索。
执行(SelectLayerByAttribute)失败。

2024-11-18 09:31:49,357 - INFO - 
正在处理DLMC 4/8: 水浇地 (50.0%)
2024-11-18 09:31:49,408 - ERROR - 处理 水浇地 时出错: ERROR 160144: 未找到所需字段，或无法正确检索。
执行(SelectLayerByAttribute)失败。

2024-11-18 09:31:49,408 - INFO - 
正在处理DLMC 5/8: 水田 (62.5%)
2024-11-18 09:31:49,474 - ERROR - 处理 水田 时出错: ERROR 160144: 未找到所需字段，或无法正确检索。
执行(SelectLayerByAttribute)失败。

2024-11-18 09:31:49,474 - INFO - 
正在处理DLMC 6/8: 湿地 (75.0%)
2024-11-18 09:31:49,535 - ERROR - 处理 湿地 时出错: ERROR 160144: 未找到所需字段，或无法正确检索。
执行(SelectLayerByAttribute)失败。

2024-11-18 09:31:49,535 - INFO - 
正在处理DLMC 7/8: 种植园用地 (87.5%)
2024-11-18 09:31:49,589 - ERROR - 处理 种植园用地 时出错: ERROR 160144: 未找到所需字段，或无法正确检索。
执行(SelectLayerByAttribute)失败。

2024-11-18 09:31:49,589 - INFO - 
正在处理DLMC 8/8: 草地 (100.0%)
2024-11-18 09:31:49,643 - ERROR - 处理 草地 时出错: ERROR 160144: 未找到所需字段，或无法正确检索。
执行(SelectLayerByAttribute)失败。

2024-11-18 09:31:58,346 - ERROR - 处理过程出错: ERROR 999999: 异常错误导致工具失败。 请联系 Esri 技术支持 (http://esriurl.com/support) 以报告漏洞，并参阅错误帮助以获取潜在解决方案或解决方法。
执行(CalculateStatistics)失败。

2024-11-18 09:31:58,347 - ERROR - 程序执行失败
2024-11-18 09:33:07,471 - INFO - 开始处理: 2024-11-18 09:33:07.471077
2024-11-18 09:33:11,204 - INFO - 发现 8 个不同的DLMC类型
2024-11-18 09:33:11,204 - INFO - 
正在处理DLMC 1/8: 其他土地 (12.5%)
2024-11-18 09:33:11,437 - INFO -   发现 2050 个小于 500 平方米的图斑
2024-11-18 09:34:37,986 - INFO -   已完成消除操作
2024-11-18 09:34:39,587 - INFO - 
正在处理DLMC 2/8: 旱地 (25.0%)
2024-11-18 09:34:39,789 - INFO -   发现 16599 个小于 500 平方米的图斑
2024-11-18 09:36:27,170 - INFO - 开始处理: 2024-11-18 09:36:27.170871
2024-11-18 09:36:31,001 - INFO - 发现 8 个不同的DLMC类型
2024-11-18 09:36:31,010 - INFO - 
正在处理DLMC 1/8: 其他土地 (12.5%)
2024-11-18 09:36:31,201 - INFO -   发现 331 个小于 50 平方米的图斑
2024-11-18 09:38:02,385 - INFO -   已完成消除操作
2024-11-18 09:38:02,487 - INFO - 
正在处理DLMC 2/8: 旱地 (25.0%)
2024-11-18 09:38:02,720 - INFO -   发现 2390 个小于 50 平方米的图斑
2024-11-18 09:39:47,434 - INFO -   已完成消除操作
2024-11-18 09:39:47,517 - INFO - 
正在处理DLMC 3/8: 林地 (37.5%)
2024-11-18 09:39:47,711 - INFO -   发现 1951 个小于 200 平方米的图斑
2024-11-18 09:41:47,930 - INFO -   已完成消除操作
2024-11-18 09:41:48,013 - INFO - 
正在处理DLMC 4/8: 水浇地 (50.0%)
2024-11-18 09:41:48,216 - INFO -   未发现需要处理的小图斑
2024-11-18 09:41:48,230 - INFO - 
正在处理DLMC 5/8: 水田 (62.5%)
2024-11-18 09:41:48,445 - INFO -   发现 619 个小于 50 平方米的图斑
2024-11-18 09:43:13,664 - INFO -   已完成消除操作
2024-11-18 09:43:13,740 - INFO - 
正在处理DLMC 6/8: 湿地 (75.0%)
2024-11-18 09:43:13,948 - INFO -   未发现需要处理的小图斑
2024-11-18 09:43:13,973 - INFO - 
正在处理DLMC 7/8: 种植园用地 (87.5%)
2024-11-18 09:43:14,166 - INFO -   发现 288 个小于 50 平方米的图斑
2024-11-18 09:44:44,369 - INFO -   已完成消除操作
2024-11-18 09:44:44,440 - INFO - 
正在处理DLMC 8/8: 草地 (100.0%)
2024-11-18 09:44:44,642 - INFO -   发现 8 个小于 500 平方米的图斑
2024-11-18 09:45:35,924 - INFO -   已完成消除操作
2024-11-18 09:45:40,148 - ERROR - 处理过程出错: 执行失败。参数无效。
ERROR 000732: 输入栅格数据集: 数据集 GL_RESULT 不存在或不受支持
执行(CalculateStatistics)失败。

2024-11-18 09:45:40,148 - ERROR - 程序执行失败
2024-11-18 10:02:45,357 - INFO - 开始处理: 2024-11-18 10:02:45.357469
2024-11-18 10:02:49,080 - INFO - 发现 8 个不同的DLMC类型
2024-11-18 10:02:49,080 - INFO - 
正在处理DLMC 1/8: 其他土地 (12.5%)
2024-11-18 10:02:49,311 - INFO -   发现 2 个小于 50 平方米的图斑
2024-11-18 10:04:13,178 - INFO -   已完成消除操作
2024-11-18 10:04:13,267 - INFO - 
正在处理DLMC 2/8: 旱地 (25.0%)
2024-11-18 10:04:13,550 - INFO -   发现 9 个小于 50 平方米的图斑
2024-11-18 10:05:23,096 - INFO -   已完成消除操作
2024-11-18 10:05:23,190 - INFO - 
正在处理DLMC 3/8: 林地 (37.5%)
2024-11-18 10:05:23,425 - INFO -   发现 28 个小于 200 平方米的图斑
2024-11-18 10:07:22,428 - INFO -   已完成消除操作
2024-11-18 10:07:22,543 - INFO - 
正在处理DLMC 4/8: 水浇地 (50.0%)
2024-11-18 10:07:22,839 - INFO -   未发现需要处理的小图斑
2024-11-18 10:07:22,875 - INFO - 
正在处理DLMC 5/8: 水田 (62.5%)
2024-11-18 10:07:23,191 - INFO -   发现 2 个小于 50 平方米的图斑
2024-11-18 10:07:44,223 - INFO -   已完成消除操作
2024-11-18 10:07:44,306 - INFO - 
正在处理DLMC 6/8: 湿地 (75.0%)
2024-11-18 10:07:44,542 - INFO -   未发现需要处理的小图斑
2024-11-18 10:07:44,562 - INFO - 
正在处理DLMC 7/8: 种植园用地 (87.5%)
2024-11-18 10:07:44,806 - INFO -   发现 1 个小于 50 平方米的图斑
2024-11-18 10:07:52,972 - INFO -   已完成消除操作
2024-11-18 10:07:53,056 - INFO - 
正在处理DLMC 8/8: 草地 (100.0%)
2024-11-18 10:07:53,276 - INFO -   发现 2 个小于 500 平方米的图斑
2024-11-18 10:08:41,618 - INFO -   已完成消除操作
2024-11-18 10:08:45,675 - INFO - 
处理完成:
2024-11-18 10:08:45,675 - INFO - 总共处理了 44 个小图斑
2024-11-18 10:08:45,676 - INFO - 最终结果保存在: D:\ArcGISProjects\workspace\sp2024\MyProject.gdb\GL_RESULT_1
2024-11-18 10:08:45,677 - INFO - 总处理时间: 0:06:00.318030
2024-11-18 10:08:45,678 - INFO - 程序成功完成
